Run main_ppo_eda
[QUBO dim=64 t=5] total runs: 3300
▶ Run 1/3300 | kernel=rbf (gamma=0.5) | adv=peragentrankweighted | M=1 | lambda=5 | lr=0.5 | alpha=0.04
Per-agent summary:
Agent 0: avg_best_score=-288.2400, theta_mean=-0.010230
   ↳ avg_score=-288.239990 | runtime=6.49s
▶ Run 2/3300 | kernel=rbf (gamma=1.0) | adv=peragentrankweighted | M=1 | lambda=5 | lr=0.5 | alpha=0.04
Per-agent summary:
Agent 0: avg_best_score=-289.8400, theta_mean=-0.041808
   ↳ avg_score=-289.839996 | runtime=6.14s
▶ Run 3/3300 | kernel=rbf (gamma=1.5) | adv=peragentrankweighted | M=1 | lambda=5 | lr=0.5 | alpha=0.04
Per-agent summary:
Agent 0: avg_best_score=-294.1400, theta_mean=-0.060345
   ↳ avg_score=-294.140015 | runtime=6.14s
▶ Run 4/3300 | kernel=rbf (gamma=2.0) | adv=peragentrankweighted | M=1 | lambda=5 | lr=0.5 | alpha=0.04
Per-agent summary:
Agent 0: avg_best_score=-295.4000, theta_mean=0.165431
   ↳ avg_score=-295.399994 | runtime=6.15s
▶ Run 5/3300 | kernel=rbf (gamma=3.0) | adv=peragentrankweighted | M=1 | lambda=5 | lr=0.5 | alpha=0.04
Per-agent summary:
Agent 0: avg_best_score=-294.8800, theta_mean=-0.104231
   ↳ avg_score=-294.880005 | runtime=6.15s
▶ Run 6/3300 | kernel=rbf (gamma=0.5) | adv=peragentrankweighted | M=1 | lambda=5 | lr=0.5 | alpha=0.05
Per-agent summary:
Agent 0: avg_best_score=-294.0400, theta_mean=-0.097184
   ↳ avg_score=-294.040009 | runtime=6.14s
▶ Run 7/3300 | kernel=rbf (gamma=1.0) | adv=peragentrankweighted | M=1 | lambda=5 | lr=0.5 | alpha=0.05
Per-agent summary:
Agent 0: avg_best_score=-292.2400, theta_mean=-0.053452
   ↳ avg_score=-292.239990 | runtime=6.20s
▶ Run 8/3300 | kernel=rbf (gamma=1.5) | adv=peragentrankweighted | M=1 | lambda=5 | lr=0.5 | alpha=0.05
Per-agent summary:
Agent 0: avg_best_score=-297.2200, theta_mean=-0.065877
   ↳ avg_score=-297.220001 | runtime=6.16s
▶ Run 9/3300 | kernel=rbf (gamma=2.0) | adv=peragentrankweighted | M=1 | lambda=5 | lr=0.5 | alpha=0.05
Per-agent summary:
Agent 0: avg_best_score=-291.0200, theta_mean=0.147590
   ↳ avg_score=-291.019989 | runtime=6.16s
▶ Run 10/3300 | kernel=rbf (gamma=3.0) | adv=peragentrankweighted | M=1 | lambda=5 | lr=0.5 | alpha=0.05
Per-agent summary:
Agent 0: avg_best_score=-291.7200, theta_mean=0.001369
   ↳ avg_score=-291.720001 | runtime=6.16s
▶ Run 11/3300 | kernel=rbf (gamma=0.5) | adv=peragentrankweighted | M=1 | lambda=5 | lr=0.5 | alpha=0.08
Per-agent summary:
Agent 0: avg_best_score=-293.6400, theta_mean=-0.055588
   ↳ avg_score=-293.640015 | runtime=6.16s
▶ Run 12/3300 | kernel=rbf (gamma=1.0) | adv=peragentrankweighted | M=1 | lambda=5 | lr=0.5 | alpha=0.08
Per-agent summary:
Agent 0: avg_best_score=-294.9800, theta_mean=-0.118683
   ↳ avg_score=-294.980011 | runtime=6.16s
▶ Run 13/3300 | kernel=rbf (gamma=1.5) | adv=peragentrankweighted | M=1 | lambda=5 | lr=0.5 | alpha=0.08
Per-agent summary:
Agent 0: avg_best_score=-296.8200, theta_mean=-0.068687
   ↳ avg_score=-296.820007 | runtime=6.16s
▶ Run 14/3300 | kernel=rbf (gamma=2.0) | adv=peragentrankweighted | M=1 | lambda=5 | lr=0.5 | alpha=0.08
Per-agent summary:
Agent 0: avg_best_score=-293.1400, theta_mean=0.082275
   ↳ avg_score=-293.140015 | runtime=6.17s
▶ Run 15/3300 | kernel=rbf (gamma=3.0) | adv=peragentrankweighted | M=1 | lambda=5 | lr=0.5 | alpha=0.08
Per-agent summary:
Agent 0: avg_best_score=-296.6200, theta_mean=0.101786
   ↳ avg_score=-296.619995 | runtime=6.16s
▶ Run 16/3300 | kernel=rbf (gamma=0.5) | adv=peragentrankweighted | M=1 | lambda=5 | lr=0.5 | alpha=0.1
Per-agent summary:
Agent 0: avg_best_score=-296.0800, theta_mean=0.150587
   ↳ avg_score=-296.079987 | runtime=6.16s
▶ Run 17/3300 | kernel=rbf (gamma=1.0) | adv=peragentrankweighted | M=1 | lambda=5 | lr=0.5 | alpha=0.1
Per-agent summary:
Agent 0: avg_best_score=-298.4200, theta_mean=-0.077539
   ↳ avg_score=-298.420013 | runtime=6.16s
▶ Run 18/3300 | kernel=rbf (gamma=1.5) | adv=peragentrankweighted | M=1 | lambda=5 | lr=0.5 | alpha=0.1
Per-agent summary:
Agent 0: avg_best_score=-294.9000, theta_mean=-0.132776
   ↳ avg_score=-294.899994 | runtime=6.21s
▶ Run 19/3300 | kernel=rbf (gamma=2.0) | adv=peragentrankweighted | M=1 | lambda=5 | lr=0.5 | alpha=0.1
Per-agent summary:
Agent 0: avg_best_score=-295.8600, theta_mean=0.151997
   ↳ avg_score=-295.859985 | runtime=6.16s
▶ Run 20/3300 | kernel=rbf (gamma=3.0) | adv=peragentrankweighted | M=1 | lambda=5 | lr=0.5 | alpha=0.1
Per-agent summary:
Agent 0: avg_best_score=-296.9400, theta_mean=-0.187276
   ↳ avg_score=-296.940002 | runtime=6.16s
▶ Run 21/3300 | kernel=rbf (gamma=0.5) | adv=peragentrankweighted | M=1 | lambda=5 | lr=0.5 | alpha=0.15
Per-agent summary:
Agent 0: avg_best_score=-297.4200, theta_mean=-0.008804
   ↳ avg_score=-297.420013 | runtime=6.16s
▶ Run 22/3300 | kernel=rbf (gamma=1.0) | adv=peragentrankweighted | M=1 | lambda=5 | lr=0.5 | alpha=0.15
Per-agent summary:
Agent 0: avg_best_score=-300.4200, theta_mean=-0.054930
   ↳ avg_score=-300.420013 | runtime=6.16s
▶ Run 23/3300 | kernel=rbf (gamma=1.5) | adv=peragentrankweighted | M=1 | lambda=5 | lr=0.5 | alpha=0.15
Per-agent summary:
Agent 0: avg_best_score=-300.2200, theta_mean=0.022776
   ↳ avg_score=-300.220001 | runtime=6.17s
▶ Run 24/3300 | kernel=rbf (gamma=2.0) | adv=peragentrankweighted | M=1 | lambda=5 | lr=0.5 | alpha=0.15
Per-agent summary:
Agent 0: avg_best_score=-298.9600, theta_mean=-0.068800
   ↳ avg_score=-298.959991 | runtime=6.16s
▶ Run 25/3300 | kernel=rbf (gamma=3.0) | adv=peragentrankweighted | M=1 | lambda=5 | lr=0.5 | alpha=0.15
Per-agent summary:
Agent 0: avg_best_score=-300.0000, theta_mean=0.029650
   ↳ avg_score=-300.000000 | runtime=6.16s
▶ Run 26/3300 | kernel=rbf (gamma=0.5) | adv=peragentrankweighted | M=1 | lambda=5 | lr=0.3 | alpha=0.04
Per-agent summary:
Agent 0: avg_best_score=-293.0200, theta_mean=-0.177906
   ↳ avg_score=-293.019989 | runtime=6.16s
▶ Run 27/3300 | kernel=rbf (gamma=1.0) | adv=peragentrankweighted | M=1 | lambda=5 | lr=0.3 | alpha=0.04
Per-agent summary:
Agent 0: avg_best_score=-292.5200, theta_mean=0.049691
   ↳ avg_score=-292.519989 | runtime=6.17s
▶ Run 28/3300 | kernel=rbf (gamma=1.5) | adv=peragentrankweighted | M=1 | lambda=5 | lr=0.3 | alpha=0.04
Per-agent summary:
Agent 0: avg_best_score=-294.1000, theta_mean=-0.272586
   ↳ avg_score=-294.100006 | runtime=6.22s
▶ Run 29/3300 | kernel=rbf (gamma=2.0) | adv=peragentrankweighted | M=1 | lambda=5 | lr=0.3 | alpha=0.04
Per-agent summary:
Agent 0: avg_best_score=-293.6400, theta_mean=-0.010733
   ↳ avg_score=-293.640015 | runtime=6.16s
▶ Run 30/3300 | kernel=rbf (gamma=3.0) | adv=peragentrankweighted | M=1 | lambda=5 | lr=0.3 | alpha=0.04
Per-agent summary:
Agent 0: avg_best_score=-290.2000, theta_mean=-0.092568
   ↳ avg_score=-290.200012 | runtime=6.17s
▶ Run 31/3300 | kernel=rbf (gamma=0.5) | adv=peragentrankweighted | M=1 | lambda=5 | lr=0.3 | alpha=0.05
Per-agent summary:
Agent 0: avg_best_score=-293.2000, theta_mean=-0.054975
   ↳ avg_score=-293.200012 | runtime=6.16s
▶ Run 32/3300 | kernel=rbf (gamma=1.0) | adv=peragentrankweighted | M=1 | lambda=5 | lr=0.3 | alpha=0.05
Per-agent summary:
Agent 0: avg_best_score=-294.9000, theta_mean=0.149540
   ↳ avg_score=-294.899994 | runtime=6.16s
▶ Run 33/3300 | kernel=rbf (gamma=1.5) | adv=peragentrankweighted | M=1 | lambda=5 | lr=0.3 | alpha=0.05
Per-agent summary:
Agent 0: avg_best_score=-294.8600, theta_mean=-0.007799
   ↳ avg_score=-294.859985 | runtime=6.18s
▶ Run 34/3300 | kernel=rbf (gamma=2.0) | adv=peragentrankweighted | M=1 | lambda=5 | lr=0.3 | alpha=0.05
[2026-01-05T16:47:24.004] error: *** STEP 9459195.0 ON gnode5 CANCELLED AT 2026-01-05T16:47:24 DUE TO TIME LIMIT ***
[2026-01-05T16:47:24.005] error: *** JOB 9459195 ON gnode5 CANCELLED AT 2026-01-05T16:47:24 DUE TO TIME LIMIT ***
srun: Job step aborted: Waiting up to 32 seconds for job step to finish.
srun: got SIGCONT
