Run main_ppo_eda
Traceback (most recent call last):
  File "/home/t.lan@univ-angers.fr/Supplementary-material/nautilus/../source_code/main_ppo_eda.py", line 1, in <module>
    import numpy as np
  File "/micromamba/t.lan@univ-angers.fr/envs/ppo_env/lib/python3.11/site-packages/numpy/__init__.py", line 112, in <module>
    from numpy.__config__ import show_config
  File "/micromamba/t.lan@univ-angers.fr/envs/ppo_env/lib/python3.11/site-packages/numpy/__config__.py", line 4, in <module>
    from numpy._core._multiarray_umath import (
  File "/micromamba/t.lan@univ-angers.fr/envs/ppo_env/lib/python3.11/site-packages/numpy/_core/__init__.py", line 74, in <module>
    from . import (
  File "/micromamba/t.lan@univ-angers.fr/envs/ppo_env/lib/python3.11/site-packages/numpy/_core/_machar.py", line 11, in <module>
    from .fromnumeric import any
  File "/micromamba/t.lan@univ-angers.fr/envs/ppo_env/lib/python3.11/site-packages/numpy/_core/fromnumeric.py", line 11, in <module>
    from . import _methods, overrides
  File "/micromamba/t.lan@univ-angers.fr/envs/ppo_env/lib/python3.11/site-packages/numpy/_core/_methods.py", line 7, in <module>
    import pickle
  File "/opt/software/glicid/compilateurs/python-3.13.4/lib/python3.13/pickle.py", line 34, in <module>
    import re
  File "/opt/software/glicid/compilateurs/python-3.13.4/lib/python3.13/re/__init__.py", line 126, in <module>
    from . import _compiler, _parser
  File "/opt/software/glicid/compilateurs/python-3.13.4/lib/python3.13/re/_compiler.py", line 18, in <module>
    assert _sre.MAGIC == MAGIC, "SRE module mismatch"
           ^^^^^^^^^^^^^^^^^^^
AssertionError: SRE module mismatch
srun: error: gnode4: task 0: Exited with exit code 1
