Run main_ppo_eda
/var/spool/slurmd/job9270851/slurm_script: line 12: micromamba: command not found
[2025-11-26 17:19:11,187][HYDRA] Launching 1 jobs locally
[2025-11-26 17:19:11,187][HYDRA] 	#0 : visualization=False
Running with problem type: QUBO
Running with dim=128, type_instance=1
Using update method: PPO Number of agents: 3 with learning_rate: 0.008 delta_target: 0.0025 , K_steps: 20, learning_rate_svgd: 0.2, λ: 21
Error executing job with overrides: ['visualization=False']
Traceback (most recent call last):
  File "/home/t.lan@univ-angers.fr/Supplementary-material/nautilus/../source_code/main_ppo_eda.py", line 147, in main
    ).to(device)
      ~~^^^^^^^^
  File "/micromamba/t.lan@univ-angers.fr/envs/ppo_env/lib/python3.13/site-packages/torch/nn/modules/module.py", line 1371, in to
    return self._apply(convert)
           ~~~~~~~~~~~^^^^^^^^^
  File "/micromamba/t.lan@univ-angers.fr/envs/ppo_env/lib/python3.13/site-packages/torch/nn/modules/module.py", line 1022, in _apply
    self._buffers[key] = fn(buf)
                         ~~^^^^^
  File "/micromamba/t.lan@univ-angers.fr/envs/ppo_env/lib/python3.13/site-packages/torch/nn/modules/module.py", line 1357, in convert
    return t.to(
           ~~~~^
        device,
        ^^^^^^^
        dtype if t.is_floating_point() or t.is_complex() else None,
        ^^^^^^^^^^^^^^^^^^^^^^^^^^^^^^^^^^^^^^^^^^^^^^^^^^^^^^^^^^^
        non_blocking,
        ^^^^^^^^^^^^^
    )
    ^
  File "/micromamba/t.lan@univ-angers.fr/envs/ppo_env/lib/python3.13/site-packages/torch/cuda/__init__.py", line 403, in _lazy_init
    raise AssertionError("Torch not compiled with CUDA enabled")
AssertionError: Torch not compiled with CUDA enabled

Set the environment variable HYDRA_FULL_ERROR=1 for a complete stack trace.
srun: error: gnode5: task 0: Exited with exit code 1
