Job démarré sur gnode5 à Thu Jan 22 21:08:53 CET 2026
Run main_expe
[QUBO dim=256 t=0] total runs: 640
▶ Run 1/640 | problem=QUBO t=0 | kernel=hk (bandwith_kernel=n/a) | adv=peragentrankweighted | M=5 | lambda=7 | epsilon_svgd=0.007 | gamma=5e-05 | decay_start_ratio=0.3 | decay_min_factor=0 | no_interact=True
   ↳ avg_score=-458.279999 | runtime=2.10s
▶ Run 2/640 | problem=QUBO t=0 | kernel=hk (bandwith_kernel=n/a) | adv=peragentrankweighted | M=5 | lambda=7 | epsilon_svgd=0.007 | gamma=5e-05 | decay_start_ratio=0.3 | decay_min_factor=0.05 | no_interact=True
   ↳ avg_score=-451.239990 | runtime=1.82s
▶ Run 3/640 | problem=QUBO t=0 | kernel=hk (bandwith_kernel=n/a) | adv=peragentrankweighted | M=5 | lambda=7 | epsilon_svgd=0.007 | gamma=5e-05 | decay_start_ratio=0.3 | decay_min_factor=0.1 | no_interact=True
   ↳ avg_score=-443.540009 | runtime=1.82s
▶ Run 4/640 | problem=QUBO t=0 | kernel=hk (bandwith_kernel=n/a) | adv=peragentrankweighted | M=5 | lambda=7 | epsilon_svgd=0.007 | gamma=5e-05 | decay_start_ratio=0.3 | decay_min_factor=0.2 | no_interact=True
   ↳ avg_score=-452.279999 | runtime=1.82s
▶ Run 5/640 | problem=QUBO t=0 | kernel=hk (bandwith_kernel=n/a) | adv=peragentrankweighted | M=5 | lambda=7 | epsilon_svgd=0.007 | gamma=5e-05 | decay_start_ratio=0.4 | decay_min_factor=0 | no_interact=True
   ↳ avg_score=-457.480011 | runtime=1.82s
▶ Run 6/640 | problem=QUBO t=0 | kernel=hk (bandwith_kernel=n/a) | adv=peragentrankweighted | M=5 | lambda=7 | epsilon_svgd=0.007 | gamma=5e-05 | decay_start_ratio=0.4 | decay_min_factor=0.05 | no_interact=True
   ↳ avg_score=-452.299988 | runtime=1.82s
▶ Run 7/640 | problem=QUBO t=0 | kernel=hk (bandwith_kernel=n/a) | adv=peragentrankweighted | M=5 | lambda=7 | epsilon_svgd=0.007 | gamma=5e-05 | decay_start_ratio=0.4 | decay_min_factor=0.1 | no_interact=True
   ↳ avg_score=-457.480011 | runtime=1.82s
▶ Run 8/640 | problem=QUBO t=0 | kernel=hk (bandwith_kernel=n/a) | adv=peragentrankweighted | M=5 | lambda=7 | epsilon_svgd=0.007 | gamma=5e-05 | decay_start_ratio=0.4 | decay_min_factor=0.2 | no_interact=True
   ↳ avg_score=-456.140015 | runtime=1.82s
▶ Run 9/640 | problem=QUBO t=0 | kernel=hk (bandwith_kernel=n/a) | adv=peragentrankweighted | M=5 | lambda=7 | epsilon_svgd=0.007 | gamma=5e-05 | decay_start_ratio=0.5 | decay_min_factor=0 | no_interact=True
   ↳ avg_score=-456.299988 | runtime=1.82s
▶ Run 10/640 | problem=QUBO t=0 | kernel=hk (bandwith_kernel=n/a) | adv=peragentrankweighted | M=5 | lambda=7 | epsilon_svgd=0.007 | gamma=5e-05 | decay_start_ratio=0.5 | decay_min_factor=0.05 | no_interact=True
   ↳ avg_score=-451.600006 | runtime=1.82s
▶ Run 11/640 | problem=QUBO t=0 | kernel=hk (bandwith_kernel=n/a) | adv=peragentrankweighted | M=5 | lambda=7 | epsilon_svgd=0.007 | gamma=5e-05 | decay_start_ratio=0.5 | decay_min_factor=0.1 | no_interact=True
srun: Job step aborted: Waiting up to 32 seconds for job step to finish.
[2026-01-22T21:09:16.032] error: *** JOB 9533832 ON gnode5 CANCELLED AT 2026-01-22T21:09:16 DUE to SIGNAL Terminated ***
