Job démarré sur gnode5 à Wed Jan 21 14:10:37 CET 2026
Run main_expe
[QUBO dim=256 t=1] total runs: 180
▶ Run 1/180 | problem=QUBO t=1 | kernel=hk (bandwith_kernel=n/a) | adv=peragentrankweighted | M=20 | lambda=7 | epsilon_svgd=0.007 | gamma=5e-05 | no_interact=True
   ↳ avg_score=-455.980011 | runtime=2.67s
   ↳ new best for this problem+kernel.
▶ Run 2/180 | problem=QUBO t=1 | kernel=hk (bandwith_kernel=n/a) | adv=peragentrankweighted | M=20 | lambda=7 | epsilon_svgd=0.01 | gamma=5e-05 | no_interact=True
   ↳ avg_score=-454.839996 | runtime=2.40s
▶ Run 3/180 | problem=QUBO t=1 | kernel=hk (bandwith_kernel=n/a) | adv=peragentrankweighted | M=20 | lambda=7 | epsilon_svgd=0.03 | gamma=5e-05 | no_interact=True
   ↳ avg_score=-451.880005 | runtime=2.39s
▶ Run 4/180 | problem=QUBO t=1 | kernel=hk (bandwith_kernel=n/a) | adv=peragentrankweighted | M=20 | lambda=7 | epsilon_svgd=0.1 | gamma=5e-05 | no_interact=True
   ↳ avg_score=-452.000000 | runtime=2.39s
▶ Run 5/180 | problem=QUBO t=1 | kernel=hk (bandwith_kernel=n/a) | adv=peragentrankweighted | M=20 | lambda=7 | epsilon_svgd=0.5 | gamma=5e-05 | no_interact=True
   ↳ avg_score=-471.399994 | runtime=2.39s
   ↳ new best for this problem+kernel.
▶ Run 6/180 | problem=QUBO t=1 | kernel=hk (bandwith_kernel=n/a) | adv=peragentrankweighted | M=20 | lambda=7 | epsilon_svgd=0.8 | gamma=5e-05 | no_interact=True
   ↳ avg_score=-559.380005 | runtime=2.40s
   ↳ new best for this problem+kernel.
▶ Run 7/180 | problem=QUBO t=1 | kernel=hk (bandwith_kernel=n/a) | adv=peragentrankweighted | M=20 | lambda=10 | epsilon_svgd=0.007 | gamma=5e-05 | no_interact=True
   ↳ avg_score=-451.779999 | runtime=2.98s
▶ Run 8/180 | problem=QUBO t=1 | kernel=hk (bandwith_kernel=n/a) | adv=peragentrankweighted | M=20 | lambda=10 | epsilon_svgd=0.01 | gamma=5e-05 | no_interact=True
   ↳ avg_score=-453.079987 | runtime=2.99s
▶ Run 9/180 | problem=QUBO t=1 | kernel=hk (bandwith_kernel=n/a) | adv=peragentrankweighted | M=20 | lambda=10 | epsilon_svgd=0.03 | gamma=5e-05 | no_interact=True
   ↳ avg_score=-450.500000 | runtime=2.98s
▶ Run 10/180 | problem=QUBO t=1 | kernel=hk (bandwith_kernel=n/a) | adv=peragentrankweighted | M=20 | lambda=10 | epsilon_svgd=0.1 | gamma=5e-05 | no_interact=True
   ↳ avg_score=-452.799988 | runtime=2.98s
▶ Run 11/180 | problem=QUBO t=1 | kernel=hk (bandwith_kernel=n/a) | adv=peragentrankweighted | M=20 | lambda=10 | epsilon_svgd=0.5 | gamma=5e-05 | no_interact=True
   ↳ avg_score=-459.339996 | runtime=2.98s
▶ Run 12/180 | problem=QUBO t=1 | kernel=hk (bandwith_kernel=n/a) | adv=peragentrankweighted | M=20 | lambda=10 | epsilon_svgd=0.8 | gamma=5e-05 | no_interact=True
   ↳ avg_score=-484.320007 | runtime=2.98s
▶ Run 13/180 | problem=QUBO t=1 | kernel=hk (bandwith_kernel=n/a) | adv=peragentrankweighted | M=20 | lambda=15 | epsilon_svgd=0.007 | gamma=5e-05 | no_interact=True
   ↳ avg_score=-451.040009 | runtime=4.06s
▶ Run 14/180 | problem=QUBO t=1 | kernel=hk (bandwith_kernel=n/a) | adv=peragentrankweighted | M=20 | lambda=15 | epsilon_svgd=0.01 | gamma=5e-05 | no_interact=True
   ↳ avg_score=-450.679993 | runtime=4.06s
▶ Run 15/180 | problem=QUBO t=1 | kernel=hk (bandwith_kernel=n/a) | adv=peragentrankweighted | M=20 | lambda=15 | epsilon_svgd=0.03 | gamma=5e-05 | no_interact=True
   ↳ avg_score=-455.140015 | runtime=4.06s
▶ Run 16/180 | problem=QUBO t=1 | kernel=hk (bandwith_kernel=n/a) | adv=peragentrankweighted | M=20 | lambda=15 | epsilon_svgd=0.1 | gamma=5e-05 | no_interact=True
   ↳ avg_score=-456.559998 | runtime=4.06s
▶ Run 17/180 | problem=QUBO t=1 | kernel=hk (bandwith_kernel=n/a) | adv=peragentrankweighted | M=20 | lambda=15 | epsilon_svgd=0.5 | gamma=5e-05 | no_interact=True
   ↳ avg_score=-455.380005 | runtime=4.06s
▶ Run 18/180 | problem=QUBO t=1 | kernel=hk (bandwith_kernel=n/a) | adv=peragentrankweighted | M=20 | lambda=15 | epsilon_svgd=0.8 | gamma=5e-05 | no_interact=True
   ↳ avg_score=-455.519989 | runtime=4.05s
▶ Run 19/180 | problem=QUBO t=1 | kernel=hk (bandwith_kernel=n/a) | adv=peragentrankweighted | M=20 | lambda=20 | epsilon_svgd=0.007 | gamma=5e-05 | no_interact=True
   ↳ avg_score=-456.600006 | runtime=5.19s
▶ Run 20/180 | problem=QUBO t=1 | kernel=hk (bandwith_kernel=n/a) | adv=peragentrankweighted | M=20 | lambda=20 | epsilon_svgd=0.01 | gamma=5e-05 | no_interact=True
   ↳ avg_score=-448.779999 | runtime=5.19s
▶ Run 21/180 | problem=QUBO t=1 | kernel=hk (bandwith_kernel=n/a) | adv=peragentrankweighted | M=20 | lambda=20 | epsilon_svgd=0.03 | gamma=5e-05 | no_interact=True
   ↳ avg_score=-448.459991 | runtime=5.19s
▶ Run 22/180 | problem=QUBO t=1 | kernel=hk (bandwith_kernel=n/a) | adv=peragentrankweighted | M=20 | lambda=20 | epsilon_svgd=0.1 | gamma=5e-05 | no_interact=True
   ↳ avg_score=-458.500000 | runtime=5.19s
▶ Run 23/180 | problem=QUBO t=1 | kernel=hk (bandwith_kernel=n/a) | adv=peragentrankweighted | M=20 | lambda=20 | epsilon_svgd=0.5 | gamma=5e-05 | no_interact=True
   ↳ avg_score=-444.399994 | runtime=5.19s
▶ Run 24/180 | problem=QUBO t=1 | kernel=hk (bandwith_kernel=n/a) | adv=peragentrankweighted | M=20 | lambda=20 | epsilon_svgd=0.8 | gamma=5e-05 | no_interact=True
   ↳ avg_score=-452.559998 | runtime=5.19s
▶ Run 25/180 | problem=QUBO t=1 | kernel=hk (bandwith_kernel=n/a) | adv=peragentrankweighted | M=20 | lambda=25 | epsilon_svgd=0.007 | gamma=5e-05 | no_interact=True
   ↳ avg_score=-450.500000 | runtime=7.07s
▶ Run 26/180 | problem=QUBO t=1 | kernel=hk (bandwith_kernel=n/a) | adv=peragentrankweighted | M=20 | lambda=25 | epsilon_svgd=0.01 | gamma=5e-05 | no_interact=True
   ↳ avg_score=-452.059998 | runtime=6.33s
▶ Run 27/180 | problem=QUBO t=1 | kernel=hk (bandwith_kernel=n/a) | adv=peragentrankweighted | M=20 | lambda=25 | epsilon_svgd=0.03 | gamma=5e-05 | no_interact=True
   ↳ avg_score=-450.559998 | runtime=6.33s
▶ Run 28/180 | problem=QUBO t=1 | kernel=hk (bandwith_kernel=n/a) | adv=peragentrankweighted | M=20 | lambda=25 | epsilon_svgd=0.1 | gamma=5e-05 | no_interact=True
   ↳ avg_score=-448.500000 | runtime=6.33s
▶ Run 29/180 | problem=QUBO t=1 | kernel=hk (bandwith_kernel=n/a) | adv=peragentrankweighted | M=20 | lambda=25 | epsilon_svgd=0.5 | gamma=5e-05 | no_interact=True
   ↳ avg_score=-455.040009 | runtime=6.33s
▶ Run 30/180 | problem=QUBO t=1 | kernel=hk (bandwith_kernel=n/a) | adv=peragentrankweighted | M=20 | lambda=25 | epsilon_svgd=0.8 | gamma=5e-05 | no_interact=True
   ↳ avg_score=-460.220001 | runtime=6.33s
▶ Run 31/180 | problem=QUBO t=1 | kernel=hk (bandwith_kernel=n/a) | adv=peragentrankweighted | M=15 | lambda=7 | epsilon_svgd=0.007 | gamma=5e-05 | no_interact=True
   ↳ avg_score=-456.739990 | runtime=2.05s
▶ Run 32/180 | problem=QUBO t=1 | kernel=hk (bandwith_kernel=n/a) | adv=peragentrankweighted | M=15 | lambda=7 | epsilon_svgd=0.01 | gamma=5e-05 | no_interact=True
   ↳ avg_score=-458.220001 | runtime=2.05s
▶ Run 33/180 | problem=QUBO t=1 | kernel=hk (bandwith_kernel=n/a) | adv=peragentrankweighted | M=15 | lambda=7 | epsilon_svgd=0.03 | gamma=5e-05 | no_interact=True
   ↳ avg_score=-452.820007 | runtime=2.05s
▶ Run 34/180 | problem=QUBO t=1 | kernel=hk (bandwith_kernel=n/a) | adv=peragentrankweighted | M=15 | lambda=7 | epsilon_svgd=0.1 | gamma=5e-05 | no_interact=True
   ↳ avg_score=-454.140015 | runtime=2.05s
▶ Run 35/180 | problem=QUBO t=1 | kernel=hk (bandwith_kernel=n/a) | adv=peragentrankweighted | M=15 | lambda=7 | epsilon_svgd=0.5 | gamma=5e-05 | no_interact=True
   ↳ avg_score=-504.019989 | runtime=2.05s
▶ Run 36/180 | problem=QUBO t=1 | kernel=hk (bandwith_kernel=n/a) | adv=peragentrankweighted | M=15 | lambda=7 | epsilon_svgd=0.8 | gamma=5e-05 | no_interact=True
   ↳ avg_score=-641.559998 | runtime=2.05s
   ↳ new best for this problem+kernel.
▶ Run 37/180 | problem=QUBO t=1 | kernel=hk (bandwith_kernel=n/a) | adv=peragentrankweighted | M=15 | lambda=10 | epsilon_svgd=0.007 | gamma=5e-05 | no_interact=True
   ↳ avg_score=-450.299988 | runtime=2.43s
▶ Run 38/180 | problem=QUBO t=1 | kernel=hk (bandwith_kernel=n/a) | adv=peragentrankweighted | M=15 | lambda=10 | epsilon_svgd=0.01 | gamma=5e-05 | no_interact=True
   ↳ avg_score=-456.320007 | runtime=2.43s
▶ Run 39/180 | problem=QUBO t=1 | kernel=hk (bandwith_kernel=n/a) | adv=peragentrankweighted | M=15 | lambda=10 | epsilon_svgd=0.03 | gamma=5e-05 | no_interact=True
   ↳ avg_score=-455.079987 | runtime=2.43s
▶ Run 40/180 | problem=QUBO t=1 | kernel=hk (bandwith_kernel=n/a) | adv=peragentrankweighted | M=15 | lambda=10 | epsilon_svgd=0.1 | gamma=5e-05 | no_interact=True
   ↳ avg_score=-450.899994 | runtime=2.43s
▶ Run 41/180 | problem=QUBO t=1 | kernel=hk (bandwith_kernel=n/a) | adv=peragentrankweighted | M=15 | lambda=10 | epsilon_svgd=0.5 | gamma=5e-05 | no_interact=True
   ↳ avg_score=-467.619995 | runtime=2.43s
▶ Run 42/180 | problem=QUBO t=1 | kernel=hk (bandwith_kernel=n/a) | adv=peragentrankweighted | M=15 | lambda=10 | epsilon_svgd=0.8 | gamma=5e-05 | no_interact=True
   ↳ avg_score=-522.320007 | runtime=2.43s
▶ Run 43/180 | problem=QUBO t=1 | kernel=hk (bandwith_kernel=n/a) | adv=peragentrankweighted | M=15 | lambda=15 | epsilon_svgd=0.007 | gamma=5e-05 | no_interact=True
   ↳ avg_score=-457.299988 | runtime=3.21s
▶ Run 44/180 | problem=QUBO t=1 | kernel=hk (bandwith_kernel=n/a) | adv=peragentrankweighted | M=15 | lambda=15 | epsilon_svgd=0.01 | gamma=5e-05 | no_interact=True
   ↳ avg_score=-445.579987 | runtime=3.21s
▶ Run 45/180 | problem=QUBO t=1 | kernel=hk (bandwith_kernel=n/a) | adv=peragentrankweighted | M=15 | lambda=15 | epsilon_svgd=0.03 | gamma=5e-05 | no_interact=True
   ↳ avg_score=-453.619995 | runtime=3.21s
▶ Run 46/180 | problem=QUBO t=1 | kernel=hk (bandwith_kernel=n/a) | adv=peragentrankweighted | M=15 | lambda=15 | epsilon_svgd=0.1 | gamma=5e-05 | no_interact=True
   ↳ avg_score=-451.339996 | runtime=3.21s
▶ Run 47/180 | problem=QUBO t=1 | kernel=hk (bandwith_kernel=n/a) | adv=peragentrankweighted | M=15 | lambda=15 | epsilon_svgd=0.5 | gamma=5e-05 | no_interact=True
   ↳ avg_score=-458.079987 | runtime=3.21s
▶ Run 48/180 | problem=QUBO t=1 | kernel=hk (bandwith_kernel=n/a) | adv=peragentrankweighted | M=15 | lambda=15 | epsilon_svgd=0.8 | gamma=5e-05 | no_interact=True
   ↳ avg_score=-468.940002 | runtime=3.20s
▶ Run 49/180 | problem=QUBO t=1 | kernel=hk (bandwith_kernel=n/a) | adv=peragentrankweighted | M=15 | lambda=20 | epsilon_svgd=0.007 | gamma=5e-05 | no_interact=True
   ↳ avg_score=-451.119995 | runtime=4.03s
▶ Run 50/180 | problem=QUBO t=1 | kernel=hk (bandwith_kernel=n/a) | adv=peragentrankweighted | M=15 | lambda=20 | epsilon_svgd=0.01 | gamma=5e-05 | no_interact=True
   ↳ avg_score=-454.679993 | runtime=4.03s
▶ Run 51/180 | problem=QUBO t=1 | kernel=hk (bandwith_kernel=n/a) | adv=peragentrankweighted | M=15 | lambda=20 | epsilon_svgd=0.03 | gamma=5e-05 | no_interact=True
   ↳ avg_score=-455.859985 | runtime=4.03s
▶ Run 52/180 | problem=QUBO t=1 | kernel=hk (bandwith_kernel=n/a) | adv=peragentrankweighted | M=15 | lambda=20 | epsilon_svgd=0.1 | gamma=5e-05 | no_interact=True
   ↳ avg_score=-456.619995 | runtime=4.03s
▶ Run 53/180 | problem=QUBO t=1 | kernel=hk (bandwith_kernel=n/a) | adv=peragentrankweighted | M=15 | lambda=20 | epsilon_svgd=0.5 | gamma=5e-05 | no_interact=True
   ↳ avg_score=-445.119995 | runtime=4.03s
▶ Run 54/180 | problem=QUBO t=1 | kernel=hk (bandwith_kernel=n/a) | adv=peragentrankweighted | M=15 | lambda=20 | epsilon_svgd=0.8 | gamma=5e-05 | no_interact=True
   ↳ avg_score=-454.040009 | runtime=4.03s
▶ Run 55/180 | problem=QUBO t=1 | kernel=hk (bandwith_kernel=n/a) | adv=peragentrankweighted | M=15 | lambda=25 | epsilon_svgd=0.007 | gamma=5e-05 | no_interact=True
   ↳ avg_score=-455.200012 | runtime=4.87s
▶ Run 56/180 | problem=QUBO t=1 | kernel=hk (bandwith_kernel=n/a) | adv=peragentrankweighted | M=15 | lambda=25 | epsilon_svgd=0.01 | gamma=5e-05 | no_interact=True
   ↳ avg_score=-448.980011 | runtime=4.88s
▶ Run 57/180 | problem=QUBO t=1 | kernel=hk (bandwith_kernel=n/a) | adv=peragentrankweighted | M=15 | lambda=25 | epsilon_svgd=0.03 | gamma=5e-05 | no_interact=True
   ↳ avg_score=-450.299988 | runtime=4.87s
▶ Run 58/180 | problem=QUBO t=1 | kernel=hk (bandwith_kernel=n/a) | adv=peragentrankweighted | M=15 | lambda=25 | epsilon_svgd=0.1 | gamma=5e-05 | no_interact=True
   ↳ avg_score=-454.339996 | runtime=4.87s
▶ Run 59/180 | problem=QUBO t=1 | kernel=hk (bandwith_kernel=n/a) | adv=peragentrankweighted | M=15 | lambda=25 | epsilon_svgd=0.5 | gamma=5e-05 | no_interact=True
   ↳ avg_score=-451.200012 | runtime=4.87s
▶ Run 60/180 | problem=QUBO t=1 | kernel=hk (bandwith_kernel=n/a) | adv=peragentrankweighted | M=15 | lambda=25 | epsilon_svgd=0.8 | gamma=5e-05 | no_interact=True
   ↳ avg_score=-454.619995 | runtime=4.88s
▶ Run 61/180 | problem=QUBO t=1 | kernel=hk (bandwith_kernel=n/a) | adv=peragentrankweighted | M=10 | lambda=7 | epsilon_svgd=0.007 | gamma=5e-05 | no_interact=True
   ↳ avg_score=-456.940002 | runtime=1.78s
▶ Run 62/180 | problem=QUBO t=1 | kernel=hk (bandwith_kernel=n/a) | adv=peragentrankweighted | M=10 | lambda=7 | epsilon_svgd=0.01 | gamma=5e-05 | no_interact=True
   ↳ avg_score=-452.859985 | runtime=1.78s
▶ Run 63/180 | problem=QUBO t=1 | kernel=hk (bandwith_kernel=n/a) | adv=peragentrankweighted | M=10 | lambda=7 | epsilon_svgd=0.03 | gamma=5e-05 | no_interact=True
   ↳ avg_score=-454.140015 | runtime=1.77s
▶ Run 64/180 | problem=QUBO t=1 | kernel=hk (bandwith_kernel=n/a) | adv=peragentrankweighted | M=10 | lambda=7 | epsilon_svgd=0.1 | gamma=5e-05 | no_interact=True
   ↳ avg_score=-453.059998 | runtime=1.77s
▶ Run 65/180 | problem=QUBO t=1 | kernel=hk (bandwith_kernel=n/a) | adv=peragentrankweighted | M=10 | lambda=7 | epsilon_svgd=0.5 | gamma=5e-05 | no_interact=True
   ↳ avg_score=-599.760010 | runtime=1.77s
▶ Run 66/180 | problem=QUBO t=1 | kernel=hk (bandwith_kernel=n/a) | adv=peragentrankweighted | M=10 | lambda=7 | epsilon_svgd=0.8 | gamma=5e-05 | no_interact=True
   ↳ avg_score=-784.900024 | runtime=1.78s
   ↳ new best for this problem+kernel.
▶ Run 67/180 | problem=QUBO t=1 | kernel=hk (bandwith_kernel=n/a) | adv=peragentrankweighted | M=10 | lambda=10 | epsilon_svgd=0.007 | gamma=5e-05 | no_interact=True
   ↳ avg_score=-457.399994 | runtime=1.95s
▶ Run 68/180 | problem=QUBO t=1 | kernel=hk (bandwith_kernel=n/a) | adv=peragentrankweighted | M=10 | lambda=10 | epsilon_svgd=0.01 | gamma=5e-05 | no_interact=True
   ↳ avg_score=-449.519989 | runtime=1.95s
▶ Run 69/180 | problem=QUBO t=1 | kernel=hk (bandwith_kernel=n/a) | adv=peragentrankweighted | M=10 | lambda=10 | epsilon_svgd=0.03 | gamma=5e-05 | no_interact=True
   ↳ avg_score=-450.000000 | runtime=1.95s
▶ Run 70/180 | problem=QUBO t=1 | kernel=hk (bandwith_kernel=n/a) | adv=peragentrankweighted | M=10 | lambda=10 | epsilon_svgd=0.1 | gamma=5e-05 | no_interact=True
   ↳ avg_score=-455.019989 | runtime=1.95s
▶ Run 71/180 | problem=QUBO t=1 | kernel=hk (bandwith_kernel=n/a) | adv=peragentrankweighted | M=10 | lambda=10 | epsilon_svgd=0.5 | gamma=5e-05 | no_interact=True
   ↳ avg_score=-493.859985 | runtime=1.95s
▶ Run 72/180 | problem=QUBO t=1 | kernel=hk (bandwith_kernel=n/a) | adv=peragentrankweighted | M=10 | lambda=10 | epsilon_svgd=0.8 | gamma=5e-05 | no_interact=True
   ↳ avg_score=-633.780029 | runtime=1.95s
▶ Run 73/180 | problem=QUBO t=1 | kernel=hk (bandwith_kernel=n/a) | adv=peragentrankweighted | M=10 | lambda=15 | epsilon_svgd=0.007 | gamma=5e-05 | no_interact=True
   ↳ avg_score=-449.600006 | runtime=2.39s
▶ Run 74/180 | problem=QUBO t=1 | kernel=hk (bandwith_kernel=n/a) | adv=peragentrankweighted | M=10 | lambda=15 | epsilon_svgd=0.01 | gamma=5e-05 | no_interact=True
   ↳ avg_score=-448.579987 | runtime=2.39s
▶ Run 75/180 | problem=QUBO t=1 | kernel=hk (bandwith_kernel=n/a) | adv=peragentrankweighted | M=10 | lambda=15 | epsilon_svgd=0.03 | gamma=5e-05 | no_interact=True
   ↳ avg_score=-453.920013 | runtime=2.39s
▶ Run 76/180 | problem=QUBO t=1 | kernel=hk (bandwith_kernel=n/a) | adv=peragentrankweighted | M=10 | lambda=15 | epsilon_svgd=0.1 | gamma=5e-05 | no_interact=True
   ↳ avg_score=-442.700012 | runtime=2.40s
▶ Run 77/180 | problem=QUBO t=1 | kernel=hk (bandwith_kernel=n/a) | adv=peragentrankweighted | M=10 | lambda=15 | epsilon_svgd=0.5 | gamma=5e-05 | no_interact=True
   ↳ avg_score=-455.260010 | runtime=2.39s
▶ Run 78/180 | problem=QUBO t=1 | kernel=hk (bandwith_kernel=n/a) | adv=peragentrankweighted | M=10 | lambda=15 | epsilon_svgd=0.8 | gamma=5e-05 | no_interact=True
   ↳ avg_score=-506.019989 | runtime=2.39s
▶ Run 79/180 | problem=QUBO t=1 | kernel=hk (bandwith_kernel=n/a) | adv=peragentrankweighted | M=10 | lambda=20 | epsilon_svgd=0.007 | gamma=5e-05 | no_interact=True
   ↳ avg_score=-455.579987 | runtime=2.91s
▶ Run 80/180 | problem=QUBO t=1 | kernel=hk (bandwith_kernel=n/a) | adv=peragentrankweighted | M=10 | lambda=20 | epsilon_svgd=0.01 | gamma=5e-05 | no_interact=True
   ↳ avg_score=-450.700012 | runtime=2.91s
▶ Run 81/180 | problem=QUBO t=1 | kernel=hk (bandwith_kernel=n/a) | adv=peragentrankweighted | M=10 | lambda=20 | epsilon_svgd=0.03 | gamma=5e-05 | no_interact=True
   ↳ avg_score=-448.839996 | runtime=2.92s
▶ Run 82/180 | problem=QUBO t=1 | kernel=hk (bandwith_kernel=n/a) | adv=peragentrankweighted | M=10 | lambda=20 | epsilon_svgd=0.1 | gamma=5e-05 | no_interact=True
   ↳ avg_score=-451.660004 | runtime=2.92s
▶ Run 83/180 | problem=QUBO t=1 | kernel=hk (bandwith_kernel=n/a) | adv=peragentrankweighted | M=10 | lambda=20 | epsilon_svgd=0.5 | gamma=5e-05 | no_interact=True
   ↳ avg_score=-457.140015 | runtime=2.92s
▶ Run 84/180 | problem=QUBO t=1 | kernel=hk (bandwith_kernel=n/a) | adv=peragentrankweighted | M=10 | lambda=20 | epsilon_svgd=0.8 | gamma=5e-05 | no_interact=True
   ↳ avg_score=-465.100006 | runtime=2.92s
▶ Run 85/180 | problem=QUBO t=1 | kernel=hk (bandwith_kernel=n/a) | adv=peragentrankweighted | M=10 | lambda=25 | epsilon_svgd=0.007 | gamma=5e-05 | no_interact=True
   ↳ avg_score=-446.519989 | runtime=3.46s
▶ Run 86/180 | problem=QUBO t=1 | kernel=hk (bandwith_kernel=n/a) | adv=peragentrankweighted | M=10 | lambda=25 | epsilon_svgd=0.01 | gamma=5e-05 | no_interact=True
   ↳ avg_score=-454.380005 | runtime=3.46s
▶ Run 87/180 | problem=QUBO t=1 | kernel=hk (bandwith_kernel=n/a) | adv=peragentrankweighted | M=10 | lambda=25 | epsilon_svgd=0.03 | gamma=5e-05 | no_interact=True
   ↳ avg_score=-450.000000 | runtime=3.46s
▶ Run 88/180 | problem=QUBO t=1 | kernel=hk (bandwith_kernel=n/a) | adv=peragentrankweighted | M=10 | lambda=25 | epsilon_svgd=0.1 | gamma=5e-05 | no_interact=True
   ↳ avg_score=-452.720001 | runtime=3.46s
▶ Run 89/180 | problem=QUBO t=1 | kernel=hk (bandwith_kernel=n/a) | adv=peragentrankweighted | M=10 | lambda=25 | epsilon_svgd=0.5 | gamma=5e-05 | no_interact=True
   ↳ avg_score=-452.920013 | runtime=3.46s
▶ Run 90/180 | problem=QUBO t=1 | kernel=hk (bandwith_kernel=n/a) | adv=peragentrankweighted | M=10 | lambda=25 | epsilon_svgd=0.8 | gamma=5e-05 | no_interact=True
   ↳ avg_score=-455.200012 | runtime=3.46s
▶ Run 91/180 | problem=QUBO t=1 | kernel=hk (bandwith_kernel=n/a) | adv=peragentrankweighted | M=5 | lambda=7 | epsilon_svgd=0.007 | gamma=5e-05 | no_interact=True
   ↳ avg_score=-453.100006 | runtime=1.81s
▶ Run 92/180 | problem=QUBO t=1 | kernel=hk (bandwith_kernel=n/a) | adv=peragentrankweighted | M=5 | lambda=7 | epsilon_svgd=0.01 | gamma=5e-05 | no_interact=True
   ↳ avg_score=-455.799988 | runtime=1.81s
▶ Run 93/180 | problem=QUBO t=1 | kernel=hk (bandwith_kernel=n/a) | adv=peragentrankweighted | M=5 | lambda=7 | epsilon_svgd=0.03 | gamma=5e-05 | no_interact=True
   ↳ avg_score=-449.959991 | runtime=1.81s
▶ Run 94/180 | problem=QUBO t=1 | kernel=hk (bandwith_kernel=n/a) | adv=peragentrankweighted | M=5 | lambda=7 | epsilon_svgd=0.1 | gamma=5e-05 | no_interact=True
   ↳ avg_score=-458.619995 | runtime=1.81s
▶ Run 95/180 | problem=QUBO t=1 | kernel=hk (bandwith_kernel=n/a) | adv=peragentrankweighted | M=5 | lambda=7 | epsilon_svgd=0.5 | gamma=5e-05 | no_interact=True
   ↳ avg_score=-869.140015 | runtime=1.81s
   ↳ new best for this problem+kernel.
▶ Run 96/180 | problem=QUBO t=1 | kernel=hk (bandwith_kernel=n/a) | adv=peragentrankweighted | M=5 | lambda=7 | epsilon_svgd=0.8 | gamma=5e-05 | no_interact=True
   ↳ avg_score=-1032.199951 | runtime=1.81s
   ↳ new best for this problem+kernel.
▶ Run 97/180 | problem=QUBO t=1 | kernel=hk (bandwith_kernel=n/a) | adv=peragentrankweighted | M=5 | lambda=10 | epsilon_svgd=0.007 | gamma=5e-05 | no_interact=True
   ↳ avg_score=-449.619995 | runtime=1.68s
▶ Run 98/180 | problem=QUBO t=1 | kernel=hk (bandwith_kernel=n/a) | adv=peragentrankweighted | M=5 | lambda=10 | epsilon_svgd=0.01 | gamma=5e-05 | no_interact=True
   ↳ avg_score=-455.660004 | runtime=1.68s
▶ Run 99/180 | problem=QUBO t=1 | kernel=hk (bandwith_kernel=n/a) | adv=peragentrankweighted | M=5 | lambda=10 | epsilon_svgd=0.03 | gamma=5e-05 | no_interact=True
   ↳ avg_score=-453.440002 | runtime=1.68s
▶ Run 100/180 | problem=QUBO t=1 | kernel=hk (bandwith_kernel=n/a) | adv=peragentrankweighted | M=5 | lambda=10 | epsilon_svgd=0.1 | gamma=5e-05 | no_interact=True
   ↳ avg_score=-451.899994 | runtime=1.68s
▶ Run 101/180 | problem=QUBO t=1 | kernel=hk (bandwith_kernel=n/a) | adv=peragentrankweighted | M=5 | lambda=10 | epsilon_svgd=0.5 | gamma=5e-05 | no_interact=True
   ↳ avg_score=-702.460022 | runtime=1.68s
▶ Run 102/180 | problem=QUBO t=1 | kernel=hk (bandwith_kernel=n/a) | adv=peragentrankweighted | M=5 | lambda=10 | epsilon_svgd=0.8 | gamma=5e-05 | no_interact=True
   ↳ avg_score=-917.679993 | runtime=1.68s
▶ Run 103/180 | problem=QUBO t=1 | kernel=hk (bandwith_kernel=n/a) | adv=peragentrankweighted | M=5 | lambda=15 | epsilon_svgd=0.007 | gamma=5e-05 | no_interact=True
   ↳ avg_score=-454.380005 | runtime=1.73s
▶ Run 104/180 | problem=QUBO t=1 | kernel=hk (bandwith_kernel=n/a) | adv=peragentrankweighted | M=5 | lambda=15 | epsilon_svgd=0.01 | gamma=5e-05 | no_interact=True
   ↳ avg_score=-456.100006 | runtime=1.73s
▶ Run 105/180 | problem=QUBO t=1 | kernel=hk (bandwith_kernel=n/a) | adv=peragentrankweighted | M=5 | lambda=15 | epsilon_svgd=0.03 | gamma=5e-05 | no_interact=True
   ↳ avg_score=-455.720001 | runtime=1.73s
▶ Run 106/180 | problem=QUBO t=1 | kernel=hk (bandwith_kernel=n/a) | adv=peragentrankweighted | M=5 | lambda=15 | epsilon_svgd=0.1 | gamma=5e-05 | no_interact=True
   ↳ avg_score=-450.480011 | runtime=1.73s
▶ Run 107/180 | problem=QUBO t=1 | kernel=hk (bandwith_kernel=n/a) | adv=peragentrankweighted | M=5 | lambda=15 | epsilon_svgd=0.5 | gamma=5e-05 | no_interact=True
   ↳ avg_score=-538.119995 | runtime=1.73s
▶ Run 108/180 | problem=QUBO t=1 | kernel=hk (bandwith_kernel=n/a) | adv=peragentrankweighted | M=5 | lambda=15 | epsilon_svgd=0.8 | gamma=5e-05 | no_interact=True
   ↳ avg_score=-740.500000 | runtime=1.73s
▶ Run 109/180 | problem=QUBO t=1 | kernel=hk (bandwith_kernel=n/a) | adv=peragentrankweighted | M=5 | lambda=20 | epsilon_svgd=0.007 | gamma=5e-05 | no_interact=True
   ↳ avg_score=-453.519989 | runtime=1.90s
▶ Run 110/180 | problem=QUBO t=1 | kernel=hk (bandwith_kernel=n/a) | adv=peragentrankweighted | M=5 | lambda=20 | epsilon_svgd=0.01 | gamma=5e-05 | no_interact=True
   ↳ avg_score=-446.980011 | runtime=1.90s
▶ Run 111/180 | problem=QUBO t=1 | kernel=hk (bandwith_kernel=n/a) | adv=peragentrankweighted | M=5 | lambda=20 | epsilon_svgd=0.03 | gamma=5e-05 | no_interact=True
   ↳ avg_score=-450.459991 | runtime=1.90s
▶ Run 112/180 | problem=QUBO t=1 | kernel=hk (bandwith_kernel=n/a) | adv=peragentrankweighted | M=5 | lambda=20 | epsilon_svgd=0.1 | gamma=5e-05 | no_interact=True
   ↳ avg_score=-454.140015 | runtime=1.90s
▶ Run 113/180 | problem=QUBO t=1 | kernel=hk (bandwith_kernel=n/a) | adv=peragentrankweighted | M=5 | lambda=20 | epsilon_svgd=0.5 | gamma=5e-05 | no_interact=True
   ↳ avg_score=-477.779999 | runtime=1.90s
▶ Run 114/180 | problem=QUBO t=1 | kernel=hk (bandwith_kernel=n/a) | adv=peragentrankweighted | M=5 | lambda=20 | epsilon_svgd=0.8 | gamma=5e-05 | no_interact=True
   ↳ avg_score=-592.919983 | runtime=1.90s
▶ Run 115/180 | problem=QUBO t=1 | kernel=hk (bandwith_kernel=n/a) | adv=peragentrankweighted | M=5 | lambda=25 | epsilon_svgd=0.007 | gamma=5e-05 | no_interact=True
   ↳ avg_score=-450.220001 | runtime=2.12s
▶ Run 116/180 | problem=QUBO t=1 | kernel=hk (bandwith_kernel=n/a) | adv=peragentrankweighted | M=5 | lambda=25 | epsilon_svgd=0.01 | gamma=5e-05 | no_interact=True
   ↳ avg_score=-454.559998 | runtime=2.12s
▶ Run 117/180 | problem=QUBO t=1 | kernel=hk (bandwith_kernel=n/a) | adv=peragentrankweighted | M=5 | lambda=25 | epsilon_svgd=0.03 | gamma=5e-05 | no_interact=True
   ↳ avg_score=-447.640015 | runtime=2.12s
▶ Run 118/180 | problem=QUBO t=1 | kernel=hk (bandwith_kernel=n/a) | adv=peragentrankweighted | M=5 | lambda=25 | epsilon_svgd=0.1 | gamma=5e-05 | no_interact=True
   ↳ avg_score=-447.640015 | runtime=2.12s
▶ Run 119/180 | problem=QUBO t=1 | kernel=hk (bandwith_kernel=n/a) | adv=peragentrankweighted | M=5 | lambda=25 | epsilon_svgd=0.5 | gamma=5e-05 | no_interact=True
   ↳ avg_score=-466.619995 | runtime=2.12s
▶ Run 120/180 | problem=QUBO t=1 | kernel=hk (bandwith_kernel=n/a) | adv=peragentrankweighted | M=5 | lambda=25 | epsilon_svgd=0.8 | gamma=5e-05 | no_interact=True
   ↳ avg_score=-520.880005 | runtime=2.12s
▶ Run 121/180 | problem=QUBO t=1 | kernel=hk (bandwith_kernel=n/a) | adv=peragentrankweighted | M=3 | lambda=7 | epsilon_svgd=0.007 | gamma=5e-05 | no_interact=True
   ↳ avg_score=-450.839996 | runtime=2.24s
▶ Run 122/180 | problem=QUBO t=1 | kernel=hk (bandwith_kernel=n/a) | adv=peragentrankweighted | M=3 | lambda=7 | epsilon_svgd=0.01 | gamma=5e-05 | no_interact=True
   ↳ avg_score=-452.380005 | runtime=2.25s
▶ Run 123/180 | problem=QUBO t=1 | kernel=hk (bandwith_kernel=n/a) | adv=peragentrankweighted | M=3 | lambda=7 | epsilon_svgd=0.03 | gamma=5e-05 | no_interact=True
   ↳ avg_score=-451.739990 | runtime=2.25s
▶ Run 124/180 | problem=QUBO t=1 | kernel=hk (bandwith_kernel=n/a) | adv=peragentrankweighted | M=3 | lambda=7 | epsilon_svgd=0.1 | gamma=5e-05 | no_interact=True
   ↳ avg_score=-463.100006 | runtime=2.25s
▶ Run 125/180 | problem=QUBO t=1 | kernel=hk (bandwith_kernel=n/a) | adv=peragentrankweighted | M=3 | lambda=7 | epsilon_svgd=0.5 | gamma=5e-05 | no_interact=True
   ↳ avg_score=-1057.319946 | runtime=2.25s
   ↳ new best for this problem+kernel.
▶ Run 126/180 | problem=QUBO t=1 | kernel=hk (bandwith_kernel=n/a) | adv=peragentrankweighted | M=3 | lambda=7 | epsilon_svgd=0.8 | gamma=5e-05 | no_interact=True
   ↳ avg_score=-1185.680054 | runtime=2.25s
   ↳ new best for this problem+kernel.
▶ Run 127/180 | problem=QUBO t=1 | kernel=hk (bandwith_kernel=n/a) | adv=peragentrankweighted | M=3 | lambda=10 | epsilon_svgd=0.007 | gamma=5e-05 | no_interact=True
   ↳ avg_score=-450.739990 | runtime=1.87s
▶ Run 128/180 | problem=QUBO t=1 | kernel=hk (bandwith_kernel=n/a) | adv=peragentrankweighted | M=3 | lambda=10 | epsilon_svgd=0.01 | gamma=5e-05 | no_interact=True
   ↳ avg_score=-451.119995 | runtime=1.87s
▶ Run 129/180 | problem=QUBO t=1 | kernel=hk (bandwith_kernel=n/a) | adv=peragentrankweighted | M=3 | lambda=10 | epsilon_svgd=0.03 | gamma=5e-05 | no_interact=True
   ↳ avg_score=-453.600006 | runtime=1.87s
▶ Run 130/180 | problem=QUBO t=1 | kernel=hk (bandwith_kernel=n/a) | adv=peragentrankweighted | M=3 | lambda=10 | epsilon_svgd=0.1 | gamma=5e-05 | no_interact=True
   ↳ avg_score=-458.220001 | runtime=1.87s
▶ Run 131/180 | problem=QUBO t=1 | kernel=hk (bandwith_kernel=n/a) | adv=peragentrankweighted | M=3 | lambda=10 | epsilon_svgd=0.5 | gamma=5e-05 | no_interact=True
   ↳ avg_score=-922.520020 | runtime=1.87s
▶ Run 132/180 | problem=QUBO t=1 | kernel=hk (bandwith_kernel=n/a) | adv=peragentrankweighted | M=3 | lambda=10 | epsilon_svgd=0.8 | gamma=5e-05 | no_interact=True
   ↳ avg_score=-1097.660034 | runtime=1.87s
▶ Run 133/180 | problem=QUBO t=1 | kernel=hk (bandwith_kernel=n/a) | adv=peragentrankweighted | M=3 | lambda=15 | epsilon_svgd=0.007 | gamma=5e-05 | no_interact=True
   ↳ avg_score=-456.500000 | runtime=1.66s
▶ Run 134/180 | problem=QUBO t=1 | kernel=hk (bandwith_kernel=n/a) | adv=peragentrankweighted | M=3 | lambda=15 | epsilon_svgd=0.01 | gamma=5e-05 | no_interact=True
   ↳ avg_score=-447.600006 | runtime=1.66s
▶ Run 135/180 | problem=QUBO t=1 | kernel=hk (bandwith_kernel=n/a) | adv=peragentrankweighted | M=3 | lambda=15 | epsilon_svgd=0.03 | gamma=5e-05 | no_interact=True
   ↳ avg_score=-445.119995 | runtime=1.65s
▶ Run 136/180 | problem=QUBO t=1 | kernel=hk (bandwith_kernel=n/a) | adv=peragentrankweighted | M=3 | lambda=15 | epsilon_svgd=0.1 | gamma=5e-05 | no_interact=True
   ↳ avg_score=-451.619995 | runtime=1.66s
▶ Run 137/180 | problem=QUBO t=1 | kernel=hk (bandwith_kernel=n/a) | adv=peragentrankweighted | M=3 | lambda=15 | epsilon_svgd=0.5 | gamma=5e-05 | no_interact=True
   ↳ avg_score=-723.380005 | runtime=1.66s
▶ Run 138/180 | problem=QUBO t=1 | kernel=hk (bandwith_kernel=n/a) | adv=peragentrankweighted | M=3 | lambda=15 | epsilon_svgd=0.8 | gamma=5e-05 | no_interact=True
   ↳ avg_score=-944.280029 | runtime=1.65s
▶ Run 139/180 | problem=QUBO t=1 | kernel=hk (bandwith_kernel=n/a) | adv=peragentrankweighted | M=3 | lambda=20 | epsilon_svgd=0.007 | gamma=5e-05 | no_interact=True
   ↳ avg_score=-449.380005 | runtime=1.64s
▶ Run 140/180 | problem=QUBO t=1 | kernel=hk (bandwith_kernel=n/a) | adv=peragentrankweighted | M=3 | lambda=20 | epsilon_svgd=0.01 | gamma=5e-05 | no_interact=True
   ↳ avg_score=-450.140015 | runtime=1.64s
▶ Run 141/180 | problem=QUBO t=1 | kernel=hk (bandwith_kernel=n/a) | adv=peragentrankweighted | M=3 | lambda=20 | epsilon_svgd=0.03 | gamma=5e-05 | no_interact=True
   ↳ avg_score=-458.679993 | runtime=1.64s
▶ Run 142/180 | problem=QUBO t=1 | kernel=hk (bandwith_kernel=n/a) | adv=peragentrankweighted | M=3 | lambda=20 | epsilon_svgd=0.1 | gamma=5e-05 | no_interact=True
   ↳ avg_score=-458.660004 | runtime=1.64s
▶ Run 143/180 | problem=QUBO t=1 | kernel=hk (bandwith_kernel=n/a) | adv=peragentrankweighted | M=3 | lambda=20 | epsilon_svgd=0.5 | gamma=5e-05 | no_interact=True
   ↳ avg_score=-582.679993 | runtime=1.64s
▶ Run 144/180 | problem=QUBO t=1 | kernel=hk (bandwith_kernel=n/a) | adv=peragentrankweighted | M=3 | lambda=20 | epsilon_svgd=0.8 | gamma=5e-05 | no_interact=True
   ↳ avg_score=-814.979980 | runtime=1.64s
▶ Run 145/180 | problem=QUBO t=1 | kernel=hk (bandwith_kernel=n/a) | adv=peragentrankweighted | M=3 | lambda=25 | epsilon_svgd=0.007 | gamma=5e-05 | no_interact=True
   ↳ avg_score=-453.959991 | runtime=1.70s
▶ Run 146/180 | problem=QUBO t=1 | kernel=hk (bandwith_kernel=n/a) | adv=peragentrankweighted | M=3 | lambda=25 | epsilon_svgd=0.01 | gamma=5e-05 | no_interact=True
   ↳ avg_score=-454.000000 | runtime=1.70s
▶ Run 147/180 | problem=QUBO t=1 | kernel=hk (bandwith_kernel=n/a) | adv=peragentrankweighted | M=3 | lambda=25 | epsilon_svgd=0.03 | gamma=5e-05 | no_interact=True
   ↳ avg_score=-453.720001 | runtime=1.70s
▶ Run 148/180 | problem=QUBO t=1 | kernel=hk (bandwith_kernel=n/a) | adv=peragentrankweighted | M=3 | lambda=25 | epsilon_svgd=0.1 | gamma=5e-05 | no_interact=True
   ↳ avg_score=-449.820007 | runtime=1.70s
▶ Run 149/180 | problem=QUBO t=1 | kernel=hk (bandwith_kernel=n/a) | adv=peragentrankweighted | M=3 | lambda=25 | epsilon_svgd=0.5 | gamma=5e-05 | no_interact=True
   ↳ avg_score=-511.440002 | runtime=1.70s
▶ Run 150/180 | problem=QUBO t=1 | kernel=hk (bandwith_kernel=n/a) | adv=peragentrankweighted | M=3 | lambda=25 | epsilon_svgd=0.8 | gamma=5e-05 | no_interact=True
   ↳ avg_score=-706.219971 | runtime=1.70s
▶ Run 151/180 | problem=QUBO t=1 | kernel=hk (bandwith_kernel=n/a) | adv=peragentrankweighted | M=1 | lambda=7 | epsilon_svgd=0.007 | gamma=5e-05 | no_interact=True
   ↳ avg_score=-456.459991 | runtime=4.86s
▶ Run 152/180 | problem=QUBO t=1 | kernel=hk (bandwith_kernel=n/a) | adv=peragentrankweighted | M=1 | lambda=7 | epsilon_svgd=0.01 | gamma=5e-05 | no_interact=True
   ↳ avg_score=-448.820007 | runtime=4.86s
▶ Run 153/180 | problem=QUBO t=1 | kernel=hk (bandwith_kernel=n/a) | adv=peragentrankweighted | M=1 | lambda=7 | epsilon_svgd=0.03 | gamma=5e-05 | no_interact=True
   ↳ avg_score=-454.679993 | runtime=4.91s
▶ Run 154/180 | problem=QUBO t=1 | kernel=hk (bandwith_kernel=n/a) | adv=peragentrankweighted | M=1 | lambda=7 | epsilon_svgd=0.1 | gamma=5e-05 | no_interact=True
   ↳ avg_score=-812.000000 | runtime=4.86s
▶ Run 155/180 | problem=QUBO t=1 | kernel=hk (bandwith_kernel=n/a) | adv=peragentrankweighted | M=1 | lambda=7 | epsilon_svgd=0.5 | gamma=5e-05 | no_interact=True
   ↳ avg_score=-1264.939941 | runtime=4.87s
   ↳ new best for this problem+kernel.
▶ Run 156/180 | problem=QUBO t=1 | kernel=hk (bandwith_kernel=n/a) | adv=peragentrankweighted | M=1 | lambda=7 | epsilon_svgd=0.8 | gamma=5e-05 | no_interact=True
   ↳ avg_score=-1280.339966 | runtime=4.87s
   ↳ new best for this problem+kernel.
▶ Run 157/180 | problem=QUBO t=1 | kernel=hk (bandwith_kernel=n/a) | adv=peragentrankweighted | M=1 | lambda=10 | epsilon_svgd=0.007 | gamma=5e-05 | no_interact=True
   ↳ avg_score=-450.959991 | runtime=3.47s
▶ Run 158/180 | problem=QUBO t=1 | kernel=hk (bandwith_kernel=n/a) | adv=peragentrankweighted | M=1 | lambda=10 | epsilon_svgd=0.01 | gamma=5e-05 | no_interact=True
   ↳ avg_score=-454.100006 | runtime=3.47s
▶ Run 159/180 | problem=QUBO t=1 | kernel=hk (bandwith_kernel=n/a) | adv=peragentrankweighted | M=1 | lambda=10 | epsilon_svgd=0.03 | gamma=5e-05 | no_interact=True
   ↳ avg_score=-454.339996 | runtime=3.47s
▶ Run 160/180 | problem=QUBO t=1 | kernel=hk (bandwith_kernel=n/a) | adv=peragentrankweighted | M=1 | lambda=10 | epsilon_svgd=0.1 | gamma=5e-05 | no_interact=True
   ↳ avg_score=-625.280029 | runtime=3.47s
▶ Run 161/180 | problem=QUBO t=1 | kernel=hk (bandwith_kernel=n/a) | adv=peragentrankweighted | M=1 | lambda=10 | epsilon_svgd=0.5 | gamma=5e-05 | no_interact=True
   ↳ avg_score=-1246.060059 | runtime=3.48s
▶ Run 162/180 | problem=QUBO t=1 | kernel=hk (bandwith_kernel=n/a) | adv=peragentrankweighted | M=1 | lambda=10 | epsilon_svgd=0.8 | gamma=5e-05 | no_interact=True
   ↳ avg_score=-1268.540039 | runtime=3.48s
▶ Run 163/180 | problem=QUBO t=1 | kernel=hk (bandwith_kernel=n/a) | adv=peragentrankweighted | M=1 | lambda=15 | epsilon_svgd=0.007 | gamma=5e-05 | no_interact=True
   ↳ avg_score=-457.519989 | runtime=2.41s
▶ Run 164/180 | problem=QUBO t=1 | kernel=hk (bandwith_kernel=n/a) | adv=peragentrankweighted | M=1 | lambda=15 | epsilon_svgd=0.01 | gamma=5e-05 | no_interact=True
   ↳ avg_score=-450.579987 | runtime=2.41s
▶ Run 165/180 | problem=QUBO t=1 | kernel=hk (bandwith_kernel=n/a) | adv=peragentrankweighted | M=1 | lambda=15 | epsilon_svgd=0.03 | gamma=5e-05 | no_interact=True
   ↳ avg_score=-456.739990 | runtime=2.41s
▶ Run 166/180 | problem=QUBO t=1 | kernel=hk (bandwith_kernel=n/a) | adv=peragentrankweighted | M=1 | lambda=15 | epsilon_svgd=0.1 | gamma=5e-05 | no_interact=True
   ↳ avg_score=-489.600006 | runtime=2.41s
▶ Run 167/180 | problem=QUBO t=1 | kernel=hk (bandwith_kernel=n/a) | adv=peragentrankweighted | M=1 | lambda=15 | epsilon_svgd=0.5 | gamma=5e-05 | no_interact=True
   ↳ avg_score=-1153.619995 | runtime=2.41s
▶ Run 168/180 | problem=QUBO t=1 | kernel=hk (bandwith_kernel=n/a) | adv=peragentrankweighted | M=1 | lambda=15 | epsilon_svgd=0.8 | gamma=5e-05 | no_interact=True
   ↳ avg_score=-1253.739990 | runtime=2.41s
▶ Run 169/180 | problem=QUBO t=1 | kernel=hk (bandwith_kernel=n/a) | adv=peragentrankweighted | M=1 | lambda=20 | epsilon_svgd=0.007 | gamma=5e-05 | no_interact=True
   ↳ avg_score=-453.420013 | runtime=1.97s
▶ Run 170/180 | problem=QUBO t=1 | kernel=hk (bandwith_kernel=n/a) | adv=peragentrankweighted | M=1 | lambda=20 | epsilon_svgd=0.01 | gamma=5e-05 | no_interact=True
   ↳ avg_score=-454.040009 | runtime=1.97s
▶ Run 171/180 | problem=QUBO t=1 | kernel=hk (bandwith_kernel=n/a) | adv=peragentrankweighted | M=1 | lambda=20 | epsilon_svgd=0.03 | gamma=5e-05 | no_interact=True
   ↳ avg_score=-451.119995 | runtime=1.97s
▶ Run 172/180 | problem=QUBO t=1 | kernel=hk (bandwith_kernel=n/a) | adv=peragentrankweighted | M=1 | lambda=20 | epsilon_svgd=0.1 | gamma=5e-05 | no_interact=True
   ↳ avg_score=-462.899994 | runtime=1.97s
▶ Run 173/180 | problem=QUBO t=1 | kernel=hk (bandwith_kernel=n/a) | adv=peragentrankweighted | M=1 | lambda=20 | epsilon_svgd=0.5 | gamma=5e-05 | no_interact=True
   ↳ avg_score=-1068.839966 | runtime=1.97s
▶ Run 174/180 | problem=QUBO t=1 | kernel=hk (bandwith_kernel=n/a) | adv=peragentrankweighted | M=1 | lambda=20 | epsilon_svgd=0.8 | gamma=5e-05 | no_interact=True
   ↳ avg_score=-1206.520020 | runtime=1.97s
▶ Run 175/180 | problem=QUBO t=1 | kernel=hk (bandwith_kernel=n/a) | adv=peragentrankweighted | M=1 | lambda=25 | epsilon_svgd=0.007 | gamma=5e-05 | no_interact=True
   ↳ avg_score=-449.260010 | runtime=1.76s
▶ Run 176/180 | problem=QUBO t=1 | kernel=hk (bandwith_kernel=n/a) | adv=peragentrankweighted | M=1 | lambda=25 | epsilon_svgd=0.01 | gamma=5e-05 | no_interact=True
   ↳ avg_score=-452.380005 | runtime=1.76s
▶ Run 177/180 | problem=QUBO t=1 | kernel=hk (bandwith_kernel=n/a) | adv=peragentrankweighted | M=1 | lambda=25 | epsilon_svgd=0.03 | gamma=5e-05 | no_interact=True
   ↳ avg_score=-449.079987 | runtime=1.76s
▶ Run 178/180 | problem=QUBO t=1 | kernel=hk (bandwith_kernel=n/a) | adv=peragentrankweighted | M=1 | lambda=25 | epsilon_svgd=0.1 | gamma=5e-05 | no_interact=True
   ↳ avg_score=-462.959991 | runtime=1.76s
▶ Run 179/180 | problem=QUBO t=1 | kernel=hk (bandwith_kernel=n/a) | adv=peragentrankweighted | M=1 | lambda=25 | epsilon_svgd=0.5 | gamma=5e-05 | no_interact=True
   ↳ avg_score=-976.640015 | runtime=1.76s
▶ Run 180/180 | problem=QUBO t=1 | kernel=hk (bandwith_kernel=n/a) | adv=peragentrankweighted | M=1 | lambda=25 | epsilon_svgd=0.8 | gamma=5e-05 | no_interact=True
   ↳ avg_score=-1151.859985 | runtime=1.76s
[DONE] main_expe completed in 499.08s. Results in /home/t.lan@univ-angers.fr/Supplementary-material/results/experiments
Job terminé à Wed Jan 21 14:19:00 CET 2026
