Job démarré sur gnode5 à Wed Jan 21 15:20:30 CET 2026
Run main_expe
[NK dim=256 t=2] total runs: 180
▶ Run 1/180 | problem=NK t=2 | kernel=hk (bandwith_kernel=n/a) | adv=peragentrankweighted | M=20 | lambda=7 | epsilon_svgd=0.007 | gamma=5e-05 | no_interact=True
   ↳ avg_score=0.567165 | runtime=1.52s
   ↳ new best for this problem+kernel.
▶ Run 2/180 | problem=NK t=2 | kernel=hk (bandwith_kernel=n/a) | adv=peragentrankweighted | M=20 | lambda=7 | epsilon_svgd=0.01 | gamma=5e-05 | no_interact=True
   ↳ avg_score=0.566027 | runtime=1.14s
▶ Run 3/180 | problem=NK t=2 | kernel=hk (bandwith_kernel=n/a) | adv=peragentrankweighted | M=20 | lambda=7 | epsilon_svgd=0.03 | gamma=5e-05 | no_interact=True
   ↳ avg_score=0.567605 | runtime=1.13s
   ↳ new best for this problem+kernel.
▶ Run 4/180 | problem=NK t=2 | kernel=hk (bandwith_kernel=n/a) | adv=peragentrankweighted | M=20 | lambda=7 | epsilon_svgd=0.1 | gamma=5e-05 | no_interact=True
   ↳ avg_score=0.570311 | runtime=1.14s
   ↳ new best for this problem+kernel.
▶ Run 5/180 | problem=NK t=2 | kernel=hk (bandwith_kernel=n/a) | adv=peragentrankweighted | M=20 | lambda=7 | epsilon_svgd=0.5 | gamma=5e-05 | no_interact=True
   ↳ avg_score=0.589609 | runtime=1.14s
   ↳ new best for this problem+kernel.
▶ Run 6/180 | problem=NK t=2 | kernel=hk (bandwith_kernel=n/a) | adv=peragentrankweighted | M=20 | lambda=7 | epsilon_svgd=0.8 | gamma=5e-05 | no_interact=True
   ↳ avg_score=0.605798 | runtime=1.14s
   ↳ new best for this problem+kernel.
▶ Run 7/180 | problem=NK t=2 | kernel=hk (bandwith_kernel=n/a) | adv=peragentrankweighted | M=20 | lambda=10 | epsilon_svgd=0.007 | gamma=5e-05 | no_interact=True
   ↳ avg_score=0.565713 | runtime=1.04s
▶ Run 8/180 | problem=NK t=2 | kernel=hk (bandwith_kernel=n/a) | adv=peragentrankweighted | M=20 | lambda=10 | epsilon_svgd=0.01 | gamma=5e-05 | no_interact=True
   ↳ avg_score=0.566733 | runtime=1.04s
▶ Run 9/180 | problem=NK t=2 | kernel=hk (bandwith_kernel=n/a) | adv=peragentrankweighted | M=20 | lambda=10 | epsilon_svgd=0.03 | gamma=5e-05 | no_interact=True
   ↳ avg_score=0.566536 | runtime=1.04s
▶ Run 10/180 | problem=NK t=2 | kernel=hk (bandwith_kernel=n/a) | adv=peragentrankweighted | M=20 | lambda=10 | epsilon_svgd=0.1 | gamma=5e-05 | no_interact=True
   ↳ avg_score=0.567912 | runtime=1.04s
▶ Run 11/180 | problem=NK t=2 | kernel=hk (bandwith_kernel=n/a) | adv=peragentrankweighted | M=20 | lambda=10 | epsilon_svgd=0.5 | gamma=5e-05 | no_interact=True
   ↳ avg_score=0.582194 | runtime=1.04s
▶ Run 12/180 | problem=NK t=2 | kernel=hk (bandwith_kernel=n/a) | adv=peragentrankweighted | M=20 | lambda=10 | epsilon_svgd=0.8 | gamma=5e-05 | no_interact=True
   ↳ avg_score=0.593143 | runtime=1.04s
▶ Run 13/180 | problem=NK t=2 | kernel=hk (bandwith_kernel=n/a) | adv=peragentrankweighted | M=20 | lambda=15 | epsilon_svgd=0.007 | gamma=5e-05 | no_interact=True
   ↳ avg_score=0.566869 | runtime=1.45s
▶ Run 14/180 | problem=NK t=2 | kernel=hk (bandwith_kernel=n/a) | adv=peragentrankweighted | M=20 | lambda=15 | epsilon_svgd=0.01 | gamma=5e-05 | no_interact=True
   ↳ avg_score=0.565895 | runtime=1.00s
▶ Run 15/180 | problem=NK t=2 | kernel=hk (bandwith_kernel=n/a) | adv=peragentrankweighted | M=20 | lambda=15 | epsilon_svgd=0.03 | gamma=5e-05 | no_interact=True
   ↳ avg_score=0.566963 | runtime=1.00s
▶ Run 16/180 | problem=NK t=2 | kernel=hk (bandwith_kernel=n/a) | adv=peragentrankweighted | M=20 | lambda=15 | epsilon_svgd=0.1 | gamma=5e-05 | no_interact=True
   ↳ avg_score=0.568295 | runtime=1.00s
▶ Run 17/180 | problem=NK t=2 | kernel=hk (bandwith_kernel=n/a) | adv=peragentrankweighted | M=20 | lambda=15 | epsilon_svgd=0.5 | gamma=5e-05 | no_interact=True
   ↳ avg_score=0.575707 | runtime=1.00s
▶ Run 18/180 | problem=NK t=2 | kernel=hk (bandwith_kernel=n/a) | adv=peragentrankweighted | M=20 | lambda=15 | epsilon_svgd=0.8 | gamma=5e-05 | no_interact=True
   ↳ avg_score=0.582782 | runtime=1.00s
▶ Run 19/180 | problem=NK t=2 | kernel=hk (bandwith_kernel=n/a) | adv=peragentrankweighted | M=20 | lambda=20 | epsilon_svgd=0.007 | gamma=5e-05 | no_interact=True
   ↳ avg_score=0.566808 | runtime=1.44s
▶ Run 20/180 | problem=NK t=2 | kernel=hk (bandwith_kernel=n/a) | adv=peragentrankweighted | M=20 | lambda=20 | epsilon_svgd=0.01 | gamma=5e-05 | no_interact=True
   ↳ avg_score=0.566489 | runtime=1.03s
▶ Run 21/180 | problem=NK t=2 | kernel=hk (bandwith_kernel=n/a) | adv=peragentrankweighted | M=20 | lambda=20 | epsilon_svgd=0.03 | gamma=5e-05 | no_interact=True
   ↳ avg_score=0.566588 | runtime=1.03s
▶ Run 22/180 | problem=NK t=2 | kernel=hk (bandwith_kernel=n/a) | adv=peragentrankweighted | M=20 | lambda=20 | epsilon_svgd=0.1 | gamma=5e-05 | no_interact=True
   ↳ avg_score=0.567393 | runtime=1.03s
▶ Run 23/180 | problem=NK t=2 | kernel=hk (bandwith_kernel=n/a) | adv=peragentrankweighted | M=20 | lambda=20 | epsilon_svgd=0.5 | gamma=5e-05 | no_interact=True
   ↳ avg_score=0.573158 | runtime=1.03s
▶ Run 24/180 | problem=NK t=2 | kernel=hk (bandwith_kernel=n/a) | adv=peragentrankweighted | M=20 | lambda=20 | epsilon_svgd=0.8 | gamma=5e-05 | no_interact=True
   ↳ avg_score=0.577909 | runtime=1.03s
▶ Run 25/180 | problem=NK t=2 | kernel=hk (bandwith_kernel=n/a) | adv=peragentrankweighted | M=20 | lambda=25 | epsilon_svgd=0.007 | gamma=5e-05 | no_interact=True
   ↳ avg_score=0.565910 | runtime=1.61s
▶ Run 26/180 | problem=NK t=2 | kernel=hk (bandwith_kernel=n/a) | adv=peragentrankweighted | M=20 | lambda=25 | epsilon_svgd=0.01 | gamma=5e-05 | no_interact=True
   ↳ avg_score=0.567002 | runtime=1.07s
▶ Run 27/180 | problem=NK t=2 | kernel=hk (bandwith_kernel=n/a) | adv=peragentrankweighted | M=20 | lambda=25 | epsilon_svgd=0.03 | gamma=5e-05 | no_interact=True
   ↳ avg_score=0.566050 | runtime=1.07s
▶ Run 28/180 | problem=NK t=2 | kernel=hk (bandwith_kernel=n/a) | adv=peragentrankweighted | M=20 | lambda=25 | epsilon_svgd=0.1 | gamma=5e-05 | no_interact=True
   ↳ avg_score=0.567361 | runtime=1.08s
▶ Run 29/180 | problem=NK t=2 | kernel=hk (bandwith_kernel=n/a) | adv=peragentrankweighted | M=20 | lambda=25 | epsilon_svgd=0.5 | gamma=5e-05 | no_interact=True
   ↳ avg_score=0.571726 | runtime=1.07s
▶ Run 30/180 | problem=NK t=2 | kernel=hk (bandwith_kernel=n/a) | adv=peragentrankweighted | M=20 | lambda=25 | epsilon_svgd=0.8 | gamma=5e-05 | no_interact=True
   ↳ avg_score=0.576400 | runtime=1.07s
▶ Run 31/180 | problem=NK t=2 | kernel=hk (bandwith_kernel=n/a) | adv=peragentrankweighted | M=15 | lambda=7 | epsilon_svgd=0.007 | gamma=5e-05 | no_interact=True
   ↳ avg_score=0.565933 | runtime=1.19s
▶ Run 32/180 | problem=NK t=2 | kernel=hk (bandwith_kernel=n/a) | adv=peragentrankweighted | M=15 | lambda=7 | epsilon_svgd=0.01 | gamma=5e-05 | no_interact=True
   ↳ avg_score=0.567189 | runtime=1.18s
▶ Run 33/180 | problem=NK t=2 | kernel=hk (bandwith_kernel=n/a) | adv=peragentrankweighted | M=15 | lambda=7 | epsilon_svgd=0.03 | gamma=5e-05 | no_interact=True
   ↳ avg_score=0.568917 | runtime=1.18s
▶ Run 34/180 | problem=NK t=2 | kernel=hk (bandwith_kernel=n/a) | adv=peragentrankweighted | M=15 | lambda=7 | epsilon_svgd=0.1 | gamma=5e-05 | no_interact=True
   ↳ avg_score=0.571534 | runtime=1.18s
▶ Run 35/180 | problem=NK t=2 | kernel=hk (bandwith_kernel=n/a) | adv=peragentrankweighted | M=15 | lambda=7 | epsilon_svgd=0.5 | gamma=5e-05 | no_interact=True
   ↳ avg_score=0.597763 | runtime=1.18s
▶ Run 36/180 | problem=NK t=2 | kernel=hk (bandwith_kernel=n/a) | adv=peragentrankweighted | M=15 | lambda=7 | epsilon_svgd=0.8 | gamma=5e-05 | no_interact=True
   ↳ avg_score=0.618684 | runtime=1.18s
   ↳ new best for this problem+kernel.
▶ Run 37/180 | problem=NK t=2 | kernel=hk (bandwith_kernel=n/a) | adv=peragentrankweighted | M=15 | lambda=10 | epsilon_svgd=0.007 | gamma=5e-05 | no_interact=True
   ↳ avg_score=0.566008 | runtime=1.05s
▶ Run 38/180 | problem=NK t=2 | kernel=hk (bandwith_kernel=n/a) | adv=peragentrankweighted | M=15 | lambda=10 | epsilon_svgd=0.01 | gamma=5e-05 | no_interact=True
   ↳ avg_score=0.565820 | runtime=1.05s
▶ Run 39/180 | problem=NK t=2 | kernel=hk (bandwith_kernel=n/a) | adv=peragentrankweighted | M=15 | lambda=10 | epsilon_svgd=0.03 | gamma=5e-05 | no_interact=True
   ↳ avg_score=0.566915 | runtime=1.05s
▶ Run 40/180 | problem=NK t=2 | kernel=hk (bandwith_kernel=n/a) | adv=peragentrankweighted | M=15 | lambda=10 | epsilon_svgd=0.1 | gamma=5e-05 | no_interact=True
   ↳ avg_score=0.569387 | runtime=1.05s
▶ Run 41/180 | problem=NK t=2 | kernel=hk (bandwith_kernel=n/a) | adv=peragentrankweighted | M=15 | lambda=10 | epsilon_svgd=0.5 | gamma=5e-05 | no_interact=True
   ↳ avg_score=0.587798 | runtime=1.05s
▶ Run 42/180 | problem=NK t=2 | kernel=hk (bandwith_kernel=n/a) | adv=peragentrankweighted | M=15 | lambda=10 | epsilon_svgd=0.8 | gamma=5e-05 | no_interact=True
   ↳ avg_score=0.602990 | runtime=1.05s
▶ Run 43/180 | problem=NK t=2 | kernel=hk (bandwith_kernel=n/a) | adv=peragentrankweighted | M=15 | lambda=15 | epsilon_svgd=0.007 | gamma=5e-05 | no_interact=True
   ↳ avg_score=0.566939 | runtime=0.97s
▶ Run 44/180 | problem=NK t=2 | kernel=hk (bandwith_kernel=n/a) | adv=peragentrankweighted | M=15 | lambda=15 | epsilon_svgd=0.01 | gamma=5e-05 | no_interact=True
   ↳ avg_score=0.566661 | runtime=0.97s
▶ Run 45/180 | problem=NK t=2 | kernel=hk (bandwith_kernel=n/a) | adv=peragentrankweighted | M=15 | lambda=15 | epsilon_svgd=0.03 | gamma=5e-05 | no_interact=True
   ↳ avg_score=0.566954 | runtime=0.97s
▶ Run 46/180 | problem=NK t=2 | kernel=hk (bandwith_kernel=n/a) | adv=peragentrankweighted | M=15 | lambda=15 | epsilon_svgd=0.1 | gamma=5e-05 | no_interact=True
   ↳ avg_score=0.568266 | runtime=0.97s
▶ Run 47/180 | problem=NK t=2 | kernel=hk (bandwith_kernel=n/a) | adv=peragentrankweighted | M=15 | lambda=15 | epsilon_svgd=0.5 | gamma=5e-05 | no_interact=True
   ↳ avg_score=0.580125 | runtime=0.97s
▶ Run 48/180 | problem=NK t=2 | kernel=hk (bandwith_kernel=n/a) | adv=peragentrankweighted | M=15 | lambda=15 | epsilon_svgd=0.8 | gamma=5e-05 | no_interact=True
   ↳ avg_score=0.590231 | runtime=0.97s
▶ Run 49/180 | problem=NK t=2 | kernel=hk (bandwith_kernel=n/a) | adv=peragentrankweighted | M=15 | lambda=20 | epsilon_svgd=0.007 | gamma=5e-05 | no_interact=True
   ↳ avg_score=0.565755 | runtime=0.96s
▶ Run 50/180 | problem=NK t=2 | kernel=hk (bandwith_kernel=n/a) | adv=peragentrankweighted | M=15 | lambda=20 | epsilon_svgd=0.01 | gamma=5e-05 | no_interact=True
   ↳ avg_score=0.567204 | runtime=0.97s
▶ Run 51/180 | problem=NK t=2 | kernel=hk (bandwith_kernel=n/a) | adv=peragentrankweighted | M=15 | lambda=20 | epsilon_svgd=0.03 | gamma=5e-05 | no_interact=True
   ↳ avg_score=0.567427 | runtime=0.97s
▶ Run 52/180 | problem=NK t=2 | kernel=hk (bandwith_kernel=n/a) | adv=peragentrankweighted | M=15 | lambda=20 | epsilon_svgd=0.1 | gamma=5e-05 | no_interact=True
   ↳ avg_score=0.569125 | runtime=0.97s
▶ Run 53/180 | problem=NK t=2 | kernel=hk (bandwith_kernel=n/a) | adv=peragentrankweighted | M=15 | lambda=20 | epsilon_svgd=0.5 | gamma=5e-05 | no_interact=True
   ↳ avg_score=0.575748 | runtime=0.97s
▶ Run 54/180 | problem=NK t=2 | kernel=hk (bandwith_kernel=n/a) | adv=peragentrankweighted | M=15 | lambda=20 | epsilon_svgd=0.8 | gamma=5e-05 | no_interact=True
   ↳ avg_score=0.583461 | runtime=0.97s
▶ Run 55/180 | problem=NK t=2 | kernel=hk (bandwith_kernel=n/a) | adv=peragentrankweighted | M=15 | lambda=25 | epsilon_svgd=0.007 | gamma=5e-05 | no_interact=True
   ↳ avg_score=0.565956 | runtime=0.98s
▶ Run 56/180 | problem=NK t=2 | kernel=hk (bandwith_kernel=n/a) | adv=peragentrankweighted | M=15 | lambda=25 | epsilon_svgd=0.01 | gamma=5e-05 | no_interact=True
   ↳ avg_score=0.566285 | runtime=0.98s
▶ Run 57/180 | problem=NK t=2 | kernel=hk (bandwith_kernel=n/a) | adv=peragentrankweighted | M=15 | lambda=25 | epsilon_svgd=0.03 | gamma=5e-05 | no_interact=True
   ↳ avg_score=0.566602 | runtime=0.98s
▶ Run 58/180 | problem=NK t=2 | kernel=hk (bandwith_kernel=n/a) | adv=peragentrankweighted | M=15 | lambda=25 | epsilon_svgd=0.1 | gamma=5e-05 | no_interact=True
   ↳ avg_score=0.568531 | runtime=0.98s
▶ Run 59/180 | problem=NK t=2 | kernel=hk (bandwith_kernel=n/a) | adv=peragentrankweighted | M=15 | lambda=25 | epsilon_svgd=0.5 | gamma=5e-05 | no_interact=True
   ↳ avg_score=0.573105 | runtime=0.98s
▶ Run 60/180 | problem=NK t=2 | kernel=hk (bandwith_kernel=n/a) | adv=peragentrankweighted | M=15 | lambda=25 | epsilon_svgd=0.8 | gamma=5e-05 | no_interact=True
   ↳ avg_score=0.579007 | runtime=0.98s
▶ Run 61/180 | problem=NK t=2 | kernel=hk (bandwith_kernel=n/a) | adv=peragentrankweighted | M=10 | lambda=7 | epsilon_svgd=0.007 | gamma=5e-05 | no_interact=True
   ↳ avg_score=0.566968 | runtime=1.33s
▶ Run 62/180 | problem=NK t=2 | kernel=hk (bandwith_kernel=n/a) | adv=peragentrankweighted | M=10 | lambda=7 | epsilon_svgd=0.01 | gamma=5e-05 | no_interact=True
   ↳ avg_score=0.566941 | runtime=1.33s
▶ Run 63/180 | problem=NK t=2 | kernel=hk (bandwith_kernel=n/a) | adv=peragentrankweighted | M=10 | lambda=7 | epsilon_svgd=0.03 | gamma=5e-05 | no_interact=True
   ↳ avg_score=0.568443 | runtime=1.34s
▶ Run 64/180 | problem=NK t=2 | kernel=hk (bandwith_kernel=n/a) | adv=peragentrankweighted | M=10 | lambda=7 | epsilon_svgd=0.1 | gamma=5e-05 | no_interact=True
   ↳ avg_score=0.574192 | runtime=1.33s
▶ Run 65/180 | problem=NK t=2 | kernel=hk (bandwith_kernel=n/a) | adv=peragentrankweighted | M=10 | lambda=7 | epsilon_svgd=0.5 | gamma=5e-05 | no_interact=True
   ↳ avg_score=0.616256 | runtime=1.33s
▶ Run 66/180 | problem=NK t=2 | kernel=hk (bandwith_kernel=n/a) | adv=peragentrankweighted | M=10 | lambda=7 | epsilon_svgd=0.8 | gamma=5e-05 | no_interact=True
   ↳ avg_score=0.643181 | runtime=1.33s
   ↳ new best for this problem+kernel.
▶ Run 67/180 | problem=NK t=2 | kernel=hk (bandwith_kernel=n/a) | adv=peragentrankweighted | M=10 | lambda=10 | epsilon_svgd=0.007 | gamma=5e-05 | no_interact=True
   ↳ avg_score=0.565349 | runtime=1.14s
▶ Run 68/180 | problem=NK t=2 | kernel=hk (bandwith_kernel=n/a) | adv=peragentrankweighted | M=10 | lambda=10 | epsilon_svgd=0.01 | gamma=5e-05 | no_interact=True
   ↳ avg_score=0.566636 | runtime=1.14s
▶ Run 69/180 | problem=NK t=2 | kernel=hk (bandwith_kernel=n/a) | adv=peragentrankweighted | M=10 | lambda=10 | epsilon_svgd=0.03 | gamma=5e-05 | no_interact=True
   ↳ avg_score=0.566847 | runtime=1.14s
▶ Run 70/180 | problem=NK t=2 | kernel=hk (bandwith_kernel=n/a) | adv=peragentrankweighted | M=10 | lambda=10 | epsilon_svgd=0.1 | gamma=5e-05 | no_interact=True
   ↳ avg_score=0.572440 | runtime=1.14s
▶ Run 71/180 | problem=NK t=2 | kernel=hk (bandwith_kernel=n/a) | adv=peragentrankweighted | M=10 | lambda=10 | epsilon_svgd=0.5 | gamma=5e-05 | no_interact=True
   ↳ avg_score=0.600484 | runtime=1.14s
▶ Run 72/180 | problem=NK t=2 | kernel=hk (bandwith_kernel=n/a) | adv=peragentrankweighted | M=10 | lambda=10 | epsilon_svgd=0.8 | gamma=5e-05 | no_interact=True
   ↳ avg_score=0.621154 | runtime=1.14s
▶ Run 73/180 | problem=NK t=2 | kernel=hk (bandwith_kernel=n/a) | adv=peragentrankweighted | M=10 | lambda=15 | epsilon_svgd=0.007 | gamma=5e-05 | no_interact=True
   ↳ avg_score=0.566631 | runtime=1.00s
▶ Run 74/180 | problem=NK t=2 | kernel=hk (bandwith_kernel=n/a) | adv=peragentrankweighted | M=10 | lambda=15 | epsilon_svgd=0.01 | gamma=5e-05 | no_interact=True
   ↳ avg_score=0.567088 | runtime=1.00s
▶ Run 75/180 | problem=NK t=2 | kernel=hk (bandwith_kernel=n/a) | adv=peragentrankweighted | M=10 | lambda=15 | epsilon_svgd=0.03 | gamma=5e-05 | no_interact=True
   ↳ avg_score=0.567436 | runtime=1.00s
▶ Run 76/180 | problem=NK t=2 | kernel=hk (bandwith_kernel=n/a) | adv=peragentrankweighted | M=10 | lambda=15 | epsilon_svgd=0.1 | gamma=5e-05 | no_interact=True
   ↳ avg_score=0.569933 | runtime=1.00s
▶ Run 77/180 | problem=NK t=2 | kernel=hk (bandwith_kernel=n/a) | adv=peragentrankweighted | M=10 | lambda=15 | epsilon_svgd=0.5 | gamma=5e-05 | no_interact=True
   ↳ avg_score=0.589241 | runtime=1.00s
▶ Run 78/180 | problem=NK t=2 | kernel=hk (bandwith_kernel=n/a) | adv=peragentrankweighted | M=10 | lambda=15 | epsilon_svgd=0.8 | gamma=5e-05 | no_interact=True
   ↳ avg_score=0.602086 | runtime=1.00s
▶ Run 79/180 | problem=NK t=2 | kernel=hk (bandwith_kernel=n/a) | adv=peragentrankweighted | M=10 | lambda=20 | epsilon_svgd=0.007 | gamma=5e-05 | no_interact=True
   ↳ avg_score=0.566397 | runtime=0.96s
▶ Run 80/180 | problem=NK t=2 | kernel=hk (bandwith_kernel=n/a) | adv=peragentrankweighted | M=10 | lambda=20 | epsilon_svgd=0.01 | gamma=5e-05 | no_interact=True
   ↳ avg_score=0.566498 | runtime=0.97s
▶ Run 81/180 | problem=NK t=2 | kernel=hk (bandwith_kernel=n/a) | adv=peragentrankweighted | M=10 | lambda=20 | epsilon_svgd=0.03 | gamma=5e-05 | no_interact=True
   ↳ avg_score=0.567360 | runtime=0.96s
▶ Run 82/180 | problem=NK t=2 | kernel=hk (bandwith_kernel=n/a) | adv=peragentrankweighted | M=10 | lambda=20 | epsilon_svgd=0.1 | gamma=5e-05 | no_interact=True
   ↳ avg_score=0.569109 | runtime=0.96s
▶ Run 83/180 | problem=NK t=2 | kernel=hk (bandwith_kernel=n/a) | adv=peragentrankweighted | M=10 | lambda=20 | epsilon_svgd=0.5 | gamma=5e-05 | no_interact=True
   ↳ avg_score=0.581230 | runtime=0.96s
▶ Run 84/180 | problem=NK t=2 | kernel=hk (bandwith_kernel=n/a) | adv=peragentrankweighted | M=10 | lambda=20 | epsilon_svgd=0.8 | gamma=5e-05 | no_interact=True
   ↳ avg_score=0.594241 | runtime=0.96s
▶ Run 85/180 | problem=NK t=2 | kernel=hk (bandwith_kernel=n/a) | adv=peragentrankweighted | M=10 | lambda=25 | epsilon_svgd=0.007 | gamma=5e-05 | no_interact=True
   ↳ avg_score=0.566152 | runtime=0.95s
▶ Run 86/180 | problem=NK t=2 | kernel=hk (bandwith_kernel=n/a) | adv=peragentrankweighted | M=10 | lambda=25 | epsilon_svgd=0.01 | gamma=5e-05 | no_interact=True
   ↳ avg_score=0.565994 | runtime=0.95s
▶ Run 87/180 | problem=NK t=2 | kernel=hk (bandwith_kernel=n/a) | adv=peragentrankweighted | M=10 | lambda=25 | epsilon_svgd=0.03 | gamma=5e-05 | no_interact=True
   ↳ avg_score=0.567295 | runtime=0.95s
▶ Run 88/180 | problem=NK t=2 | kernel=hk (bandwith_kernel=n/a) | adv=peragentrankweighted | M=10 | lambda=25 | epsilon_svgd=0.1 | gamma=5e-05 | no_interact=True
   ↳ avg_score=0.568530 | runtime=0.95s
▶ Run 89/180 | problem=NK t=2 | kernel=hk (bandwith_kernel=n/a) | adv=peragentrankweighted | M=10 | lambda=25 | epsilon_svgd=0.5 | gamma=5e-05 | no_interact=True
   ↳ avg_score=0.578668 | runtime=0.95s
▶ Run 90/180 | problem=NK t=2 | kernel=hk (bandwith_kernel=n/a) | adv=peragentrankweighted | M=10 | lambda=25 | epsilon_svgd=0.8 | gamma=5e-05 | no_interact=True
   ↳ avg_score=0.587307 | runtime=0.95s
▶ Run 91/180 | problem=NK t=2 | kernel=hk (bandwith_kernel=n/a) | adv=peragentrankweighted | M=5 | lambda=7 | epsilon_svgd=0.007 | gamma=5e-05 | no_interact=True
   ↳ avg_score=0.566148 | runtime=1.85s
▶ Run 92/180 | problem=NK t=2 | kernel=hk (bandwith_kernel=n/a) | adv=peragentrankweighted | M=5 | lambda=7 | epsilon_svgd=0.01 | gamma=5e-05 | no_interact=True
   ↳ avg_score=0.567826 | runtime=1.86s
▶ Run 93/180 | problem=NK t=2 | kernel=hk (bandwith_kernel=n/a) | adv=peragentrankweighted | M=5 | lambda=7 | epsilon_svgd=0.03 | gamma=5e-05 | no_interact=True
   ↳ avg_score=0.570803 | runtime=1.86s
▶ Run 94/180 | problem=NK t=2 | kernel=hk (bandwith_kernel=n/a) | adv=peragentrankweighted | M=5 | lambda=7 | epsilon_svgd=0.1 | gamma=5e-05 | no_interact=True
   ↳ avg_score=0.585221 | runtime=1.86s
▶ Run 95/180 | problem=NK t=2 | kernel=hk (bandwith_kernel=n/a) | adv=peragentrankweighted | M=5 | lambda=7 | epsilon_svgd=0.5 | gamma=5e-05 | no_interact=True
   ↳ avg_score=0.660529 | runtime=1.85s
   ↳ new best for this problem+kernel.
▶ Run 96/180 | problem=NK t=2 | kernel=hk (bandwith_kernel=n/a) | adv=peragentrankweighted | M=5 | lambda=7 | epsilon_svgd=0.8 | gamma=5e-05 | no_interact=True
   ↳ avg_score=0.691084 | runtime=1.86s
   ↳ new best for this problem+kernel.
▶ Run 97/180 | problem=NK t=2 | kernel=hk (bandwith_kernel=n/a) | adv=peragentrankweighted | M=5 | lambda=10 | epsilon_svgd=0.007 | gamma=5e-05 | no_interact=True
   ↳ avg_score=0.567308 | runtime=1.49s
▶ Run 98/180 | problem=NK t=2 | kernel=hk (bandwith_kernel=n/a) | adv=peragentrankweighted | M=5 | lambda=10 | epsilon_svgd=0.01 | gamma=5e-05 | no_interact=True
   ↳ avg_score=0.568422 | runtime=1.49s
▶ Run 99/180 | problem=NK t=2 | kernel=hk (bandwith_kernel=n/a) | adv=peragentrankweighted | M=5 | lambda=10 | epsilon_svgd=0.03 | gamma=5e-05 | no_interact=True
   ↳ avg_score=0.569463 | runtime=1.48s
▶ Run 100/180 | problem=NK t=2 | kernel=hk (bandwith_kernel=n/a) | adv=peragentrankweighted | M=5 | lambda=10 | epsilon_svgd=0.1 | gamma=5e-05 | no_interact=True
   ↳ avg_score=0.578618 | runtime=1.48s
▶ Run 101/180 | problem=NK t=2 | kernel=hk (bandwith_kernel=n/a) | adv=peragentrankweighted | M=5 | lambda=10 | epsilon_svgd=0.5 | gamma=5e-05 | no_interact=True
   ↳ avg_score=0.635975 | runtime=1.48s
▶ Run 102/180 | problem=NK t=2 | kernel=hk (bandwith_kernel=n/a) | adv=peragentrankweighted | M=5 | lambda=10 | epsilon_svgd=0.8 | gamma=5e-05 | no_interact=True
   ↳ avg_score=0.668317 | runtime=1.48s
▶ Run 103/180 | problem=NK t=2 | kernel=hk (bandwith_kernel=n/a) | adv=peragentrankweighted | M=5 | lambda=15 | epsilon_svgd=0.007 | gamma=5e-05 | no_interact=True
   ↳ avg_score=0.567171 | runtime=1.20s
▶ Run 104/180 | problem=NK t=2 | kernel=hk (bandwith_kernel=n/a) | adv=peragentrankweighted | M=5 | lambda=15 | epsilon_svgd=0.01 | gamma=5e-05 | no_interact=True
   ↳ avg_score=0.566502 | runtime=1.20s
▶ Run 105/180 | problem=NK t=2 | kernel=hk (bandwith_kernel=n/a) | adv=peragentrankweighted | M=5 | lambda=15 | epsilon_svgd=0.03 | gamma=5e-05 | no_interact=True
   ↳ avg_score=0.568905 | runtime=1.20s
▶ Run 106/180 | problem=NK t=2 | kernel=hk (bandwith_kernel=n/a) | adv=peragentrankweighted | M=5 | lambda=15 | epsilon_svgd=0.1 | gamma=5e-05 | no_interact=True
   ↳ avg_score=0.574074 | runtime=1.20s
▶ Run 107/180 | problem=NK t=2 | kernel=hk (bandwith_kernel=n/a) | adv=peragentrankweighted | M=5 | lambda=15 | epsilon_svgd=0.5 | gamma=5e-05 | no_interact=True
   ↳ avg_score=0.614015 | runtime=1.20s
▶ Run 108/180 | problem=NK t=2 | kernel=hk (bandwith_kernel=n/a) | adv=peragentrankweighted | M=5 | lambda=15 | epsilon_svgd=0.8 | gamma=5e-05 | no_interact=True
   ↳ avg_score=0.640462 | runtime=1.20s
▶ Run 109/180 | problem=NK t=2 | kernel=hk (bandwith_kernel=n/a) | adv=peragentrankweighted | M=5 | lambda=20 | epsilon_svgd=0.007 | gamma=5e-05 | no_interact=True
   ↳ avg_score=0.566125 | runtime=1.07s
▶ Run 110/180 | problem=NK t=2 | kernel=hk (bandwith_kernel=n/a) | adv=peragentrankweighted | M=5 | lambda=20 | epsilon_svgd=0.01 | gamma=5e-05 | no_interact=True
   ↳ avg_score=0.567131 | runtime=1.07s
▶ Run 111/180 | problem=NK t=2 | kernel=hk (bandwith_kernel=n/a) | adv=peragentrankweighted | M=5 | lambda=20 | epsilon_svgd=0.03 | gamma=5e-05 | no_interact=True
   ↳ avg_score=0.568326 | runtime=1.07s
▶ Run 112/180 | problem=NK t=2 | kernel=hk (bandwith_kernel=n/a) | adv=peragentrankweighted | M=5 | lambda=20 | epsilon_svgd=0.1 | gamma=5e-05 | no_interact=True
   ↳ avg_score=0.572537 | runtime=1.07s
▶ Run 113/180 | problem=NK t=2 | kernel=hk (bandwith_kernel=n/a) | adv=peragentrankweighted | M=5 | lambda=20 | epsilon_svgd=0.5 | gamma=5e-05 | no_interact=True
   ↳ avg_score=0.601093 | runtime=1.07s
▶ Run 114/180 | problem=NK t=2 | kernel=hk (bandwith_kernel=n/a) | adv=peragentrankweighted | M=5 | lambda=20 | epsilon_svgd=0.8 | gamma=5e-05 | no_interact=True
   ↳ avg_score=0.624054 | runtime=1.07s
▶ Run 115/180 | problem=NK t=2 | kernel=hk (bandwith_kernel=n/a) | adv=peragentrankweighted | M=5 | lambda=25 | epsilon_svgd=0.007 | gamma=5e-05 | no_interact=True
   ↳ avg_score=0.566905 | runtime=1.00s
▶ Run 116/180 | problem=NK t=2 | kernel=hk (bandwith_kernel=n/a) | adv=peragentrankweighted | M=5 | lambda=25 | epsilon_svgd=0.01 | gamma=5e-05 | no_interact=True
   ↳ avg_score=0.566106 | runtime=1.00s
▶ Run 117/180 | problem=NK t=2 | kernel=hk (bandwith_kernel=n/a) | adv=peragentrankweighted | M=5 | lambda=25 | epsilon_svgd=0.03 | gamma=5e-05 | no_interact=True
   ↳ avg_score=0.566523 | runtime=1.00s
▶ Run 118/180 | problem=NK t=2 | kernel=hk (bandwith_kernel=n/a) | adv=peragentrankweighted | M=5 | lambda=25 | epsilon_svgd=0.1 | gamma=5e-05 | no_interact=True
   ↳ avg_score=0.570502 | runtime=1.00s
▶ Run 119/180 | problem=NK t=2 | kernel=hk (bandwith_kernel=n/a) | adv=peragentrankweighted | M=5 | lambda=25 | epsilon_svgd=0.5 | gamma=5e-05 | no_interact=True
   ↳ avg_score=0.593450 | runtime=1.00s
▶ Run 120/180 | problem=NK t=2 | kernel=hk (bandwith_kernel=n/a) | adv=peragentrankweighted | M=5 | lambda=25 | epsilon_svgd=0.8 | gamma=5e-05 | no_interact=True
   ↳ avg_score=0.610660 | runtime=1.00s
▶ Run 121/180 | problem=NK t=2 | kernel=hk (bandwith_kernel=n/a) | adv=peragentrankweighted | M=3 | lambda=7 | epsilon_svgd=0.007 | gamma=5e-05 | no_interact=True
   ↳ avg_score=0.567652 | runtime=2.56s
▶ Run 122/180 | problem=NK t=2 | kernel=hk (bandwith_kernel=n/a) | adv=peragentrankweighted | M=3 | lambda=7 | epsilon_svgd=0.01 | gamma=5e-05 | no_interact=True
   ↳ avg_score=0.569211 | runtime=2.63s
▶ Run 123/180 | problem=NK t=2 | kernel=hk (bandwith_kernel=n/a) | adv=peragentrankweighted | M=3 | lambda=7 | epsilon_svgd=0.03 | gamma=5e-05 | no_interact=True
   ↳ avg_score=0.575870 | runtime=2.63s
▶ Run 124/180 | problem=NK t=2 | kernel=hk (bandwith_kernel=n/a) | adv=peragentrankweighted | M=3 | lambda=7 | epsilon_svgd=0.1 | gamma=5e-05 | no_interact=True
   ↳ avg_score=0.600366 | runtime=2.64s
▶ Run 125/180 | problem=NK t=2 | kernel=hk (bandwith_kernel=n/a) | adv=peragentrankweighted | M=3 | lambda=7 | epsilon_svgd=0.5 | gamma=5e-05 | no_interact=True
   ↳ avg_score=0.696691 | runtime=2.63s
   ↳ new best for this problem+kernel.
▶ Run 126/180 | problem=NK t=2 | kernel=hk (bandwith_kernel=n/a) | adv=peragentrankweighted | M=3 | lambda=7 | epsilon_svgd=0.8 | gamma=5e-05 | no_interact=True
   ↳ avg_score=0.718314 | runtime=2.63s
   ↳ new best for this problem+kernel.
▶ Run 127/180 | problem=NK t=2 | kernel=hk (bandwith_kernel=n/a) | adv=peragentrankweighted | M=3 | lambda=10 | epsilon_svgd=0.007 | gamma=5e-05 | no_interact=True
   ↳ avg_score=0.567426 | runtime=2.04s
▶ Run 128/180 | problem=NK t=2 | kernel=hk (bandwith_kernel=n/a) | adv=peragentrankweighted | M=3 | lambda=10 | epsilon_svgd=0.01 | gamma=5e-05 | no_interact=True
   ↳ avg_score=0.568330 | runtime=2.03s
▶ Run 129/180 | problem=NK t=2 | kernel=hk (bandwith_kernel=n/a) | adv=peragentrankweighted | M=3 | lambda=10 | epsilon_svgd=0.03 | gamma=5e-05 | no_interact=True
   ↳ avg_score=0.571730 | runtime=2.03s
▶ Run 130/180 | problem=NK t=2 | kernel=hk (bandwith_kernel=n/a) | adv=peragentrankweighted | M=3 | lambda=10 | epsilon_svgd=0.1 | gamma=5e-05 | no_interact=True
   ↳ avg_score=0.588537 | runtime=2.03s
▶ Run 131/180 | problem=NK t=2 | kernel=hk (bandwith_kernel=n/a) | adv=peragentrankweighted | M=3 | lambda=10 | epsilon_svgd=0.5 | gamma=5e-05 | no_interact=True
   ↳ avg_score=0.673162 | runtime=2.03s
▶ Run 132/180 | problem=NK t=2 | kernel=hk (bandwith_kernel=n/a) | adv=peragentrankweighted | M=3 | lambda=10 | epsilon_svgd=0.8 | gamma=5e-05 | no_interact=True
   ↳ avg_score=0.703085 | runtime=2.03s
▶ Run 133/180 | problem=NK t=2 | kernel=hk (bandwith_kernel=n/a) | adv=peragentrankweighted | M=3 | lambda=15 | epsilon_svgd=0.007 | gamma=5e-05 | no_interact=True
   ↳ avg_score=0.566741 | runtime=1.52s
▶ Run 134/180 | problem=NK t=2 | kernel=hk (bandwith_kernel=n/a) | adv=peragentrankweighted | M=3 | lambda=15 | epsilon_svgd=0.01 | gamma=5e-05 | no_interact=True
   ↳ avg_score=0.566956 | runtime=1.52s
▶ Run 135/180 | problem=NK t=2 | kernel=hk (bandwith_kernel=n/a) | adv=peragentrankweighted | M=3 | lambda=15 | epsilon_svgd=0.03 | gamma=5e-05 | no_interact=True
   ↳ avg_score=0.569486 | runtime=1.51s
▶ Run 136/180 | problem=NK t=2 | kernel=hk (bandwith_kernel=n/a) | adv=peragentrankweighted | M=3 | lambda=15 | epsilon_svgd=0.1 | gamma=5e-05 | no_interact=True
   ↳ avg_score=0.580981 | runtime=1.51s
▶ Run 137/180 | problem=NK t=2 | kernel=hk (bandwith_kernel=n/a) | adv=peragentrankweighted | M=3 | lambda=15 | epsilon_svgd=0.5 | gamma=5e-05 | no_interact=True
   ↳ avg_score=0.644222 | runtime=1.51s
▶ Run 138/180 | problem=NK t=2 | kernel=hk (bandwith_kernel=n/a) | adv=peragentrankweighted | M=3 | lambda=15 | epsilon_svgd=0.8 | gamma=5e-05 | no_interact=True
   ↳ avg_score=0.677373 | runtime=1.51s
▶ Run 139/180 | problem=NK t=2 | kernel=hk (bandwith_kernel=n/a) | adv=peragentrankweighted | M=3 | lambda=20 | epsilon_svgd=0.007 | gamma=5e-05 | no_interact=True
   ↳ avg_score=0.566878 | runtime=1.29s
▶ Run 140/180 | problem=NK t=2 | kernel=hk (bandwith_kernel=n/a) | adv=peragentrankweighted | M=3 | lambda=20 | epsilon_svgd=0.01 | gamma=5e-05 | no_interact=True
   ↳ avg_score=0.566645 | runtime=1.29s
▶ Run 141/180 | problem=NK t=2 | kernel=hk (bandwith_kernel=n/a) | adv=peragentrankweighted | M=3 | lambda=20 | epsilon_svgd=0.03 | gamma=5e-05 | no_interact=True
   ↳ avg_score=0.568528 | runtime=1.29s
▶ Run 142/180 | problem=NK t=2 | kernel=hk (bandwith_kernel=n/a) | adv=peragentrankweighted | M=3 | lambda=20 | epsilon_svgd=0.1 | gamma=5e-05 | no_interact=True
   ↳ avg_score=0.575780 | runtime=1.29s
▶ Run 143/180 | problem=NK t=2 | kernel=hk (bandwith_kernel=n/a) | adv=peragentrankweighted | M=3 | lambda=20 | epsilon_svgd=0.5 | gamma=5e-05 | no_interact=True
   ↳ avg_score=0.626324 | runtime=1.29s
▶ Run 144/180 | problem=NK t=2 | kernel=hk (bandwith_kernel=n/a) | adv=peragentrankweighted | M=3 | lambda=20 | epsilon_svgd=0.8 | gamma=5e-05 | no_interact=True
   ↳ avg_score=0.656470 | runtime=1.29s
▶ Run 145/180 | problem=NK t=2 | kernel=hk (bandwith_kernel=n/a) | adv=peragentrankweighted | M=3 | lambda=25 | epsilon_svgd=0.007 | gamma=5e-05 | no_interact=True
   ↳ avg_score=0.566558 | runtime=1.16s
▶ Run 146/180 | problem=NK t=2 | kernel=hk (bandwith_kernel=n/a) | adv=peragentrankweighted | M=3 | lambda=25 | epsilon_svgd=0.01 | gamma=5e-05 | no_interact=True
   ↳ avg_score=0.567351 | runtime=1.16s
▶ Run 147/180 | problem=NK t=2 | kernel=hk (bandwith_kernel=n/a) | adv=peragentrankweighted | M=3 | lambda=25 | epsilon_svgd=0.03 | gamma=5e-05 | no_interact=True
   ↳ avg_score=0.568509 | runtime=1.16s
▶ Run 148/180 | problem=NK t=2 | kernel=hk (bandwith_kernel=n/a) | adv=peragentrankweighted | M=3 | lambda=25 | epsilon_svgd=0.1 | gamma=5e-05 | no_interact=True
   ↳ avg_score=0.574378 | runtime=1.16s
▶ Run 149/180 | problem=NK t=2 | kernel=hk (bandwith_kernel=n/a) | adv=peragentrankweighted | M=3 | lambda=25 | epsilon_svgd=0.5 | gamma=5e-05 | no_interact=True
   ↳ avg_score=0.614522 | runtime=1.16s
▶ Run 150/180 | problem=NK t=2 | kernel=hk (bandwith_kernel=n/a) | adv=peragentrankweighted | M=3 | lambda=25 | epsilon_svgd=0.8 | gamma=5e-05 | no_interact=True
   ↳ avg_score=0.641025 | runtime=1.16s
▶ Run 151/180 | problem=NK t=2 | kernel=hk (bandwith_kernel=n/a) | adv=peragentrankweighted | M=1 | lambda=7 | epsilon_svgd=0.007 | gamma=5e-05 | no_interact=True
   ↳ avg_score=0.571849 | runtime=5.99s
▶ Run 152/180 | problem=NK t=2 | kernel=hk (bandwith_kernel=n/a) | adv=peragentrankweighted | M=1 | lambda=7 | epsilon_svgd=0.01 | gamma=5e-05 | no_interact=True
   ↳ avg_score=0.574054 | runtime=6.00s
▶ Run 153/180 | problem=NK t=2 | kernel=hk (bandwith_kernel=n/a) | adv=peragentrankweighted | M=1 | lambda=7 | epsilon_svgd=0.03 | gamma=5e-05 | no_interact=True
   ↳ avg_score=0.596547 | runtime=5.99s
▶ Run 154/180 | problem=NK t=2 | kernel=hk (bandwith_kernel=n/a) | adv=peragentrankweighted | M=1 | lambda=7 | epsilon_svgd=0.1 | gamma=5e-05 | no_interact=True
   ↳ avg_score=0.662151 | runtime=6.00s
▶ Run 155/180 | problem=NK t=2 | kernel=hk (bandwith_kernel=n/a) | adv=peragentrankweighted | M=1 | lambda=7 | epsilon_svgd=0.5 | gamma=5e-05 | no_interact=True
   ↳ avg_score=0.731851 | runtime=5.99s
   ↳ new best for this problem+kernel.
▶ Run 156/180 | problem=NK t=2 | kernel=hk (bandwith_kernel=n/a) | adv=peragentrankweighted | M=1 | lambda=7 | epsilon_svgd=0.8 | gamma=5e-05 | no_interact=True
   ↳ avg_score=0.731083 | runtime=6.00s
▶ Run 157/180 | problem=NK t=2 | kernel=hk (bandwith_kernel=n/a) | adv=peragentrankweighted | M=1 | lambda=10 | epsilon_svgd=0.007 | gamma=5e-05 | no_interact=True
   ↳ avg_score=0.569784 | runtime=4.22s
▶ Run 158/180 | problem=NK t=2 | kernel=hk (bandwith_kernel=n/a) | adv=peragentrankweighted | M=1 | lambda=10 | epsilon_svgd=0.01 | gamma=5e-05 | no_interact=True
   ↳ avg_score=0.572444 | runtime=4.22s
▶ Run 159/180 | problem=NK t=2 | kernel=hk (bandwith_kernel=n/a) | adv=peragentrankweighted | M=1 | lambda=10 | epsilon_svgd=0.03 | gamma=5e-05 | no_interact=True
   ↳ avg_score=0.586730 | runtime=4.22s
▶ Run 160/180 | problem=NK t=2 | kernel=hk (bandwith_kernel=n/a) | adv=peragentrankweighted | M=1 | lambda=10 | epsilon_svgd=0.1 | gamma=5e-05 | no_interact=True
   ↳ avg_score=0.638429 | runtime=4.21s
▶ Run 161/180 | problem=NK t=2 | kernel=hk (bandwith_kernel=n/a) | adv=peragentrankweighted | M=1 | lambda=10 | epsilon_svgd=0.5 | gamma=5e-05 | no_interact=True
   ↳ avg_score=0.728957 | runtime=4.21s
▶ Run 162/180 | problem=NK t=2 | kernel=hk (bandwith_kernel=n/a) | adv=peragentrankweighted | M=1 | lambda=10 | epsilon_svgd=0.8 | gamma=5e-05 | no_interact=True
   ↳ avg_score=0.731535 | runtime=4.21s
▶ Run 163/180 | problem=NK t=2 | kernel=hk (bandwith_kernel=n/a) | adv=peragentrankweighted | M=1 | lambda=15 | epsilon_svgd=0.007 | gamma=5e-05 | no_interact=True
   ↳ avg_score=0.569775 | runtime=2.83s
▶ Run 164/180 | problem=NK t=2 | kernel=hk (bandwith_kernel=n/a) | adv=peragentrankweighted | M=1 | lambda=15 | epsilon_svgd=0.01 | gamma=5e-05 | no_interact=True
   ↳ avg_score=0.569585 | runtime=2.83s
▶ Run 165/180 | problem=NK t=2 | kernel=hk (bandwith_kernel=n/a) | adv=peragentrankweighted | M=1 | lambda=15 | epsilon_svgd=0.03 | gamma=5e-05 | no_interact=True
   ↳ avg_score=0.578456 | runtime=2.82s
▶ Run 166/180 | problem=NK t=2 | kernel=hk (bandwith_kernel=n/a) | adv=peragentrankweighted | M=1 | lambda=15 | epsilon_svgd=0.1 | gamma=5e-05 | no_interact=True
   ↳ avg_score=0.613741 | runtime=2.82s
▶ Run 167/180 | problem=NK t=2 | kernel=hk (bandwith_kernel=n/a) | adv=peragentrankweighted | M=1 | lambda=15 | epsilon_svgd=0.5 | gamma=5e-05 | no_interact=True
   ↳ avg_score=0.717371 | runtime=2.83s
▶ Run 168/180 | problem=NK t=2 | kernel=hk (bandwith_kernel=n/a) | adv=peragentrankweighted | M=1 | lambda=15 | epsilon_svgd=0.8 | gamma=5e-05 | no_interact=True
   ↳ avg_score=0.729159 | runtime=2.83s
▶ Run 169/180 | problem=NK t=2 | kernel=hk (bandwith_kernel=n/a) | adv=peragentrankweighted | M=1 | lambda=20 | epsilon_svgd=0.007 | gamma=5e-05 | no_interact=True
   ↳ avg_score=0.568021 | runtime=2.28s
▶ Run 170/180 | problem=NK t=2 | kernel=hk (bandwith_kernel=n/a) | adv=peragentrankweighted | M=1 | lambda=20 | epsilon_svgd=0.01 | gamma=5e-05 | no_interact=True
   ↳ avg_score=0.568506 | runtime=2.28s
▶ Run 171/180 | problem=NK t=2 | kernel=hk (bandwith_kernel=n/a) | adv=peragentrankweighted | M=1 | lambda=20 | epsilon_svgd=0.03 | gamma=5e-05 | no_interact=True
   ↳ avg_score=0.575652 | runtime=2.27s
▶ Run 172/180 | problem=NK t=2 | kernel=hk (bandwith_kernel=n/a) | adv=peragentrankweighted | M=1 | lambda=20 | epsilon_svgd=0.1 | gamma=5e-05 | no_interact=True
   ↳ avg_score=0.602240 | runtime=2.27s
▶ Run 173/180 | problem=NK t=2 | kernel=hk (bandwith_kernel=n/a) | adv=peragentrankweighted | M=1 | lambda=20 | epsilon_svgd=0.5 | gamma=5e-05 | no_interact=True
   ↳ avg_score=0.702328 | runtime=2.28s
▶ Run 174/180 | problem=NK t=2 | kernel=hk (bandwith_kernel=n/a) | adv=peragentrankweighted | M=1 | lambda=20 | epsilon_svgd=0.8 | gamma=5e-05 | no_interact=True
   ↳ avg_score=0.724941 | runtime=2.28s
▶ Run 175/180 | problem=NK t=2 | kernel=hk (bandwith_kernel=n/a) | adv=peragentrankweighted | M=1 | lambda=25 | epsilon_svgd=0.007 | gamma=5e-05 | no_interact=True
   ↳ avg_score=0.567840 | runtime=1.95s
▶ Run 176/180 | problem=NK t=2 | kernel=hk (bandwith_kernel=n/a) | adv=peragentrankweighted | M=1 | lambda=25 | epsilon_svgd=0.01 | gamma=5e-05 | no_interact=True
   ↳ avg_score=0.568685 | runtime=1.95s
▶ Run 177/180 | problem=NK t=2 | kernel=hk (bandwith_kernel=n/a) | adv=peragentrankweighted | M=1 | lambda=25 | epsilon_svgd=0.03 | gamma=5e-05 | no_interact=True
   ↳ avg_score=0.572835 | runtime=1.94s
▶ Run 178/180 | problem=NK t=2 | kernel=hk (bandwith_kernel=n/a) | adv=peragentrankweighted | M=1 | lambda=25 | epsilon_svgd=0.1 | gamma=5e-05 | no_interact=True
   ↳ avg_score=0.594639 | runtime=1.95s
▶ Run 179/180 | problem=NK t=2 | kernel=hk (bandwith_kernel=n/a) | adv=peragentrankweighted | M=1 | lambda=25 | epsilon_svgd=0.5 | gamma=5e-05 | no_interact=True
   ↳ avg_score=0.687905 | runtime=1.95s
▶ Run 180/180 | problem=NK t=2 | kernel=hk (bandwith_kernel=n/a) | adv=peragentrankweighted | M=1 | lambda=25 | epsilon_svgd=0.8 | gamma=5e-05 | no_interact=True
   ↳ avg_score=0.716149 | runtime=1.95s
[DONE] main_expe completed in 291.83s. Results in /home/t.lan@univ-angers.fr/Supplementary-material/results/experiments
Job terminé à Wed Jan 21 15:25:26 CET 2026
