Job démarré sur gnode5 à Wed Mar  4 14:05:51 CET 2026
Run main_expe
[CONFIG] krbf__advglobalrankweighted__M4__L9__eps0p01__g0p003__ds0p01__dm0p01
  -> run QUBO_dim64_t0
     avg_score=-201.240005 | runtime=2.31s
  -> run QUBO_dim64_t1
     avg_score=-148.600006 | runtime=1.86s
  -> run QUBO_dim64_t2
     avg_score=-138.240005 | runtime=1.86s
  -> run QUBO_dim64_t3
     avg_score=-412.760010 | runtime=1.86s
  -> run QUBO_dim64_t4
     avg_score=-329.320007 | runtime=1.86s
  -> run QUBO_dim64_t5
     avg_score=-307.660004 | runtime=1.86s
  -> run QUBO_dim128_t0
     avg_score=-576.700012 | runtime=1.94s
  -> run QUBO_dim128_t1
     avg_score=-439.640015 | runtime=1.94s
  -> run QUBO_dim128_t2
     avg_score=-426.440002 | runtime=1.94s
  -> run QUBO_dim128_t3
     avg_score=-1182.239990 | runtime=1.95s
  -> run QUBO_dim128_t4
     avg_score=-930.539978 | runtime=1.95s
  -> run QUBO_dim128_t5
     avg_score=-905.719971 | runtime=1.95s
  -> run QUBO_dim256_t0
     avg_score=-1587.239990 | runtime=2.49s
  -> run QUBO_dim256_t1
     avg_score=-1279.540039 | runtime=2.49s
  -> run QUBO_dim256_t2
     avg_score=-1209.439941 | runtime=2.48s
  -> run QUBO_dim256_t3
     avg_score=-3206.300049 | runtime=2.49s
  -> run QUBO_dim256_t4
     avg_score=-2567.340088 | runtime=2.49s
  -> run QUBO_dim256_t5
     avg_score=-2509.179932 | runtime=2.49s
  [SKIP NK] Only 0 TOP 1 in QUBO (threshold: 3)
  -> skip NK_dim128_t1 (insufficient TOP 1 in QUBO)
  -> skip NK_dim128_t2 (insufficient TOP 1 in QUBO)
  -> skip NK_dim128_t4 (insufficient TOP 1 in QUBO)
  -> skip NK_dim128_t8 (insufficient TOP 1 in QUBO)
  -> skip NK_dim256_t1 (insufficient TOP 1 in QUBO)
  -> skip NK_dim256_t2 (insufficient TOP 1 in QUBO)
  -> skip NK_dim256_t4 (insufficient TOP 1 in QUBO)
  -> skip NK_dim256_t8 (insufficient TOP 1 in QUBO)
  -> skip NK_dim64_t1 (insufficient TOP 1 in QUBO)
  -> skip NK_dim64_t2 (insufficient TOP 1 in QUBO)
  -> skip NK_dim64_t4 (insufficient TOP 1 in QUBO)
  -> skip NK_dim64_t8 (insufficient TOP 1 in QUBO)

  *** SUMMARY FOR CONFIG: krbf__advglobalrankweighted__M4__L9__eps0p01__g0p003__ds0p01__dm0p01 ***
  NOMBRE DE TOP 1 : 0 (NK: 0, QUBO: 0)
  NOMBRE DE TOP 3 : 0
  NOMBRE DE TOP 5 : 0
  NOMBRE DE TOP 10 : 0
  Instances: 18/18

[CONFIG] krbf__advglobalrankweighted__M4__L9__eps0p01__g0p005__ds0p01__dm0p01
  -> run QUBO_dim64_t0
     avg_score=-202.339996 | runtime=1.85s
  -> run QUBO_dim64_t1
     avg_score=-147.619995 | runtime=1.85s
  -> run QUBO_dim64_t2
     avg_score=-139.660004 | runtime=1.85s
  -> run QUBO_dim64_t3
     avg_score=-415.839996 | runtime=1.85s
  -> run QUBO_dim64_t4
     avg_score=-328.880005 | runtime=1.85s
  -> run QUBO_dim64_t5
     avg_score=-310.399994 | runtime=1.85s
  -> run QUBO_dim128_t0
     avg_score=-576.880005 | runtime=1.94s
  -> run QUBO_dim128_t1
     avg_score=-439.500000 | runtime=1.94s
  -> run QUBO_dim128_t2
     avg_score=-422.119995 | runtime=1.94s
  -> run QUBO_dim128_t3
     avg_score=-1174.000000 | runtime=1.94s
  -> run QUBO_dim128_t4
     avg_score=-924.380005 | runtime=1.94s
  -> run QUBO_dim128_t5
     avg_score=-895.479980 | runtime=1.94s
  -> run QUBO_dim256_t0
     avg_score=-1539.140015 | runtime=2.49s
  -> run QUBO_dim256_t1
     avg_score=-1249.180054 | runtime=2.49s
  -> run QUBO_dim256_t2
     avg_score=-1166.459961 | runtime=2.48s
  -> run QUBO_dim256_t3
     avg_score=-3100.540039 | runtime=2.48s
  -> run QUBO_dim256_t4
     avg_score=-2504.479980 | runtime=2.48s
  -> run QUBO_dim256_t5
     avg_score=-2388.320068 | runtime=2.49s
  [SKIP NK] Only 0 TOP 1 in QUBO (threshold: 3)
  -> skip NK_dim128_t1 (insufficient TOP 1 in QUBO)
  -> skip NK_dim128_t2 (insufficient TOP 1 in QUBO)
  -> skip NK_dim128_t4 (insufficient TOP 1 in QUBO)
  -> skip NK_dim128_t8 (insufficient TOP 1 in QUBO)
  -> skip NK_dim256_t1 (insufficient TOP 1 in QUBO)
  -> skip NK_dim256_t2 (insufficient TOP 1 in QUBO)
  -> skip NK_dim256_t4 (insufficient TOP 1 in QUBO)
  -> skip NK_dim256_t8 (insufficient TOP 1 in QUBO)
  -> skip NK_dim64_t1 (insufficient TOP 1 in QUBO)
  -> skip NK_dim64_t2 (insufficient TOP 1 in QUBO)
  -> skip NK_dim64_t4 (insufficient TOP 1 in QUBO)
  -> skip NK_dim64_t8 (insufficient TOP 1 in QUBO)

  *** SUMMARY FOR CONFIG: krbf__advglobalrankweighted__M4__L9__eps0p01__g0p005__ds0p01__dm0p01 ***
  NOMBRE DE TOP 1 : 0 (NK: 0, QUBO: 0)
  NOMBRE DE TOP 3 : 0
  NOMBRE DE TOP 5 : 0
  NOMBRE DE TOP 10 : 0
  Instances: 18/18

[CONFIG] krbf__advglobalrankweighted__M4__L9__eps0p01__g0p007__ds0p01__dm0p01
  -> run QUBO_dim64_t0
     avg_score=-199.880005 | runtime=1.85s
  -> run QUBO_dim64_t1
     avg_score=-149.360001 | runtime=1.85s
  -> run QUBO_dim64_t2
     avg_score=-139.940002 | runtime=1.85s
  -> run QUBO_dim64_t3
     avg_score=-414.179993 | runtime=1.85s
  -> run QUBO_dim64_t4
     avg_score=-329.399994 | runtime=1.85s
  -> run QUBO_dim64_t5
     avg_score=-307.579987 | runtime=1.85s
  -> run QUBO_dim128_t0
     avg_score=-567.799988 | runtime=1.94s
  -> run QUBO_dim128_t1
     avg_score=-433.600006 | runtime=1.94s
  -> run QUBO_dim128_t2
     avg_score=-418.160004 | runtime=1.94s
  -> run QUBO_dim128_t3
     avg_score=-1162.540039 | runtime=1.94s
  -> run QUBO_dim128_t4
     avg_score=-908.719971 | runtime=1.94s
  -> run QUBO_dim128_t5
     avg_score=-880.679993 | runtime=1.94s
  -> run QUBO_dim256_t0
     avg_score=-1467.819946 | runtime=2.48s
  -> run QUBO_dim256_t1
     avg_score=-1204.520020 | runtime=2.49s
  -> run QUBO_dim256_t2
     avg_score=-1112.719971 | runtime=2.48s
  -> run QUBO_dim256_t3
     avg_score=-2956.439941 | runtime=2.48s
  -> run QUBO_dim256_t4
     avg_score=-2431.459961 | runtime=2.49s
  -> run QUBO_dim256_t5
     avg_score=-2270.459961 | runtime=2.48s
  [SKIP NK] Only 0 TOP 1 in QUBO (threshold: 3)
  -> skip NK_dim128_t1 (insufficient TOP 1 in QUBO)
  -> skip NK_dim128_t2 (insufficient TOP 1 in QUBO)
  -> skip NK_dim128_t4 (insufficient TOP 1 in QUBO)
  -> skip NK_dim128_t8 (insufficient TOP 1 in QUBO)
  -> skip NK_dim256_t1 (insufficient TOP 1 in QUBO)
  -> skip NK_dim256_t2 (insufficient TOP 1 in QUBO)
  -> skip NK_dim256_t4 (insufficient TOP 1 in QUBO)
  -> skip NK_dim256_t8 (insufficient TOP 1 in QUBO)
  -> skip NK_dim64_t1 (insufficient TOP 1 in QUBO)
  -> skip NK_dim64_t2 (insufficient TOP 1 in QUBO)
  -> skip NK_dim64_t4 (insufficient TOP 1 in QUBO)
  -> skip NK_dim64_t8 (insufficient TOP 1 in QUBO)

  *** SUMMARY FOR CONFIG: krbf__advglobalrankweighted__M4__L9__eps0p01__g0p007__ds0p01__dm0p01 ***
  NOMBRE DE TOP 1 : 0 (NK: 0, QUBO: 0)
  NOMBRE DE TOP 3 : 0
  NOMBRE DE TOP 5 : 0
  NOMBRE DE TOP 10 : 0
  Instances: 18/18

[CONFIG] krbf__advglobalrankweighted__M4__L9__eps0p015__g0p003__ds0p01__dm0p01
  -> run QUBO_dim64_t0
     avg_score=-199.500000 | runtime=1.85s
  -> run QUBO_dim64_t1
     avg_score=-149.419998 | runtime=1.85s
  -> run QUBO_dim64_t2
     avg_score=-138.020004 | runtime=1.85s
  -> run QUBO_dim64_t3
     avg_score=-409.440002 | runtime=1.85s
  -> run QUBO_dim64_t4
     avg_score=-331.140015 | runtime=1.85s
  -> run QUBO_dim64_t5
     avg_score=-309.200012 | runtime=1.85s
  -> run QUBO_dim128_t0
     avg_score=-575.140015 | runtime=1.94s
  -> run QUBO_dim128_t1
     avg_score=-440.100006 | runtime=1.94s
  -> run QUBO_dim128_t2
     avg_score=-424.920013 | runtime=1.94s
  -> run QUBO_dim128_t3
     avg_score=-1191.500000 | runtime=1.94s
  -> run QUBO_dim128_t4
     avg_score=-932.700012 | runtime=1.94s
  -> run QUBO_dim128_t5
     avg_score=-906.020020 | runtime=1.94s
  -> run QUBO_dim256_t0
     avg_score=-1591.040039 | runtime=2.49s
  -> run QUBO_dim256_t1
     avg_score=-1292.599976 | runtime=2.49s
  -> run QUBO_dim256_t2
     avg_score=-1224.800049 | runtime=2.48s
  -> run QUBO_dim256_t3
     avg_score=-3239.379883 | runtime=2.48s
  -> run QUBO_dim256_t4
     avg_score=-2606.959961 | runtime=2.48s
  -> run QUBO_dim256_t5
     avg_score=-2547.659912 | runtime=2.49s
  [SKIP NK] Only 0 TOP 1 in QUBO (threshold: 3)
  -> skip NK_dim128_t1 (insufficient TOP 1 in QUBO)
  -> skip NK_dim128_t2 (insufficient TOP 1 in QUBO)
  -> skip NK_dim128_t4 (insufficient TOP 1 in QUBO)
  -> skip NK_dim128_t8 (insufficient TOP 1 in QUBO)
  -> skip NK_dim256_t1 (insufficient TOP 1 in QUBO)
  -> skip NK_dim256_t2 (insufficient TOP 1 in QUBO)
  -> skip NK_dim256_t4 (insufficient TOP 1 in QUBO)
  -> skip NK_dim256_t8 (insufficient TOP 1 in QUBO)
  -> skip NK_dim64_t1 (insufficient TOP 1 in QUBO)
  -> skip NK_dim64_t2 (insufficient TOP 1 in QUBO)
  -> skip NK_dim64_t4 (insufficient TOP 1 in QUBO)
  -> skip NK_dim64_t8 (insufficient TOP 1 in QUBO)

  *** SUMMARY FOR CONFIG: krbf__advglobalrankweighted__M4__L9__eps0p015__g0p003__ds0p01__dm0p01 ***
  NOMBRE DE TOP 1 : 0 (NK: 0, QUBO: 0)
  NOMBRE DE TOP 3 : 2
  NOMBRE DE TOP 5 : 2
  NOMBRE DE TOP 10 : 2
  Instances: 18/18

[CONFIG] krbf__advglobalrankweighted__M4__L9__eps0p015__g0p005__ds0p01__dm0p01
  -> run QUBO_dim64_t0
     avg_score=-200.320007 | runtime=1.85s
  -> run QUBO_dim64_t1
     avg_score=-148.979996 | runtime=1.85s
  -> run QUBO_dim64_t2
     avg_score=-138.100006 | runtime=1.85s
  -> run QUBO_dim64_t3
     avg_score=-417.000000 | runtime=1.85s
  -> run QUBO_dim64_t4
     avg_score=-329.820007 | runtime=1.85s
  -> run QUBO_dim64_t5
     avg_score=-308.079987 | runtime=1.85s
  -> run QUBO_dim128_t0
     avg_score=-576.099976 | runtime=1.94s
  -> run QUBO_dim128_t1
     avg_score=-437.820007 | runtime=1.94s
  -> run QUBO_dim128_t2
     avg_score=-427.500000 | runtime=1.94s
  -> run QUBO_dim128_t3
     avg_score=-1184.180054 | runtime=1.95s
  -> run QUBO_dim128_t4
     avg_score=-932.460022 | runtime=1.94s
  -> run QUBO_dim128_t5
     avg_score=-908.280029 | runtime=1.94s
  -> run QUBO_dim256_t0
     avg_score=-1588.359985 | runtime=2.48s
  -> run QUBO_dim256_t1
     avg_score=-1280.359985 | runtime=2.49s
  -> run QUBO_dim256_t2
     avg_score=-1208.140015 | runtime=2.48s
  -> run QUBO_dim256_t3
     avg_score=-3204.820068 | runtime=2.48s
  -> run QUBO_dim256_t4
     avg_score=-2567.899902 | runtime=2.49s
  -> run QUBO_dim256_t5
     avg_score=-2485.020020 | runtime=2.48s
  [SKIP NK] Only 0 TOP 1 in QUBO (threshold: 3)
  -> skip NK_dim128_t1 (insufficient TOP 1 in QUBO)
  -> skip NK_dim128_t2 (insufficient TOP 1 in QUBO)
  -> skip NK_dim128_t4 (insufficient TOP 1 in QUBO)
  -> skip NK_dim128_t8 (insufficient TOP 1 in QUBO)
  -> skip NK_dim256_t1 (insufficient TOP 1 in QUBO)
  -> skip NK_dim256_t2 (insufficient TOP 1 in QUBO)
  -> skip NK_dim256_t4 (insufficient TOP 1 in QUBO)
  -> skip NK_dim256_t8 (insufficient TOP 1 in QUBO)
  -> skip NK_dim64_t1 (insufficient TOP 1 in QUBO)
  -> skip NK_dim64_t2 (insufficient TOP 1 in QUBO)
  -> skip NK_dim64_t4 (insufficient TOP 1 in QUBO)
  -> skip NK_dim64_t8 (insufficient TOP 1 in QUBO)

  *** SUMMARY FOR CONFIG: krbf__advglobalrankweighted__M4__L9__eps0p015__g0p005__ds0p01__dm0p01 ***
  NOMBRE DE TOP 1 : 0 (NK: 0, QUBO: 0)
  NOMBRE DE TOP 3 : 0
  NOMBRE DE TOP 5 : 0
  NOMBRE DE TOP 10 : 0
  Instances: 18/18

[CONFIG] krbf__advglobalrankweighted__M4__L9__eps0p015__g0p007__ds0p01__dm0p01
  -> run QUBO_dim64_t0
     avg_score=-201.179993 | runtime=1.85s
  -> run QUBO_dim64_t1
     avg_score=-149.279999 | runtime=1.85s
  -> run QUBO_dim64_t2
     avg_score=-139.059998 | runtime=1.85s
  -> run QUBO_dim64_t3
     avg_score=-414.500000 | runtime=1.85s
  -> run QUBO_dim64_t4
     avg_score=-327.559998 | runtime=1.85s
  -> run QUBO_dim64_t5
     avg_score=-309.619995 | runtime=1.85s
  -> run QUBO_dim128_t0
     avg_score=-577.460022 | runtime=1.94s
  -> run QUBO_dim128_t1
     avg_score=-437.920013 | runtime=1.94s
  -> run QUBO_dim128_t2
     avg_score=-424.380005 | runtime=1.94s
  -> run QUBO_dim128_t3
     avg_score=-1174.680054 | runtime=1.94s
  -> run QUBO_dim128_t4
     avg_score=-921.559998 | runtime=1.94s
  -> run QUBO_dim128_t5
     avg_score=-902.780029 | runtime=1.94s
  -> run QUBO_dim256_t0
     avg_score=-1552.579956 | runtime=2.48s
  -> run QUBO_dim256_t1
     avg_score=-1259.939941 | runtime=2.48s
  -> run QUBO_dim256_t2
     avg_score=-1175.079956 | runtime=2.48s
  -> run QUBO_dim256_t3
     avg_score=-3135.360107 | runtime=2.49s
  -> run QUBO_dim256_t4
     avg_score=-2539.780029 | runtime=2.48s
  -> run QUBO_dim256_t5
     avg_score=-2417.560059 | runtime=2.49s
  [SKIP NK] Only 0 TOP 1 in QUBO (threshold: 3)
  -> skip NK_dim128_t1 (insufficient TOP 1 in QUBO)
  -> skip NK_dim128_t2 (insufficient TOP 1 in QUBO)
  -> skip NK_dim128_t4 (insufficient TOP 1 in QUBO)
  -> skip NK_dim128_t8 (insufficient TOP 1 in QUBO)
  -> skip NK_dim256_t1 (insufficient TOP 1 in QUBO)
  -> skip NK_dim256_t2 (insufficient TOP 1 in QUBO)
  -> skip NK_dim256_t4 (insufficient TOP 1 in QUBO)
  -> skip NK_dim256_t8 (insufficient TOP 1 in QUBO)
  -> skip NK_dim64_t1 (insufficient TOP 1 in QUBO)
  -> skip NK_dim64_t2 (insufficient TOP 1 in QUBO)
  -> skip NK_dim64_t4 (insufficient TOP 1 in QUBO)
  -> skip NK_dim64_t8 (insufficient TOP 1 in QUBO)

  *** SUMMARY FOR CONFIG: krbf__advglobalrankweighted__M4__L9__eps0p015__g0p007__ds0p01__dm0p01 ***
  NOMBRE DE TOP 1 : 0 (NK: 0, QUBO: 0)
  NOMBRE DE TOP 3 : 0
  NOMBRE DE TOP 5 : 0
  NOMBRE DE TOP 10 : 0
  Instances: 18/18

[CONFIG] krbf__advglobalrankweighted__M4__L9__eps0p02__g0p003__ds0p01__dm0p01
  -> run QUBO_dim64_t0
     avg_score=-200.080002 | runtime=1.85s
  -> run QUBO_dim64_t1
     avg_score=-148.320007 | runtime=1.85s
  -> run QUBO_dim64_t2
     avg_score=-138.100006 | runtime=1.85s
  -> run QUBO_dim64_t3
     avg_score=-416.679993 | runtime=1.85s
  -> run QUBO_dim64_t4
     avg_score=-327.500000 | runtime=1.85s
  -> run QUBO_dim64_t5
     avg_score=-308.200012 | runtime=1.85s
  -> run QUBO_dim128_t0
     avg_score=-571.080017 | runtime=1.94s
  -> run QUBO_dim128_t1
     avg_score=-438.619995 | runtime=1.94s
  -> run QUBO_dim128_t2
     avg_score=-427.640015 | runtime=1.94s
  -> run QUBO_dim128_t3
     avg_score=-1178.000000 | runtime=1.94s
  -> run QUBO_dim128_t4
     avg_score=-929.520020 | runtime=1.94s
  -> run QUBO_dim128_t5
     avg_score=-903.419983 | runtime=1.94s
  -> run QUBO_dim256_t0
     avg_score=-1606.640015 | runtime=2.49s
  -> run QUBO_dim256_t1
     avg_score=-1285.739990 | runtime=2.48s
  -> run QUBO_dim256_t2
     avg_score=-1225.219971 | runtime=2.49s
  -> run QUBO_dim256_t3
     avg_score=-3227.939941 | runtime=2.48s
  -> run QUBO_dim256_t4
     avg_score=-2615.919922 | runtime=2.48s
  -> run QUBO_dim256_t5
     avg_score=-2548.639893 | runtime=2.49s
  [SKIP NK] Only 0 TOP 1 in QUBO (threshold: 3)
  -> skip NK_dim128_t1 (insufficient TOP 1 in QUBO)
  -> skip NK_dim128_t2 (insufficient TOP 1 in QUBO)
  -> skip NK_dim128_t4 (insufficient TOP 1 in QUBO)
  -> skip NK_dim128_t8 (insufficient TOP 1 in QUBO)
  -> skip NK_dim256_t1 (insufficient TOP 1 in QUBO)
  -> skip NK_dim256_t2 (insufficient TOP 1 in QUBO)
  -> skip NK_dim256_t4 (insufficient TOP 1 in QUBO)
  -> skip NK_dim256_t8 (insufficient TOP 1 in QUBO)
  -> skip NK_dim64_t1 (insufficient TOP 1 in QUBO)
  -> skip NK_dim64_t2 (insufficient TOP 1 in QUBO)
  -> skip NK_dim64_t4 (insufficient TOP 1 in QUBO)
  -> skip NK_dim64_t8 (insufficient TOP 1 in QUBO)

  *** SUMMARY FOR CONFIG: krbf__advglobalrankweighted__M4__L9__eps0p02__g0p003__ds0p01__dm0p01 ***
  NOMBRE DE TOP 1 : 0 (NK: 0, QUBO: 0)
  NOMBRE DE TOP 3 : 2
  NOMBRE DE TOP 5 : 3
  NOMBRE DE TOP 10 : 3
  Instances: 18/18

[CONFIG] krbf__advglobalrankweighted__M4__L9__eps0p02__g0p005__ds0p01__dm0p01
  -> run QUBO_dim64_t0
     avg_score=-201.059998 | runtime=1.85s
  -> run QUBO_dim64_t1
     avg_score=-149.580002 | runtime=1.85s
  -> run QUBO_dim64_t2
     avg_score=-140.059998 | runtime=1.86s
  -> run QUBO_dim64_t3
     avg_score=-414.579987 | runtime=1.85s
  -> run QUBO_dim64_t4
     avg_score=-329.519989 | runtime=1.85s
  -> run QUBO_dim64_t5
     avg_score=-309.140015 | runtime=1.85s
  -> run QUBO_dim128_t0
     avg_score=-579.799988 | runtime=1.94s
  -> run QUBO_dim128_t1
     avg_score=-439.959991 | runtime=1.94s
  -> run QUBO_dim128_t2
     avg_score=-426.239990 | runtime=1.94s
  -> run QUBO_dim128_t3
     avg_score=-1179.540039 | runtime=1.94s
  -> run QUBO_dim128_t4
     avg_score=-930.580017 | runtime=1.94s
  -> run QUBO_dim128_t5
     avg_score=-903.380005 | runtime=1.94s
  -> run QUBO_dim256_t0
     avg_score=-1597.599976 | runtime=2.48s
  -> run QUBO_dim256_t1
     avg_score=-1290.540039 | runtime=2.49s
  -> run QUBO_dim256_t2
     avg_score=-1213.660034 | runtime=2.48s
  -> run QUBO_dim256_t3
     avg_score=-3231.540039 | runtime=2.48s
  -> run QUBO_dim256_t4
     avg_score=-2595.340088 | runtime=2.48s
  -> run QUBO_dim256_t5
     avg_score=-2511.959961 | runtime=2.48s
  [SKIP NK] Only 0 TOP 1 in QUBO (threshold: 3)
  -> skip NK_dim128_t1 (insufficient TOP 1 in QUBO)
  -> skip NK_dim128_t2 (insufficient TOP 1 in QUBO)
  -> skip NK_dim128_t4 (insufficient TOP 1 in QUBO)
  -> skip NK_dim128_t8 (insufficient TOP 1 in QUBO)
  -> skip NK_dim256_t1 (insufficient TOP 1 in QUBO)
  -> skip NK_dim256_t2 (insufficient TOP 1 in QUBO)
  -> skip NK_dim256_t4 (insufficient TOP 1 in QUBO)
  -> skip NK_dim256_t8 (insufficient TOP 1 in QUBO)
  -> skip NK_dim64_t1 (insufficient TOP 1 in QUBO)
  -> skip NK_dim64_t2 (insufficient TOP 1 in QUBO)
  -> skip NK_dim64_t4 (insufficient TOP 1 in QUBO)
  -> skip NK_dim64_t8 (insufficient TOP 1 in QUBO)

  *** SUMMARY FOR CONFIG: krbf__advglobalrankweighted__M4__L9__eps0p02__g0p005__ds0p01__dm0p01 ***
  NOMBRE DE TOP 1 : 0 (NK: 0, QUBO: 0)
  NOMBRE DE TOP 3 : 1
  NOMBRE DE TOP 5 : 1
  NOMBRE DE TOP 10 : 1
  Instances: 18/18

[CONFIG] krbf__advglobalrankweighted__M4__L9__eps0p02__g0p007__ds0p01__dm0p01
  -> run QUBO_dim64_t0
     avg_score=-201.240005 | runtime=1.85s
  -> run QUBO_dim64_t1
     avg_score=-148.880005 | runtime=1.85s
  -> run QUBO_dim64_t2
     avg_score=-139.059998 | runtime=1.85s
  -> run QUBO_dim64_t3
     avg_score=-412.920013 | runtime=1.85s
  -> run QUBO_dim64_t4
     avg_score=-330.040009 | runtime=1.85s
  -> run QUBO_dim64_t5
     avg_score=-310.079987 | runtime=1.85s
  -> run QUBO_dim128_t0
     avg_score=-574.059998 | runtime=1.94s
  -> run QUBO_dim128_t1
     avg_score=-432.700012 | runtime=1.94s
  -> run QUBO_dim128_t2
     avg_score=-424.640015 | runtime=1.94s
  -> run QUBO_dim128_t3
     avg_score=-1184.040039 | runtime=1.94s
  -> run QUBO_dim128_t4
     avg_score=-931.820007 | runtime=1.94s
  -> run QUBO_dim128_t5
     avg_score=-904.080017 | runtime=1.94s
  -> run QUBO_dim256_t0
     avg_score=-1574.420044 | runtime=2.49s
  -> run QUBO_dim256_t1
     avg_score=-1268.260010 | runtime=2.49s
  -> run QUBO_dim256_t2
     avg_score=-1205.880005 | runtime=2.49s
  -> run QUBO_dim256_t3
     avg_score=-3208.719971 | runtime=2.48s
  -> run QUBO_dim256_t4
     avg_score=-2602.280029 | runtime=2.49s
  -> run QUBO_dim256_t5
     avg_score=-2489.520020 | runtime=2.49s
  [SKIP NK] Only 0 TOP 1 in QUBO (threshold: 3)
  -> skip NK_dim128_t1 (insufficient TOP 1 in QUBO)
  -> skip NK_dim128_t2 (insufficient TOP 1 in QUBO)
  -> skip NK_dim128_t4 (insufficient TOP 1 in QUBO)
  -> skip NK_dim128_t8 (insufficient TOP 1 in QUBO)
  -> skip NK_dim256_t1 (insufficient TOP 1 in QUBO)
  -> skip NK_dim256_t2 (insufficient TOP 1 in QUBO)
  -> skip NK_dim256_t4 (insufficient TOP 1 in QUBO)
  -> skip NK_dim256_t8 (insufficient TOP 1 in QUBO)
  -> skip NK_dim64_t1 (insufficient TOP 1 in QUBO)
  -> skip NK_dim64_t2 (insufficient TOP 1 in QUBO)
  -> skip NK_dim64_t4 (insufficient TOP 1 in QUBO)
  -> skip NK_dim64_t8 (insufficient TOP 1 in QUBO)

  *** SUMMARY FOR CONFIG: krbf__advglobalrankweighted__M4__L9__eps0p02__g0p007__ds0p01__dm0p01 ***
  NOMBRE DE TOP 1 : 0 (NK: 0, QUBO: 0)
  NOMBRE DE TOP 3 : 0
  NOMBRE DE TOP 5 : 0
  NOMBRE DE TOP 10 : 1
  Instances: 18/18

[CONFIG] krbf__advglobalrankweighted__M4__L10__eps0p01__g0p003__ds0p01__dm0p01
  -> run QUBO_dim64_t0
     avg_score=-200.199997 | runtime=1.68s
  -> run QUBO_dim64_t1
     avg_score=-148.320007 | runtime=1.68s
  -> run QUBO_dim64_t2
     avg_score=-140.059998 | runtime=1.68s
  -> run QUBO_dim64_t3
     avg_score=-414.519989 | runtime=1.68s
  -> run QUBO_dim64_t4
     avg_score=-331.000000 | runtime=1.68s
  -> run QUBO_dim64_t5
     avg_score=-310.579987 | runtime=1.68s
  -> run QUBO_dim128_t0
     avg_score=-579.599976 | runtime=1.78s
  -> run QUBO_dim128_t1
     avg_score=-444.880005 | runtime=1.78s
  -> run QUBO_dim128_t2
     avg_score=-428.440002 | runtime=1.78s
  -> run QUBO_dim128_t3
     avg_score=-1181.300049 | runtime=1.78s
  -> run QUBO_dim128_t4
     avg_score=-929.340027 | runtime=1.77s
  -> run QUBO_dim128_t5
     avg_score=-911.280029 | runtime=1.78s
  -> run QUBO_dim256_t0
     avg_score=-1588.380005 | runtime=2.37s
  -> run QUBO_dim256_t1
     avg_score=-1278.280029 | runtime=2.37s
  -> run QUBO_dim256_t2
     avg_score=-1197.000000 | runtime=2.37s
  -> run QUBO_dim256_t3
     avg_score=-3190.459961 | runtime=2.37s
  -> run QUBO_dim256_t4
     avg_score=-2580.840088 | runtime=2.37s
  -> run QUBO_dim256_t5
     avg_score=-2505.520020 | runtime=2.37s
  [SKIP NK] Only 0 TOP 1 in QUBO (threshold: 3)
  -> skip NK_dim128_t1 (insufficient TOP 1 in QUBO)
  -> skip NK_dim128_t2 (insufficient TOP 1 in QUBO)
  -> skip NK_dim128_t4 (insufficient TOP 1 in QUBO)
  -> skip NK_dim128_t8 (insufficient TOP 1 in QUBO)
  -> skip NK_dim256_t1 (insufficient TOP 1 in QUBO)
  -> skip NK_dim256_t2 (insufficient TOP 1 in QUBO)
  -> skip NK_dim256_t4 (insufficient TOP 1 in QUBO)
  -> skip NK_dim256_t8 (insufficient TOP 1 in QUBO)
  -> skip NK_dim64_t1 (insufficient TOP 1 in QUBO)
  -> skip NK_dim64_t2 (insufficient TOP 1 in QUBO)
  -> skip NK_dim64_t4 (insufficient TOP 1 in QUBO)
  -> skip NK_dim64_t8 (insufficient TOP 1 in QUBO)

  *** SUMMARY FOR CONFIG: krbf__advglobalrankweighted__M4__L10__eps0p01__g0p003__ds0p01__dm0p01 ***
  NOMBRE DE TOP 1 : 0 (NK: 0, QUBO: 0)
  NOMBRE DE TOP 3 : 0
  NOMBRE DE TOP 5 : 0
  NOMBRE DE TOP 10 : 1
  Instances: 18/18

[CONFIG] krbf__advglobalrankweighted__M4__L10__eps0p01__g0p005__ds0p01__dm0p01
  -> run QUBO_dim64_t0
     avg_score=-198.380005 | runtime=1.68s
  -> run QUBO_dim64_t1
     avg_score=-149.039993 | runtime=1.68s
  -> run QUBO_dim64_t2
     avg_score=-139.460007 | runtime=1.68s
  -> run QUBO_dim64_t3
     avg_score=-414.519989 | runtime=1.68s
  -> run QUBO_dim64_t4
     avg_score=-328.480011 | runtime=1.68s
  -> run QUBO_dim64_t5
     avg_score=-309.179993 | runtime=1.68s
  -> run QUBO_dim128_t0
     avg_score=-568.780029 | runtime=1.77s
  -> run QUBO_dim128_t1
     avg_score=-439.920013 | runtime=1.77s
  -> run QUBO_dim128_t2
     avg_score=-425.940002 | runtime=1.78s
  -> run QUBO_dim128_t3
     avg_score=-1180.760010 | runtime=1.78s
  -> run QUBO_dim128_t4
     avg_score=-927.200012 | runtime=1.77s
  -> run QUBO_dim128_t5
     avg_score=-902.440002 | runtime=1.78s
  -> run QUBO_dim256_t0
     avg_score=-1525.199951 | runtime=2.37s
  -> run QUBO_dim256_t1
     avg_score=-1236.920044 | runtime=2.37s
  -> run QUBO_dim256_t2
     avg_score=-1148.660034 | runtime=2.37s
  -> run QUBO_dim256_t3
     avg_score=-3066.340088 | runtime=2.37s
  -> run QUBO_dim256_t4
     avg_score=-2504.320068 | runtime=2.37s
  -> run QUBO_dim256_t5
     avg_score=-2361.239990 | runtime=2.37s
  [SKIP NK] Only 0 TOP 1 in QUBO (threshold: 3)
  -> skip NK_dim128_t1 (insufficient TOP 1 in QUBO)
  -> skip NK_dim128_t2 (insufficient TOP 1 in QUBO)
  -> skip NK_dim128_t4 (insufficient TOP 1 in QUBO)
  -> skip NK_dim128_t8 (insufficient TOP 1 in QUBO)
  -> skip NK_dim256_t1 (insufficient TOP 1 in QUBO)
  -> skip NK_dim256_t2 (insufficient TOP 1 in QUBO)
  -> skip NK_dim256_t4 (insufficient TOP 1 in QUBO)
  -> skip NK_dim256_t8 (insufficient TOP 1 in QUBO)
  -> skip NK_dim64_t1 (insufficient TOP 1 in QUBO)
  -> skip NK_dim64_t2 (insufficient TOP 1 in QUBO)
  -> skip NK_dim64_t4 (insufficient TOP 1 in QUBO)
  -> skip NK_dim64_t8 (insufficient TOP 1 in QUBO)

  *** SUMMARY FOR CONFIG: krbf__advglobalrankweighted__M4__L10__eps0p01__g0p005__ds0p01__dm0p01 ***
  NOMBRE DE TOP 1 : 0 (NK: 0, QUBO: 0)
  NOMBRE DE TOP 3 : 0
  NOMBRE DE TOP 5 : 0
  NOMBRE DE TOP 10 : 0
  Instances: 18/18

[CONFIG] krbf__advglobalrankweighted__M4__L10__eps0p01__g0p007__ds0p01__dm0p01
  -> run QUBO_dim64_t0
     avg_score=-200.320007 | runtime=1.68s
  -> run QUBO_dim64_t1
     avg_score=-148.940002 | runtime=1.68s
  -> run QUBO_dim64_t2
     avg_score=-138.740005 | runtime=1.68s
  -> run QUBO_dim64_t3
     avg_score=-410.320007 | runtime=1.68s
  -> run QUBO_dim64_t4
     avg_score=-332.179993 | runtime=1.68s
  -> run QUBO_dim64_t5
     avg_score=-309.320007 | runtime=1.68s
  -> run QUBO_dim128_t0
     avg_score=-567.780029 | runtime=1.78s
  -> run QUBO_dim128_t1
     avg_score=-435.239990 | runtime=1.78s
  -> run QUBO_dim128_t2
     avg_score=-420.000000 | runtime=1.77s
  -> run QUBO_dim128_t3
     avg_score=-1164.000000 | runtime=1.78s
  -> run QUBO_dim128_t4
     avg_score=-912.219971 | runtime=1.78s
  -> run QUBO_dim128_t5
     avg_score=-884.460022 | runtime=1.78s
  -> run QUBO_dim256_t0
     avg_score=-1420.839966 | runtime=2.37s
  -> run QUBO_dim256_t1
     avg_score=-1185.459961 | runtime=2.37s
  -> run QUBO_dim256_t2
     avg_score=-1093.520020 | runtime=2.37s
  -> run QUBO_dim256_t3
     avg_score=-2890.439941 | runtime=2.37s
  -> run QUBO_dim256_t4
     avg_score=-2370.919922 | runtime=2.37s
  -> run QUBO_dim256_t5
     avg_score=-2241.620117 | runtime=2.37s
  [SKIP NK] Only 0 TOP 1 in QUBO (threshold: 3)
  -> skip NK_dim128_t1 (insufficient TOP 1 in QUBO)
  -> skip NK_dim128_t2 (insufficient TOP 1 in QUBO)
  -> skip NK_dim128_t4 (insufficient TOP 1 in QUBO)
  -> skip NK_dim128_t8 (insufficient TOP 1 in QUBO)
  -> skip NK_dim256_t1 (insufficient TOP 1 in QUBO)
  -> skip NK_dim256_t2 (insufficient TOP 1 in QUBO)
  -> skip NK_dim256_t4 (insufficient TOP 1 in QUBO)
  -> skip NK_dim256_t8 (insufficient TOP 1 in QUBO)
  -> skip NK_dim64_t1 (insufficient TOP 1 in QUBO)
  -> skip NK_dim64_t2 (insufficient TOP 1 in QUBO)
  -> skip NK_dim64_t4 (insufficient TOP 1 in QUBO)
  -> skip NK_dim64_t8 (insufficient TOP 1 in QUBO)

  *** SUMMARY FOR CONFIG: krbf__advglobalrankweighted__M4__L10__eps0p01__g0p007__ds0p01__dm0p01 ***
  NOMBRE DE TOP 1 : 0 (NK: 0, QUBO: 0)
  NOMBRE DE TOP 3 : 0
  NOMBRE DE TOP 5 : 0
  NOMBRE DE TOP 10 : 0
  Instances: 18/18

[CONFIG] krbf__advglobalrankweighted__M4__L10__eps0p015__g0p003__ds0p01__dm0p01
  -> run QUBO_dim64_t0
     avg_score=-201.119995 | runtime=1.68s
  -> run QUBO_dim64_t1
     avg_score=-148.419998 | runtime=1.68s
  -> run QUBO_dim64_t2
     avg_score=-139.240005 | runtime=1.68s
  -> run QUBO_dim64_t3
     avg_score=-414.640015 | runtime=1.68s
  -> run QUBO_dim64_t4
     avg_score=-330.440002 | runtime=1.68s
  -> run QUBO_dim64_t5
     avg_score=-309.640015 | runtime=1.68s
  -> run QUBO_dim128_t0
     avg_score=-577.159973 | runtime=1.78s
  -> run QUBO_dim128_t1
     avg_score=-444.880005 | runtime=1.78s
  -> run QUBO_dim128_t2
     avg_score=-428.480011 | runtime=1.78s
  -> run QUBO_dim128_t3
     avg_score=-1186.699951 | runtime=1.78s
  -> run QUBO_dim128_t4
     avg_score=-924.880005 | runtime=1.77s
  -> run QUBO_dim128_t5
     avg_score=-911.400024 | runtime=1.78s
  -> run QUBO_dim256_t0
     avg_score=-1605.540039 | runtime=2.37s
  -> run QUBO_dim256_t1
     avg_score=-1285.079956 | runtime=2.37s
  -> run QUBO_dim256_t2
     avg_score=-1224.479980 | runtime=2.37s
  -> run QUBO_dim256_t3
     avg_score=-3257.459961 | runtime=2.37s
  -> run QUBO_dim256_t4
     avg_score=-2605.879883 | runtime=2.37s
  -> run QUBO_dim256_t5
     avg_score=-2564.919922 | runtime=2.37s
  [SKIP NK] Only 0 TOP 1 in QUBO (threshold: 3)
  -> skip NK_dim128_t1 (insufficient TOP 1 in QUBO)
  -> skip NK_dim128_t2 (insufficient TOP 1 in QUBO)
  -> skip NK_dim128_t4 (insufficient TOP 1 in QUBO)
  -> skip NK_dim128_t8 (insufficient TOP 1 in QUBO)
  -> skip NK_dim256_t1 (insufficient TOP 1 in QUBO)
  -> skip NK_dim256_t2 (insufficient TOP 1 in QUBO)
  -> skip NK_dim256_t4 (insufficient TOP 1 in QUBO)
  -> skip NK_dim256_t8 (insufficient TOP 1 in QUBO)
  -> skip NK_dim64_t1 (insufficient TOP 1 in QUBO)
  -> skip NK_dim64_t2 (insufficient TOP 1 in QUBO)
  -> skip NK_dim64_t4 (insufficient TOP 1 in QUBO)
  -> skip NK_dim64_t8 (insufficient TOP 1 in QUBO)

  *** SUMMARY FOR CONFIG: krbf__advglobalrankweighted__M4__L10__eps0p015__g0p003__ds0p01__dm0p01 ***
  NOMBRE DE TOP 1 : 0 (NK: 0, QUBO: 0)
  NOMBRE DE TOP 3 : 1
  NOMBRE DE TOP 5 : 2
  NOMBRE DE TOP 10 : 3
  Instances: 18/18

[CONFIG] krbf__advglobalrankweighted__M4__L10__eps0p015__g0p005__ds0p01__dm0p01
  -> run QUBO_dim64_t0
     avg_score=-200.880005 | runtime=1.68s
  -> run QUBO_dim64_t1
     avg_score=-150.580002 | runtime=1.68s
  -> run QUBO_dim64_t2
     avg_score=-139.500000 | runtime=1.68s
  -> run QUBO_dim64_t3
     avg_score=-415.399994 | runtime=1.68s
  -> run QUBO_dim64_t4
     avg_score=-328.420013 | runtime=1.68s
  -> run QUBO_dim64_t5
     avg_score=-310.220001 | runtime=1.68s
  -> run QUBO_dim128_t0
     avg_score=-576.900024 | runtime=1.78s
  -> run QUBO_dim128_t1
     avg_score=-438.500000 | runtime=1.78s
  -> run QUBO_dim128_t2
     avg_score=-429.359985 | runtime=1.78s
  -> run QUBO_dim128_t3
     avg_score=-1178.640015 | runtime=1.78s
  -> run QUBO_dim128_t4
     avg_score=-930.179993 | runtime=1.78s
  -> run QUBO_dim128_t5
     avg_score=-903.820007 | runtime=1.78s
  -> run QUBO_dim256_t0
     avg_score=-1582.459961 | runtime=2.37s
  -> run QUBO_dim256_t1
     avg_score=-1267.680054 | runtime=2.37s
  -> run QUBO_dim256_t2
     avg_score=-1190.920044 | runtime=2.37s
  -> run QUBO_dim256_t3
     avg_score=-3156.100098 | runtime=2.37s
  -> run QUBO_dim256_t4
     avg_score=-2568.000000 | runtime=2.37s
  -> run QUBO_dim256_t5
     avg_score=-2463.939941 | runtime=2.37s
  [SKIP NK] Only 0 TOP 1 in QUBO (threshold: 3)
  -> skip NK_dim128_t1 (insufficient TOP 1 in QUBO)
  -> skip NK_dim128_t2 (insufficient TOP 1 in QUBO)
  -> skip NK_dim128_t4 (insufficient TOP 1 in QUBO)
  -> skip NK_dim128_t8 (insufficient TOP 1 in QUBO)
  -> skip NK_dim256_t1 (insufficient TOP 1 in QUBO)
  -> skip NK_dim256_t2 (insufficient TOP 1 in QUBO)
  -> skip NK_dim256_t4 (insufficient TOP 1 in QUBO)
  -> skip NK_dim256_t8 (insufficient TOP 1 in QUBO)
  -> skip NK_dim64_t1 (insufficient TOP 1 in QUBO)
  -> skip NK_dim64_t2 (insufficient TOP 1 in QUBO)
  -> skip NK_dim64_t4 (insufficient TOP 1 in QUBO)
  -> skip NK_dim64_t8 (insufficient TOP 1 in QUBO)

  *** SUMMARY FOR CONFIG: krbf__advglobalrankweighted__M4__L10__eps0p015__g0p005__ds0p01__dm0p01 ***
  NOMBRE DE TOP 1 : 0 (NK: 0, QUBO: 0)
  NOMBRE DE TOP 3 : 0
  NOMBRE DE TOP 5 : 0
  NOMBRE DE TOP 10 : 0
  Instances: 18/18

[CONFIG] krbf__advglobalrankweighted__M4__L10__eps0p015__g0p007__ds0p01__dm0p01
  -> run QUBO_dim64_t0
     avg_score=-201.539993 | runtime=1.68s
  -> run QUBO_dim64_t1
     avg_score=-149.940002 | runtime=1.68s
  -> run QUBO_dim64_t2
     avg_score=-140.600006 | runtime=1.68s
  -> run QUBO_dim64_t3
     avg_score=-412.339996 | runtime=1.68s
  -> run QUBO_dim64_t4
     avg_score=-334.940002 | runtime=1.68s
  -> run QUBO_dim64_t5
     avg_score=-311.959991 | runtime=1.68s
  -> run QUBO_dim128_t0
     avg_score=-575.099976 | runtime=1.77s
  -> run QUBO_dim128_t1
     avg_score=-434.739990 | runtime=1.78s
  -> run QUBO_dim128_t2
     avg_score=-425.600006 | runtime=1.78s
  -> run QUBO_dim128_t3
     avg_score=-1175.380005 | runtime=1.78s
  -> run QUBO_dim128_t4
     avg_score=-935.679993 | runtime=1.77s
  -> run QUBO_dim128_t5
     avg_score=-895.900024 | runtime=1.78s
  -> run QUBO_dim256_t0
     avg_score=-1519.260010 | runtime=2.37s
  -> run QUBO_dim256_t1
     avg_score=-1249.719971 | runtime=2.37s
  -> run QUBO_dim256_t2
     avg_score=-1158.119995 | runtime=2.37s
  -> run QUBO_dim256_t3
     avg_score=-3096.439941 | runtime=2.37s
  -> run QUBO_dim256_t4
     avg_score=-2520.939941 | runtime=2.37s
  -> run QUBO_dim256_t5
     avg_score=-2382.699951 | runtime=2.37s
  [SKIP NK] Only 0 TOP 1 in QUBO (threshold: 3)
  -> skip NK_dim128_t1 (insufficient TOP 1 in QUBO)
  -> skip NK_dim128_t2 (insufficient TOP 1 in QUBO)
  -> skip NK_dim128_t4 (insufficient TOP 1 in QUBO)
  -> skip NK_dim128_t8 (insufficient TOP 1 in QUBO)
  -> skip NK_dim256_t1 (insufficient TOP 1 in QUBO)
  -> skip NK_dim256_t2 (insufficient TOP 1 in QUBO)
  -> skip NK_dim256_t4 (insufficient TOP 1 in QUBO)
  -> skip NK_dim256_t8 (insufficient TOP 1 in QUBO)
  -> skip NK_dim64_t1 (insufficient TOP 1 in QUBO)
  -> skip NK_dim64_t2 (insufficient TOP 1 in QUBO)
  -> skip NK_dim64_t4 (insufficient TOP 1 in QUBO)
  -> skip NK_dim64_t8 (insufficient TOP 1 in QUBO)

  *** SUMMARY FOR CONFIG: krbf__advglobalrankweighted__M4__L10__eps0p015__g0p007__ds0p01__dm0p01 ***
  NOMBRE DE TOP 1 : 0 (NK: 0, QUBO: 0)
  NOMBRE DE TOP 3 : 0
  NOMBRE DE TOP 5 : 0
  NOMBRE DE TOP 10 : 0
  Instances: 18/18

[CONFIG] krbf__advglobalrankweighted__M4__L10__eps0p02__g0p003__ds0p01__dm0p01
  -> run QUBO_dim64_t0
     avg_score=-198.119995 | runtime=1.68s
  -> run QUBO_dim64_t1
     avg_score=-146.500000 | runtime=1.68s
  -> run QUBO_dim64_t2
     avg_score=-139.380005 | runtime=1.68s
  -> run QUBO_dim64_t3
     avg_score=-409.920013 | runtime=1.68s
  -> run QUBO_dim64_t4
     avg_score=-330.859985 | runtime=1.68s
  -> run QUBO_dim64_t5
     avg_score=-308.820007 | runtime=1.68s
  -> run QUBO_dim128_t0
     avg_score=-579.520020 | runtime=1.77s
  -> run QUBO_dim128_t1
     avg_score=-436.220001 | runtime=1.77s
  -> run QUBO_dim128_t2
     avg_score=-424.299988 | runtime=1.77s
  -> run QUBO_dim128_t3
     avg_score=-1186.959961 | runtime=1.77s
  -> run QUBO_dim128_t4
     avg_score=-928.640015 | runtime=1.78s
  -> run QUBO_dim128_t5
     avg_score=-909.359985 | runtime=1.77s
  -> run QUBO_dim256_t0
     avg_score=-1600.040039 | runtime=2.37s
  -> run QUBO_dim256_t1
     avg_score=-1286.020020 | runtime=2.37s
  -> run QUBO_dim256_t2
     avg_score=-1228.780029 | runtime=2.37s
  -> run QUBO_dim256_t3
     avg_score=-3258.800049 | runtime=2.36s
  -> run QUBO_dim256_t4
     avg_score=-2600.739990 | runtime=2.37s
  -> run QUBO_dim256_t5
     avg_score=-2547.939941 | runtime=2.37s
  [SKIP NK] Only 0 TOP 1 in QUBO (threshold: 3)
  -> skip NK_dim128_t1 (insufficient TOP 1 in QUBO)
  -> skip NK_dim128_t2 (insufficient TOP 1 in QUBO)
  -> skip NK_dim128_t4 (insufficient TOP 1 in QUBO)
  -> skip NK_dim128_t8 (insufficient TOP 1 in QUBO)
  -> skip NK_dim256_t1 (insufficient TOP 1 in QUBO)
  -> skip NK_dim256_t2 (insufficient TOP 1 in QUBO)
  -> skip NK_dim256_t4 (insufficient TOP 1 in QUBO)
  -> skip NK_dim256_t8 (insufficient TOP 1 in QUBO)
  -> skip NK_dim64_t1 (insufficient TOP 1 in QUBO)
  -> skip NK_dim64_t2 (insufficient TOP 1 in QUBO)
  -> skip NK_dim64_t4 (insufficient TOP 1 in QUBO)
  -> skip NK_dim64_t8 (insufficient TOP 1 in QUBO)

  *** SUMMARY FOR CONFIG: krbf__advglobalrankweighted__M4__L10__eps0p02__g0p003__ds0p01__dm0p01 ***
  NOMBRE DE TOP 1 : 0 (NK: 0, QUBO: 0)
  NOMBRE DE TOP 3 : 0
  NOMBRE DE TOP 5 : 1
  NOMBRE DE TOP 10 : 2
  Instances: 18/18

[CONFIG] krbf__advglobalrankweighted__M4__L10__eps0p02__g0p005__ds0p01__dm0p01
  -> run QUBO_dim64_t0
     avg_score=-200.320007 | runtime=1.68s
  -> run QUBO_dim64_t1
     avg_score=-149.639999 | runtime=1.68s
  -> run QUBO_dim64_t2
     avg_score=-139.119995 | runtime=1.68s
  -> run QUBO_dim64_t3
     avg_score=-412.079987 | runtime=1.68s
  -> run QUBO_dim64_t4
     avg_score=-331.720001 | runtime=1.68s
  -> run QUBO_dim64_t5
     avg_score=-308.519989 | runtime=1.68s
  -> run QUBO_dim128_t0
     avg_score=-574.580017 | runtime=1.77s
  -> run QUBO_dim128_t1
     avg_score=-440.440002 | runtime=1.77s
  -> run QUBO_dim128_t2
     avg_score=-426.779999 | runtime=1.78s
  -> run QUBO_dim128_t3
     avg_score=-1184.880005 | runtime=1.78s
  -> run QUBO_dim128_t4
     avg_score=-932.119995 | runtime=1.78s
  -> run QUBO_dim128_t5
     avg_score=-897.320007 | runtime=1.78s
  -> run QUBO_dim256_t0
     avg_score=-1584.420044 | runtime=2.37s
  -> run QUBO_dim256_t1
     avg_score=-1293.060059 | runtime=2.37s
  -> run QUBO_dim256_t2
     avg_score=-1215.400024 | runtime=2.37s
  -> run QUBO_dim256_t3
     avg_score=-3222.239990 | runtime=2.37s
  -> run QUBO_dim256_t4
     avg_score=-2606.159912 | runtime=2.37s
  -> run QUBO_dim256_t5
     avg_score=-2514.199951 | runtime=2.37s
  [SKIP NK] Only 0 TOP 1 in QUBO (threshold: 3)
  -> skip NK_dim128_t1 (insufficient TOP 1 in QUBO)
  -> skip NK_dim128_t2 (insufficient TOP 1 in QUBO)
  -> skip NK_dim128_t4 (insufficient TOP 1 in QUBO)
  -> skip NK_dim128_t8 (insufficient TOP 1 in QUBO)
  -> skip NK_dim256_t1 (insufficient TOP 1 in QUBO)
  -> skip NK_dim256_t2 (insufficient TOP 1 in QUBO)
  -> skip NK_dim256_t4 (insufficient TOP 1 in QUBO)
  -> skip NK_dim256_t8 (insufficient TOP 1 in QUBO)
  -> skip NK_dim64_t1 (insufficient TOP 1 in QUBO)
  -> skip NK_dim64_t2 (insufficient TOP 1 in QUBO)
  -> skip NK_dim64_t4 (insufficient TOP 1 in QUBO)
  -> skip NK_dim64_t8 (insufficient TOP 1 in QUBO)

  *** SUMMARY FOR CONFIG: krbf__advglobalrankweighted__M4__L10__eps0p02__g0p005__ds0p01__dm0p01 ***
  NOMBRE DE TOP 1 : 0 (NK: 0, QUBO: 0)
  NOMBRE DE TOP 3 : 2
  NOMBRE DE TOP 5 : 2
  NOMBRE DE TOP 10 : 2
  Instances: 18/18

[CONFIG] krbf__advglobalrankweighted__M4__L10__eps0p02__g0p007__ds0p01__dm0p01
  -> run QUBO_dim64_t0
     avg_score=-200.240005 | runtime=1.68s
  -> run QUBO_dim64_t1
     avg_score=-149.639999 | runtime=1.68s
  -> run QUBO_dim64_t2
     avg_score=-139.020004 | runtime=1.68s
  -> run QUBO_dim64_t3
     avg_score=-413.899994 | runtime=1.68s
  -> run QUBO_dim64_t4
     avg_score=-329.579987 | runtime=1.68s
  -> run QUBO_dim64_t5
     avg_score=-308.399994 | runtime=1.68s
  -> run QUBO_dim128_t0
     avg_score=-578.299988 | runtime=1.78s
  -> run QUBO_dim128_t1
     avg_score=-442.679993 | runtime=1.77s
  -> run QUBO_dim128_t2
     avg_score=-428.380005 | runtime=1.77s
  -> run QUBO_dim128_t3
     avg_score=-1179.619995 | runtime=1.78s
  -> run QUBO_dim128_t4
     avg_score=-933.239990 | runtime=1.78s
  -> run QUBO_dim128_t5
     avg_score=-905.900024 | runtime=1.78s
  -> run QUBO_dim256_t0
     avg_score=-1561.680054 | runtime=2.37s
  -> run QUBO_dim256_t1
     avg_score=-1269.839966 | runtime=2.37s
  -> run QUBO_dim256_t2
     avg_score=-1204.420044 | runtime=2.37s
  -> run QUBO_dim256_t3
     avg_score=-3154.040039 | runtime=2.37s
  -> run QUBO_dim256_t4
     avg_score=-2568.399902 | runtime=2.37s
  -> run QUBO_dim256_t5
     avg_score=-2462.179932 | runtime=2.37s
  [SKIP NK] Only 0 TOP 1 in QUBO (threshold: 3)
  -> skip NK_dim128_t1 (insufficient TOP 1 in QUBO)
  -> skip NK_dim128_t2 (insufficient TOP 1 in QUBO)
  -> skip NK_dim128_t4 (insufficient TOP 1 in QUBO)
  -> skip NK_dim128_t8 (insufficient TOP 1 in QUBO)
  -> skip NK_dim256_t1 (insufficient TOP 1 in QUBO)
  -> skip NK_dim256_t2 (insufficient TOP 1 in QUBO)
  -> skip NK_dim256_t4 (insufficient TOP 1 in QUBO)
  -> skip NK_dim256_t8 (insufficient TOP 1 in QUBO)
  -> skip NK_dim64_t1 (insufficient TOP 1 in QUBO)
  -> skip NK_dim64_t2 (insufficient TOP 1 in QUBO)
  -> skip NK_dim64_t4 (insufficient TOP 1 in QUBO)
  -> skip NK_dim64_t8 (insufficient TOP 1 in QUBO)

  *** SUMMARY FOR CONFIG: krbf__advglobalrankweighted__M4__L10__eps0p02__g0p007__ds0p01__dm0p01 ***
  NOMBRE DE TOP 1 : 0 (NK: 0, QUBO: 0)
  NOMBRE DE TOP 3 : 0
  NOMBRE DE TOP 5 : 0
  NOMBRE DE TOP 10 : 1
  Instances: 18/18

[CONFIG] krbf__advglobalrankweighted__M4__L11__eps0p01__g0p003__ds0p01__dm0p01
  -> run QUBO_dim64_t0
     avg_score=-200.220001 | runtime=1.53s
  -> run QUBO_dim64_t1
     avg_score=-147.559998 | runtime=1.53s
  -> run QUBO_dim64_t2
     avg_score=-138.539993 | runtime=1.53s
  -> run QUBO_dim64_t3
     avg_score=-412.679993 | runtime=1.53s
  -> run QUBO_dim64_t4
     avg_score=-327.160004 | runtime=1.53s
  -> run QUBO_dim64_t5
     avg_score=-309.299988 | runtime=1.53s
  -> run QUBO_dim128_t0
     avg_score=-572.260010 | runtime=1.63s
  -> run QUBO_dim128_t1
     avg_score=-445.660004 | runtime=1.63s
  -> run QUBO_dim128_t2
     avg_score=-425.660004 | runtime=1.64s
  -> run QUBO_dim128_t3
     avg_score=-1189.140015 | runtime=1.63s
  -> run QUBO_dim128_t4
     avg_score=-935.760010 | runtime=1.64s
  -> run QUBO_dim128_t5
     avg_score=-900.479980 | runtime=1.63s
  -> run QUBO_dim256_t0
     avg_score=-1577.959961 | runtime=2.27s
  -> run QUBO_dim256_t1
     avg_score=-1274.420044 | runtime=2.27s
  -> run QUBO_dim256_t2
     avg_score=-1190.560059 | runtime=2.27s
  -> run QUBO_dim256_t3
     avg_score=-3200.040039 | runtime=2.27s
  -> run QUBO_dim256_t4
     avg_score=-2575.959961 | runtime=2.27s
  -> run QUBO_dim256_t5
     avg_score=-2478.379883 | runtime=2.27s
  [SKIP NK] Only 0 TOP 1 in QUBO (threshold: 3)
  -> skip NK_dim128_t1 (insufficient TOP 1 in QUBO)
  -> skip NK_dim128_t2 (insufficient TOP 1 in QUBO)
  -> skip NK_dim128_t4 (insufficient TOP 1 in QUBO)
  -> skip NK_dim128_t8 (insufficient TOP 1 in QUBO)
  -> skip NK_dim256_t1 (insufficient TOP 1 in QUBO)
  -> skip NK_dim256_t2 (insufficient TOP 1 in QUBO)
  -> skip NK_dim256_t4 (insufficient TOP 1 in QUBO)
  -> skip NK_dim256_t8 (insufficient TOP 1 in QUBO)
  -> skip NK_dim64_t1 (insufficient TOP 1 in QUBO)
  -> skip NK_dim64_t2 (insufficient TOP 1 in QUBO)
  -> skip NK_dim64_t4 (insufficient TOP 1 in QUBO)
  -> skip NK_dim64_t8 (insufficient TOP 1 in QUBO)

  *** SUMMARY FOR CONFIG: krbf__advglobalrankweighted__M4__L11__eps0p01__g0p003__ds0p01__dm0p01 ***
  NOMBRE DE TOP 1 : 0 (NK: 0, QUBO: 0)
  NOMBRE DE TOP 3 : 1
  NOMBRE DE TOP 5 : 1
  NOMBRE DE TOP 10 : 1
  Instances: 18/18

[CONFIG] krbf__advglobalrankweighted__M4__L11__eps0p01__g0p005__ds0p01__dm0p01
  -> run QUBO_dim64_t0
     avg_score=-201.000000 | runtime=1.53s
  -> run QUBO_dim64_t1
     avg_score=-148.800003 | runtime=1.53s
  -> run QUBO_dim64_t2
     avg_score=-139.440002 | runtime=1.53s
  -> run QUBO_dim64_t3
     avg_score=-411.480011 | runtime=1.53s
  -> run QUBO_dim64_t4
     avg_score=-329.019989 | runtime=1.53s
  -> run QUBO_dim64_t5
     avg_score=-309.820007 | runtime=1.53s
  -> run QUBO_dim128_t0
     avg_score=-565.619995 | runtime=1.64s
  -> run QUBO_dim128_t1
     avg_score=-439.140015 | runtime=1.63s
  -> run QUBO_dim128_t2
     avg_score=-424.980011 | runtime=1.63s
  -> run QUBO_dim128_t3
     avg_score=-1176.680054 | runtime=1.63s
  -> run QUBO_dim128_t4
     avg_score=-926.799988 | runtime=1.63s
  -> run QUBO_dim128_t5
     avg_score=-890.739990 | runtime=1.64s
  -> run QUBO_dim256_t0
     avg_score=-1492.719971 | runtime=2.27s
  -> run QUBO_dim256_t1
     avg_score=-1224.520020 | runtime=2.27s
  -> run QUBO_dim256_t2
     avg_score=-1143.500000 | runtime=2.27s
  -> run QUBO_dim256_t3
     avg_score=-3030.139893 | runtime=2.27s
  -> run QUBO_dim256_t4
     avg_score=-2461.159912 | runtime=2.27s
  -> run QUBO_dim256_t5
     avg_score=-2340.520020 | runtime=2.27s
  [SKIP NK] Only 0 TOP 1 in QUBO (threshold: 3)
  -> skip NK_dim128_t1 (insufficient TOP 1 in QUBO)
  -> skip NK_dim128_t2 (insufficient TOP 1 in QUBO)
  -> skip NK_dim128_t4 (insufficient TOP 1 in QUBO)
  -> skip NK_dim128_t8 (insufficient TOP 1 in QUBO)
  -> skip NK_dim256_t1 (insufficient TOP 1 in QUBO)
  -> skip NK_dim256_t2 (insufficient TOP 1 in QUBO)
  -> skip NK_dim256_t4 (insufficient TOP 1 in QUBO)
  -> skip NK_dim256_t8 (insufficient TOP 1 in QUBO)
  -> skip NK_dim64_t1 (insufficient TOP 1 in QUBO)
  -> skip NK_dim64_t2 (insufficient TOP 1 in QUBO)
  -> skip NK_dim64_t4 (insufficient TOP 1 in QUBO)
  -> skip NK_dim64_t8 (insufficient TOP 1 in QUBO)

  *** SUMMARY FOR CONFIG: krbf__advglobalrankweighted__M4__L11__eps0p01__g0p005__ds0p01__dm0p01 ***
  NOMBRE DE TOP 1 : 0 (NK: 0, QUBO: 0)
  NOMBRE DE TOP 3 : 0
  NOMBRE DE TOP 5 : 0
  NOMBRE DE TOP 10 : 0
  Instances: 18/18

[CONFIG] krbf__advglobalrankweighted__M4__L11__eps0p01__g0p007__ds0p01__dm0p01
  -> run QUBO_dim64_t0
     avg_score=-200.259995 | runtime=1.53s
  -> run QUBO_dim64_t1
     avg_score=-148.960007 | runtime=1.53s
  -> run QUBO_dim64_t2
     avg_score=-139.220001 | runtime=1.53s
  -> run QUBO_dim64_t3
     avg_score=-414.500000 | runtime=1.53s
  -> run QUBO_dim64_t4
     avg_score=-329.899994 | runtime=1.53s
  -> run QUBO_dim64_t5
     avg_score=-309.059998 | runtime=1.53s
  -> run QUBO_dim128_t0
     avg_score=-560.580017 | runtime=1.63s
  -> run QUBO_dim128_t1
     avg_score=-432.160004 | runtime=1.63s
  -> run QUBO_dim128_t2
     avg_score=-418.559998 | runtime=1.63s
  -> run QUBO_dim128_t3
     avg_score=-1155.800049 | runtime=1.63s
  -> run QUBO_dim128_t4
     avg_score=-919.039978 | runtime=1.63s
  -> run QUBO_dim128_t5
     avg_score=-860.059998 | runtime=1.63s
  -> run QUBO_dim256_t0
     avg_score=-1401.719971 | runtime=2.27s
  -> run QUBO_dim256_t1
     avg_score=-1166.140015 | runtime=2.27s
  -> run QUBO_dim256_t2
     avg_score=-1065.199951 | runtime=2.27s
  -> run QUBO_dim256_t3
     avg_score=-2804.699951 | runtime=2.27s
  -> run QUBO_dim256_t4
     avg_score=-2362.300049 | runtime=2.27s
  -> run QUBO_dim256_t5
     avg_score=-2195.899902 | runtime=2.27s
  [SKIP NK] Only 0 TOP 1 in QUBO (threshold: 3)
  -> skip NK_dim128_t1 (insufficient TOP 1 in QUBO)
  -> skip NK_dim128_t2 (insufficient TOP 1 in QUBO)
  -> skip NK_dim128_t4 (insufficient TOP 1 in QUBO)
  -> skip NK_dim128_t8 (insufficient TOP 1 in QUBO)
  -> skip NK_dim256_t1 (insufficient TOP 1 in QUBO)
  -> skip NK_dim256_t2 (insufficient TOP 1 in QUBO)
  -> skip NK_dim256_t4 (insufficient TOP 1 in QUBO)
  -> skip NK_dim256_t8 (insufficient TOP 1 in QUBO)
  -> skip NK_dim64_t1 (insufficient TOP 1 in QUBO)
  -> skip NK_dim64_t2 (insufficient TOP 1 in QUBO)
  -> skip NK_dim64_t4 (insufficient TOP 1 in QUBO)
  -> skip NK_dim64_t8 (insufficient TOP 1 in QUBO)

  *** SUMMARY FOR CONFIG: krbf__advglobalrankweighted__M4__L11__eps0p01__g0p007__ds0p01__dm0p01 ***
  NOMBRE DE TOP 1 : 0 (NK: 0, QUBO: 0)
  NOMBRE DE TOP 3 : 0
  NOMBRE DE TOP 5 : 0
  NOMBRE DE TOP 10 : 0
  Instances: 18/18

[CONFIG] krbf__advglobalrankweighted__M4__L11__eps0p015__g0p003__ds0p01__dm0p01
  -> run QUBO_dim64_t0
     avg_score=-201.460007 | runtime=1.53s
  -> run QUBO_dim64_t1
     avg_score=-149.460007 | runtime=1.53s
  -> run QUBO_dim64_t2
     avg_score=-139.419998 | runtime=1.53s
  -> run QUBO_dim64_t3
     avg_score=-413.500000 | runtime=1.53s
  -> run QUBO_dim64_t4
     avg_score=-330.720001 | runtime=1.53s
  -> run QUBO_dim64_t5
     avg_score=-309.079987 | runtime=1.53s
  -> run QUBO_dim128_t0
     avg_score=-574.919983 | runtime=1.63s
  -> run QUBO_dim128_t1
     avg_score=-437.920013 | runtime=1.63s
  -> run QUBO_dim128_t2
     avg_score=-427.179993 | runtime=1.63s
  -> run QUBO_dim128_t3
     avg_score=-1182.040039 | runtime=1.63s
  -> run QUBO_dim128_t4
     avg_score=-927.099976 | runtime=1.63s
  -> run QUBO_dim128_t5
     avg_score=-902.599976 | runtime=1.63s
  -> run QUBO_dim256_t0
     avg_score=-1597.300049 | runtime=2.27s
  -> run QUBO_dim256_t1
     avg_score=-1286.119995 | runtime=2.27s
  -> run QUBO_dim256_t2
     avg_score=-1224.459961 | runtime=2.27s
  -> run QUBO_dim256_t3
     avg_score=-3217.760010 | runtime=2.27s
  -> run QUBO_dim256_t4
     avg_score=-2576.540039 | runtime=2.27s
  -> run QUBO_dim256_t5
     avg_score=-2539.840088 | runtime=2.27s
  [SKIP NK] Only 0 TOP 1 in QUBO (threshold: 3)
  -> skip NK_dim128_t1 (insufficient TOP 1 in QUBO)
  -> skip NK_dim128_t2 (insufficient TOP 1 in QUBO)
  -> skip NK_dim128_t4 (insufficient TOP 1 in QUBO)
  -> skip NK_dim128_t8 (insufficient TOP 1 in QUBO)
  -> skip NK_dim256_t1 (insufficient TOP 1 in QUBO)
  -> skip NK_dim256_t2 (insufficient TOP 1 in QUBO)
  -> skip NK_dim256_t4 (insufficient TOP 1 in QUBO)
  -> skip NK_dim256_t8 (insufficient TOP 1 in QUBO)
  -> skip NK_dim64_t1 (insufficient TOP 1 in QUBO)
  -> skip NK_dim64_t2 (insufficient TOP 1 in QUBO)
  -> skip NK_dim64_t4 (insufficient TOP 1 in QUBO)
  -> skip NK_dim64_t8 (insufficient TOP 1 in QUBO)

  *** SUMMARY FOR CONFIG: krbf__advglobalrankweighted__M4__L11__eps0p015__g0p003__ds0p01__dm0p01 ***
  NOMBRE DE TOP 1 : 0 (NK: 0, QUBO: 0)
  NOMBRE DE TOP 3 : 0
  NOMBRE DE TOP 5 : 1
  NOMBRE DE TOP 10 : 1
  Instances: 18/18

[CONFIG] krbf__advglobalrankweighted__M4__L11__eps0p015__g0p005__ds0p01__dm0p01
  -> run QUBO_dim64_t0
     avg_score=-201.080002 | runtime=1.53s
  -> run QUBO_dim64_t1
     avg_score=-148.580002 | runtime=1.53s
  -> run QUBO_dim64_t2
     avg_score=-139.839996 | runtime=1.53s
  -> run QUBO_dim64_t3
     avg_score=-414.279999 | runtime=1.53s
  -> run QUBO_dim64_t4
     avg_score=-328.279999 | runtime=1.53s
  -> run QUBO_dim64_t5
     avg_score=-310.440002 | runtime=1.53s
  -> run QUBO_dim128_t0
     avg_score=-574.359985 | runtime=1.63s
  -> run QUBO_dim128_t1
     avg_score=-439.420013 | runtime=1.63s
  -> run QUBO_dim128_t2
     avg_score=-425.500000 | runtime=1.64s
  -> run QUBO_dim128_t3
     avg_score=-1191.839966 | runtime=1.64s
  -> run QUBO_dim128_t4
     avg_score=-935.239990 | runtime=1.64s
  -> run QUBO_dim128_t5
     avg_score=-898.419983 | runtime=1.64s
  -> run QUBO_dim256_t0
     avg_score=-1562.719971 | runtime=2.27s
  -> run QUBO_dim256_t1
     avg_score=-1256.300049 | runtime=2.27s
  -> run QUBO_dim256_t2
     avg_score=-1190.920044 | runtime=2.27s
  -> run QUBO_dim256_t3
     avg_score=-3173.860107 | runtime=2.27s
  -> run QUBO_dim256_t4
     avg_score=-2539.560059 | runtime=2.27s
  -> run QUBO_dim256_t5
     avg_score=-2448.800049 | runtime=2.27s
  [SKIP NK] Only 0 TOP 1 in QUBO (threshold: 3)
  -> skip NK_dim128_t1 (insufficient TOP 1 in QUBO)
  -> skip NK_dim128_t2 (insufficient TOP 1 in QUBO)
  -> skip NK_dim128_t4 (insufficient TOP 1 in QUBO)
  -> skip NK_dim128_t8 (insufficient TOP 1 in QUBO)
  -> skip NK_dim256_t1 (insufficient TOP 1 in QUBO)
  -> skip NK_dim256_t2 (insufficient TOP 1 in QUBO)
  -> skip NK_dim256_t4 (insufficient TOP 1 in QUBO)
  -> skip NK_dim256_t8 (insufficient TOP 1 in QUBO)
  -> skip NK_dim64_t1 (insufficient TOP 1 in QUBO)
  -> skip NK_dim64_t2 (insufficient TOP 1 in QUBO)
  -> skip NK_dim64_t4 (insufficient TOP 1 in QUBO)
  -> skip NK_dim64_t8 (insufficient TOP 1 in QUBO)

  *** SUMMARY FOR CONFIG: krbf__advglobalrankweighted__M4__L11__eps0p015__g0p005__ds0p01__dm0p01 ***
  NOMBRE DE TOP 1 : 0 (NK: 0, QUBO: 0)
  NOMBRE DE TOP 3 : 0
  NOMBRE DE TOP 5 : 0
  NOMBRE DE TOP 10 : 0
  Instances: 18/18

[CONFIG] krbf__advglobalrankweighted__M4__L11__eps0p015__g0p007__ds0p01__dm0p01
  -> run QUBO_dim64_t0
     avg_score=-200.940002 | runtime=1.53s
  -> run QUBO_dim64_t1
     avg_score=-149.320007 | runtime=1.53s
  -> run QUBO_dim64_t2
     avg_score=-139.380005 | runtime=1.53s
  -> run QUBO_dim64_t3
     avg_score=-413.980011 | runtime=1.53s
  -> run QUBO_dim64_t4
     avg_score=-331.420013 | runtime=1.53s
  -> run QUBO_dim64_t5
     avg_score=-310.799988 | runtime=1.53s
  -> run QUBO_dim128_t0
     avg_score=-577.020020 | runtime=1.63s
  -> run QUBO_dim128_t1
     avg_score=-438.380005 | runtime=1.63s
  -> run QUBO_dim128_t2
     avg_score=-423.299988 | runtime=1.64s
  -> run QUBO_dim128_t3
     avg_score=-1180.579956 | runtime=1.64s
  -> run QUBO_dim128_t4
     avg_score=-924.039978 | runtime=1.63s
  -> run QUBO_dim128_t5
     avg_score=-895.599976 | runtime=1.63s
  -> run QUBO_dim256_t0
     avg_score=-1512.000000 | runtime=2.27s
  -> run QUBO_dim256_t1
     avg_score=-1233.680054 | runtime=2.27s
  -> run QUBO_dim256_t2
     avg_score=-1158.000000 | runtime=2.27s
  -> run QUBO_dim256_t3
     avg_score=-3047.239990 | runtime=2.27s
  -> run QUBO_dim256_t4
     avg_score=-2463.699951 | runtime=2.27s
  -> run QUBO_dim256_t5
     avg_score=-2365.540039 | runtime=2.27s
  [SKIP NK] Only 0 TOP 1 in QUBO (threshold: 3)
  -> skip NK_dim128_t1 (insufficient TOP 1 in QUBO)
  -> skip NK_dim128_t2 (insufficient TOP 1 in QUBO)
  -> skip NK_dim128_t4 (insufficient TOP 1 in QUBO)
  -> skip NK_dim128_t8 (insufficient TOP 1 in QUBO)
  -> skip NK_dim256_t1 (insufficient TOP 1 in QUBO)
  -> skip NK_dim256_t2 (insufficient TOP 1 in QUBO)
  -> skip NK_dim256_t4 (insufficient TOP 1 in QUBO)
  -> skip NK_dim256_t8 (insufficient TOP 1 in QUBO)
  -> skip NK_dim64_t1 (insufficient TOP 1 in QUBO)
  -> skip NK_dim64_t2 (insufficient TOP 1 in QUBO)
  -> skip NK_dim64_t4 (insufficient TOP 1 in QUBO)
  -> skip NK_dim64_t8 (insufficient TOP 1 in QUBO)

  *** SUMMARY FOR CONFIG: krbf__advglobalrankweighted__M4__L11__eps0p015__g0p007__ds0p01__dm0p01 ***
  NOMBRE DE TOP 1 : 0 (NK: 0, QUBO: 0)
  NOMBRE DE TOP 3 : 0
  NOMBRE DE TOP 5 : 0
  NOMBRE DE TOP 10 : 0
  Instances: 18/18

[CONFIG] krbf__advglobalrankweighted__M4__L11__eps0p02__g0p003__ds0p01__dm0p01
  -> run QUBO_dim64_t0
     avg_score=-198.880005 | runtime=1.53s
  -> run QUBO_dim64_t1
     avg_score=-148.419998 | runtime=1.53s
  -> run QUBO_dim64_t2
     avg_score=-138.699997 | runtime=1.53s
  -> run QUBO_dim64_t3
     avg_score=-411.559998 | runtime=1.53s
  -> run QUBO_dim64_t4
     avg_score=-327.399994 | runtime=1.53s
  -> run QUBO_dim64_t5
     avg_score=-308.220001 | runtime=1.53s
  -> run QUBO_dim128_t0
     avg_score=-578.000000 | runtime=1.64s
  -> run QUBO_dim128_t1
     avg_score=-439.179993 | runtime=1.63s
  -> run QUBO_dim128_t2
     avg_score=-426.019989 | runtime=1.63s
  -> run QUBO_dim128_t3
     avg_score=-1182.520020 | runtime=1.63s
  -> run QUBO_dim128_t4
     avg_score=-933.179993 | runtime=1.63s
  -> run QUBO_dim128_t5
     avg_score=-903.539978 | runtime=1.63s
  -> run QUBO_dim256_t0
     avg_score=-1601.619995 | runtime=2.27s
  -> run QUBO_dim256_t1
     avg_score=-1295.300049 | runtime=2.27s
  -> run QUBO_dim256_t2
     avg_score=-1229.520020 | runtime=2.27s
  -> run QUBO_dim256_t3
     avg_score=-3229.159912 | runtime=2.27s
  -> run QUBO_dim256_t4
     avg_score=-2609.340088 | runtime=2.27s
  -> run QUBO_dim256_t5
     avg_score=-2516.639893 | runtime=2.27s
  [SKIP NK] Only 0 TOP 1 in QUBO (threshold: 3)
  -> skip NK_dim128_t1 (insufficient TOP 1 in QUBO)
  -> skip NK_dim128_t2 (insufficient TOP 1 in QUBO)
  -> skip NK_dim128_t4 (insufficient TOP 1 in QUBO)
  -> skip NK_dim128_t8 (insufficient TOP 1 in QUBO)
  -> skip NK_dim256_t1 (insufficient TOP 1 in QUBO)
  -> skip NK_dim256_t2 (insufficient TOP 1 in QUBO)
  -> skip NK_dim256_t4 (insufficient TOP 1 in QUBO)
  -> skip NK_dim256_t8 (insufficient TOP 1 in QUBO)
  -> skip NK_dim64_t1 (insufficient TOP 1 in QUBO)
  -> skip NK_dim64_t2 (insufficient TOP 1 in QUBO)
  -> skip NK_dim64_t4 (insufficient TOP 1 in QUBO)
  -> skip NK_dim64_t8 (insufficient TOP 1 in QUBO)

  *** SUMMARY FOR CONFIG: krbf__advglobalrankweighted__M4__L11__eps0p02__g0p003__ds0p01__dm0p01 ***
  NOMBRE DE TOP 1 : 0 (NK: 0, QUBO: 0)
  NOMBRE DE TOP 3 : 2
  NOMBRE DE TOP 5 : 2
  NOMBRE DE TOP 10 : 2
  Instances: 18/18

[CONFIG] krbf__advglobalrankweighted__M4__L11__eps0p02__g0p005__ds0p01__dm0p01
  -> run QUBO_dim64_t0
     avg_score=-199.580002 | runtime=1.53s
  -> run QUBO_dim64_t1
     avg_score=-149.199997 | runtime=1.53s
  -> run QUBO_dim64_t2
     avg_score=-139.580002 | runtime=1.53s
  -> run QUBO_dim64_t3
     avg_score=-410.220001 | runtime=1.53s
  -> run QUBO_dim64_t4
     avg_score=-331.079987 | runtime=1.53s
  -> run QUBO_dim64_t5
     avg_score=-307.760010 | runtime=1.53s
  -> run QUBO_dim128_t0
     avg_score=-575.520020 | runtime=1.63s
  -> run QUBO_dim128_t1
     avg_score=-440.820007 | runtime=1.63s
  -> run QUBO_dim128_t2
     avg_score=-427.739990 | runtime=1.63s
  -> run QUBO_dim128_t3
     avg_score=-1190.540039 | runtime=1.64s
  -> run QUBO_dim128_t4
     avg_score=-923.700012 | runtime=1.63s
  -> run QUBO_dim128_t5
     avg_score=-900.619995 | runtime=1.63s
  -> run QUBO_dim256_t0
     avg_score=-1586.959961 | runtime=2.27s
  -> run QUBO_dim256_t1
     avg_score=-1278.520020 | runtime=2.27s
  -> run QUBO_dim256_t2
     avg_score=-1213.300049 | runtime=2.27s
  -> run QUBO_dim256_t3
     avg_score=-3217.139893 | runtime=2.27s
  -> run QUBO_dim256_t4
     avg_score=-2585.540039 | runtime=2.27s
  -> run QUBO_dim256_t5
     avg_score=-2502.060059 | runtime=2.27s
  [SKIP NK] Only 0 TOP 1 in QUBO (threshold: 3)
  -> skip NK_dim128_t1 (insufficient TOP 1 in QUBO)
  -> skip NK_dim128_t2 (insufficient TOP 1 in QUBO)
  -> skip NK_dim128_t4 (insufficient TOP 1 in QUBO)
  -> skip NK_dim128_t8 (insufficient TOP 1 in QUBO)
  -> skip NK_dim256_t1 (insufficient TOP 1 in QUBO)
  -> skip NK_dim256_t2 (insufficient TOP 1 in QUBO)
  -> skip NK_dim256_t4 (insufficient TOP 1 in QUBO)
  -> skip NK_dim256_t8 (insufficient TOP 1 in QUBO)
  -> skip NK_dim64_t1 (insufficient TOP 1 in QUBO)
  -> skip NK_dim64_t2 (insufficient TOP 1 in QUBO)
  -> skip NK_dim64_t4 (insufficient TOP 1 in QUBO)
  -> skip NK_dim64_t8 (insufficient TOP 1 in QUBO)

  *** SUMMARY FOR CONFIG: krbf__advglobalrankweighted__M4__L11__eps0p02__g0p005__ds0p01__dm0p01 ***
  NOMBRE DE TOP 1 : 0 (NK: 0, QUBO: 0)
  NOMBRE DE TOP 3 : 0
  NOMBRE DE TOP 5 : 0
  NOMBRE DE TOP 10 : 0
  Instances: 18/18

[CONFIG] krbf__advglobalrankweighted__M4__L11__eps0p02__g0p007__ds0p01__dm0p01
  -> run QUBO_dim64_t0
     avg_score=-200.660004 | runtime=1.53s
  -> run QUBO_dim64_t1
     avg_score=-148.839996 | runtime=1.53s
  -> run QUBO_dim64_t2
     avg_score=-140.500000 | runtime=1.53s
  -> run QUBO_dim64_t3
     avg_score=-409.700012 | runtime=1.53s
  -> run QUBO_dim64_t4
     avg_score=-326.980011 | runtime=1.53s
  -> run QUBO_dim64_t5
     avg_score=-309.179993 | runtime=1.53s
  -> run QUBO_dim128_t0
     avg_score=-571.020020 | runtime=1.63s
  -> run QUBO_dim128_t1
     avg_score=-440.779999 | runtime=1.64s
  -> run QUBO_dim128_t2
     avg_score=-425.760010 | runtime=1.63s
  -> run QUBO_dim128_t3
     avg_score=-1185.119995 | runtime=1.64s
  -> run QUBO_dim128_t4
     avg_score=-928.080017 | runtime=1.63s
  -> run QUBO_dim128_t5
     avg_score=-903.179993 | runtime=1.63s
  -> run QUBO_dim256_t0
     avg_score=-1561.280029 | runtime=2.27s
  -> run QUBO_dim256_t1
     avg_score=-1253.180054 | runtime=2.27s
  -> run QUBO_dim256_t2
     avg_score=-1185.140015 | runtime=2.27s
  -> run QUBO_dim256_t3
     avg_score=-3164.040039 | runtime=2.27s
  -> run QUBO_dim256_t4
     avg_score=-2551.639893 | runtime=2.27s
  -> run QUBO_dim256_t5
     avg_score=-2427.959961 | runtime=2.27s
  [SKIP NK] Only 0 TOP 1 in QUBO (threshold: 3)
  -> skip NK_dim128_t1 (insufficient TOP 1 in QUBO)
  -> skip NK_dim128_t2 (insufficient TOP 1 in QUBO)
  -> skip NK_dim128_t4 (insufficient TOP 1 in QUBO)
  -> skip NK_dim128_t8 (insufficient TOP 1 in QUBO)
  -> skip NK_dim256_t1 (insufficient TOP 1 in QUBO)
  -> skip NK_dim256_t2 (insufficient TOP 1 in QUBO)
  -> skip NK_dim256_t4 (insufficient TOP 1 in QUBO)
  -> skip NK_dim256_t8 (insufficient TOP 1 in QUBO)
  -> skip NK_dim64_t1 (insufficient TOP 1 in QUBO)
  -> skip NK_dim64_t2 (insufficient TOP 1 in QUBO)
  -> skip NK_dim64_t4 (insufficient TOP 1 in QUBO)
  -> skip NK_dim64_t8 (insufficient TOP 1 in QUBO)

  *** SUMMARY FOR CONFIG: krbf__advglobalrankweighted__M4__L11__eps0p02__g0p007__ds0p01__dm0p01 ***
  NOMBRE DE TOP 1 : 0 (NK: 0, QUBO: 0)
  NOMBRE DE TOP 3 : 0
  NOMBRE DE TOP 5 : 0
  NOMBRE DE TOP 10 : 0
  Instances: 18/18

[DONE] experiments complete
Elapsed: 990.15s
Job terminé à Wed Mar  4 14:22:27 CET 2026
Notification mail Slurm activée.
