Job démarré sur gnode4 à Fri Mar  6 15:40:11 CET 2026
Run main_expe
[CONFIG] kfr__advglobalrankweighted__M4__L12__eps0p01__g0p003__ds0p01__dm0p01
  -> run QUBO_dim64_t0
     avg_score=-201.960007 | runtime=1.03s
  -> run QUBO_dim64_t1
     avg_score=-148.839996 | runtime=0.77s
  -> run QUBO_dim64_t2
     avg_score=-139.020004 | runtime=0.77s
  -> run QUBO_dim64_t3
     avg_score=-414.660004 | runtime=0.77s
  -> run QUBO_dim64_t4
     avg_score=-328.179993 | runtime=0.77s
  -> run QUBO_dim64_t5
     avg_score=-310.420013 | runtime=0.76s
  -> run QUBO_dim128_t0
     avg_score=-581.820007 | runtime=0.80s
  -> run QUBO_dim128_t1
     avg_score=-436.600006 | runtime=0.80s
  -> run QUBO_dim128_t2
     avg_score=-423.700012 | runtime=0.80s
  -> run QUBO_dim128_t3
     avg_score=-1181.459961 | runtime=0.80s
  -> run QUBO_dim128_t4
     avg_score=-927.059998 | runtime=0.80s
  -> run QUBO_dim128_t5
     avg_score=-900.940002 | runtime=0.80s
  -> run QUBO_dim256_t0
     avg_score=-1570.959961 | runtime=1.07s
  -> run QUBO_dim256_t1
     avg_score=-1265.780029 | runtime=1.07s
  -> run QUBO_dim256_t2
     avg_score=-1181.239990 | runtime=1.07s
  -> run QUBO_dim256_t3
     avg_score=-3182.540039 | runtime=1.07s
  -> run QUBO_dim256_t4
     avg_score=-2548.239990 | runtime=1.07s
  -> run QUBO_dim256_t5
     avg_score=-2467.179932 | runtime=1.07s
  [SKIP NK] Only 0 TOP 1 in QUBO (threshold: 3)
  -> skip NK_dim128_t1 (insufficient TOP 1 in QUBO)
  -> skip NK_dim128_t2 (insufficient TOP 1 in QUBO)
  -> skip NK_dim128_t4 (insufficient TOP 1 in QUBO)
  -> skip NK_dim128_t8 (insufficient TOP 1 in QUBO)
  -> skip NK_dim256_t1 (insufficient TOP 1 in QUBO)
  -> skip NK_dim256_t2 (insufficient TOP 1 in QUBO)
  -> skip NK_dim256_t4 (insufficient TOP 1 in QUBO)
  -> skip NK_dim256_t8 (insufficient TOP 1 in QUBO)
  -> skip NK_dim64_t1 (insufficient TOP 1 in QUBO)
  -> skip NK_dim64_t2 (insufficient TOP 1 in QUBO)
  -> skip NK_dim64_t4 (insufficient TOP 1 in QUBO)
  -> skip NK_dim64_t8 (insufficient TOP 1 in QUBO)

  *** SUMMARY FOR CONFIG: kfr__advglobalrankweighted__M4__L12__eps0p01__g0p003__ds0p01__dm0p01 ***
  NOMBRE DE TOP 1 : 0 (NK: 0, QUBO: 0)
  NOMBRE DE TOP 3 : 0
  NOMBRE DE TOP 5 : 0
  NOMBRE DE TOP 10 : 0
  Instances: 18/18

[CONFIG] kfr__advglobalrankweighted__M4__L12__eps0p01__g0p005__ds0p01__dm0p01
  -> run QUBO_dim64_t0
     avg_score=-200.279999 | runtime=0.77s
  -> run QUBO_dim64_t1
     avg_score=-149.080002 | runtime=0.77s
  -> run QUBO_dim64_t2
     avg_score=-140.100006 | runtime=0.77s
  -> run QUBO_dim64_t3
     avg_score=-411.980011 | runtime=0.77s
  -> run QUBO_dim64_t4
     avg_score=-330.739990 | runtime=0.77s
  -> run QUBO_dim64_t5
     avg_score=-308.519989 | runtime=0.77s
  -> run QUBO_dim128_t0
     avg_score=-569.260010 | runtime=0.80s
  -> run QUBO_dim128_t1
     avg_score=-434.260010 | runtime=0.80s
  -> run QUBO_dim128_t2
     avg_score=-424.239990 | runtime=0.80s
  -> run QUBO_dim128_t3
     avg_score=-1169.599976 | runtime=0.80s
  -> run QUBO_dim128_t4
     avg_score=-929.140015 | runtime=0.80s
  -> run QUBO_dim128_t5
     avg_score=-882.380005 | runtime=0.80s
  -> run QUBO_dim256_t0
     avg_score=-1479.000000 | runtime=1.07s
  -> run QUBO_dim256_t1
     avg_score=-1214.540039 | runtime=1.07s
  -> run QUBO_dim256_t2
     avg_score=-1122.380005 | runtime=1.07s
  -> run QUBO_dim256_t3
     avg_score=-3008.939941 | runtime=1.07s
  -> run QUBO_dim256_t4
     avg_score=-2452.419922 | runtime=1.07s
  -> run QUBO_dim256_t5
     avg_score=-2290.199951 | runtime=1.07s
  [SKIP NK] Only 0 TOP 1 in QUBO (threshold: 3)
  -> skip NK_dim128_t1 (insufficient TOP 1 in QUBO)
  -> skip NK_dim128_t2 (insufficient TOP 1 in QUBO)
  -> skip NK_dim128_t4 (insufficient TOP 1 in QUBO)
  -> skip NK_dim128_t8 (insufficient TOP 1 in QUBO)
  -> skip NK_dim256_t1 (insufficient TOP 1 in QUBO)
  -> skip NK_dim256_t2 (insufficient TOP 1 in QUBO)
  -> skip NK_dim256_t4 (insufficient TOP 1 in QUBO)
  -> skip NK_dim256_t8 (insufficient TOP 1 in QUBO)
  -> skip NK_dim64_t1 (insufficient TOP 1 in QUBO)
  -> skip NK_dim64_t2 (insufficient TOP 1 in QUBO)
  -> skip NK_dim64_t4 (insufficient TOP 1 in QUBO)
  -> skip NK_dim64_t8 (insufficient TOP 1 in QUBO)

  *** SUMMARY FOR CONFIG: kfr__advglobalrankweighted__M4__L12__eps0p01__g0p005__ds0p01__dm0p01 ***
  NOMBRE DE TOP 1 : 0 (NK: 0, QUBO: 0)
  NOMBRE DE TOP 3 : 0
  NOMBRE DE TOP 5 : 0
  NOMBRE DE TOP 10 : 0
  Instances: 18/18

[CONFIG] kfr__advglobalrankweighted__M4__L12__eps0p01__g0p007__ds0p01__dm0p01
  -> run QUBO_dim64_t0
     avg_score=-199.559998 | runtime=0.77s
  -> run QUBO_dim64_t1
     avg_score=-149.279999 | runtime=0.77s
  -> run QUBO_dim64_t2
     avg_score=-139.160004 | runtime=0.77s
  -> run QUBO_dim64_t3
     avg_score=-406.720001 | runtime=0.77s
  -> run QUBO_dim64_t4
     avg_score=-333.320007 | runtime=0.77s
  -> run QUBO_dim64_t5
     avg_score=-307.200012 | runtime=0.77s
  -> run QUBO_dim128_t0
     avg_score=-562.760010 | runtime=0.80s
  -> run QUBO_dim128_t1
     avg_score=-427.799988 | runtime=0.80s
  -> run QUBO_dim128_t2
     avg_score=-411.220001 | runtime=0.80s
  -> run QUBO_dim128_t3
     avg_score=-1142.300049 | runtime=0.80s
  -> run QUBO_dim128_t4
     avg_score=-909.179993 | runtime=0.80s
  -> run QUBO_dim128_t5
     avg_score=-847.780029 | runtime=0.80s
  -> run QUBO_dim256_t0
     avg_score=-1356.239990 | runtime=1.07s
  -> run QUBO_dim256_t1
     avg_score=-1157.579956 | runtime=1.07s
  -> run QUBO_dim256_t2
     avg_score=-1046.280029 | runtime=1.07s
  -> run QUBO_dim256_t3
     avg_score=-2750.780029 | runtime=1.08s
  -> run QUBO_dim256_t4
     avg_score=-2299.760010 | runtime=1.07s
  -> run QUBO_dim256_t5
     avg_score=-2136.659912 | runtime=1.07s
  [SKIP NK] Only 0 TOP 1 in QUBO (threshold: 3)
  -> skip NK_dim128_t1 (insufficient TOP 1 in QUBO)
  -> skip NK_dim128_t2 (insufficient TOP 1 in QUBO)
  -> skip NK_dim128_t4 (insufficient TOP 1 in QUBO)
  -> skip NK_dim128_t8 (insufficient TOP 1 in QUBO)
  -> skip NK_dim256_t1 (insufficient TOP 1 in QUBO)
  -> skip NK_dim256_t2 (insufficient TOP 1 in QUBO)
  -> skip NK_dim256_t4 (insufficient TOP 1 in QUBO)
  -> skip NK_dim256_t8 (insufficient TOP 1 in QUBO)
  -> skip NK_dim64_t1 (insufficient TOP 1 in QUBO)
  -> skip NK_dim64_t2 (insufficient TOP 1 in QUBO)
  -> skip NK_dim64_t4 (insufficient TOP 1 in QUBO)
  -> skip NK_dim64_t8 (insufficient TOP 1 in QUBO)

  *** SUMMARY FOR CONFIG: kfr__advglobalrankweighted__M4__L12__eps0p01__g0p007__ds0p01__dm0p01 ***
  NOMBRE DE TOP 1 : 0 (NK: 0, QUBO: 0)
  NOMBRE DE TOP 3 : 0
  NOMBRE DE TOP 5 : 0
  NOMBRE DE TOP 10 : 0
  Instances: 18/18

[CONFIG] kfr__advglobalrankweighted__M4__L12__eps0p015__g0p003__ds0p01__dm0p01
  -> run QUBO_dim64_t0
     avg_score=-200.880005 | runtime=0.77s
  -> run QUBO_dim64_t1
     avg_score=-148.639999 | runtime=0.77s
  -> run QUBO_dim64_t2
     avg_score=-139.699997 | runtime=0.77s
  -> run QUBO_dim64_t3
     avg_score=-414.920013 | runtime=0.77s
  -> run QUBO_dim64_t4
     avg_score=-330.079987 | runtime=0.77s
  -> run QUBO_dim64_t5
     avg_score=-311.320007 | runtime=0.77s
  -> run QUBO_dim128_t0
     avg_score=-575.840027 | runtime=0.81s
  -> run QUBO_dim128_t1
     avg_score=-441.100006 | runtime=0.80s
  -> run QUBO_dim128_t2
     avg_score=-430.279999 | runtime=0.81s
  -> run QUBO_dim128_t3
     avg_score=-1189.459961 | runtime=0.81s
  -> run QUBO_dim128_t4
     avg_score=-934.219971 | runtime=0.81s
  -> run QUBO_dim128_t5
     avg_score=-904.280029 | runtime=0.80s
  -> run QUBO_dim256_t0
     avg_score=-1586.760010 | runtime=1.07s
  -> run QUBO_dim256_t1
     avg_score=-1285.420044 | runtime=1.07s
  -> run QUBO_dim256_t2
     avg_score=-1215.920044 | runtime=1.07s
  -> run QUBO_dim256_t3
     avg_score=-3231.679932 | runtime=1.08s
  -> run QUBO_dim256_t4
     avg_score=-2594.419922 | runtime=1.07s
  -> run QUBO_dim256_t5
     avg_score=-2502.139893 | runtime=1.07s
  [SKIP NK] Only 0 TOP 1 in QUBO (threshold: 3)
  -> skip NK_dim128_t1 (insufficient TOP 1 in QUBO)
  -> skip NK_dim128_t2 (insufficient TOP 1 in QUBO)
  -> skip NK_dim128_t4 (insufficient TOP 1 in QUBO)
  -> skip NK_dim128_t8 (insufficient TOP 1 in QUBO)
  -> skip NK_dim256_t1 (insufficient TOP 1 in QUBO)
  -> skip NK_dim256_t2 (insufficient TOP 1 in QUBO)
  -> skip NK_dim256_t4 (insufficient TOP 1 in QUBO)
  -> skip NK_dim256_t8 (insufficient TOP 1 in QUBO)
  -> skip NK_dim64_t1 (insufficient TOP 1 in QUBO)
  -> skip NK_dim64_t2 (insufficient TOP 1 in QUBO)
  -> skip NK_dim64_t4 (insufficient TOP 1 in QUBO)
  -> skip NK_dim64_t8 (insufficient TOP 1 in QUBO)

  *** SUMMARY FOR CONFIG: kfr__advglobalrankweighted__M4__L12__eps0p015__g0p003__ds0p01__dm0p01 ***
  NOMBRE DE TOP 1 : 0 (NK: 0, QUBO: 0)
  NOMBRE DE TOP 3 : 0
  NOMBRE DE TOP 5 : 1
  NOMBRE DE TOP 10 : 2
  Instances: 18/18

[CONFIG] kfr__advglobalrankweighted__M4__L12__eps0p015__g0p005__ds0p01__dm0p01
  -> run QUBO_dim64_t0
     avg_score=-201.220001 | runtime=0.77s
  -> run QUBO_dim64_t1
     avg_score=-149.279999 | runtime=0.77s
  -> run QUBO_dim64_t2
     avg_score=-139.179993 | runtime=0.77s
  -> run QUBO_dim64_t3
     avg_score=-414.679993 | runtime=0.77s
  -> run QUBO_dim64_t4
     avg_score=-327.959991 | runtime=0.77s
  -> run QUBO_dim64_t5
     avg_score=-311.420013 | runtime=0.77s
  -> run QUBO_dim128_t0
     avg_score=-573.780029 | runtime=0.81s
  -> run QUBO_dim128_t1
     avg_score=-438.899994 | runtime=0.81s
  -> run QUBO_dim128_t2
     avg_score=-428.700012 | runtime=0.81s
  -> run QUBO_dim128_t3
     avg_score=-1175.020020 | runtime=0.81s
  -> run QUBO_dim128_t4
     avg_score=-938.880005 | runtime=0.81s
  -> run QUBO_dim128_t5
     avg_score=-898.539978 | runtime=0.81s
  -> run QUBO_dim256_t0
     avg_score=-1549.339966 | runtime=1.08s
  -> run QUBO_dim256_t1
     avg_score=-1271.359985 | runtime=1.08s
  -> run QUBO_dim256_t2
     avg_score=-1190.660034 | runtime=1.07s
  -> run QUBO_dim256_t3
     avg_score=-3135.219971 | runtime=1.08s
  -> run QUBO_dim256_t4
     avg_score=-2528.879883 | runtime=1.07s
  -> run QUBO_dim256_t5
     avg_score=-2438.280029 | runtime=1.08s
  [SKIP NK] Only 0 TOP 1 in QUBO (threshold: 3)
  -> skip NK_dim128_t1 (insufficient TOP 1 in QUBO)
  -> skip NK_dim128_t2 (insufficient TOP 1 in QUBO)
  -> skip NK_dim128_t4 (insufficient TOP 1 in QUBO)
  -> skip NK_dim128_t8 (insufficient TOP 1 in QUBO)
  -> skip NK_dim256_t1 (insufficient TOP 1 in QUBO)
  -> skip NK_dim256_t2 (insufficient TOP 1 in QUBO)
  -> skip NK_dim256_t4 (insufficient TOP 1 in QUBO)
  -> skip NK_dim256_t8 (insufficient TOP 1 in QUBO)
  -> skip NK_dim64_t1 (insufficient TOP 1 in QUBO)
  -> skip NK_dim64_t2 (insufficient TOP 1 in QUBO)
  -> skip NK_dim64_t4 (insufficient TOP 1 in QUBO)
  -> skip NK_dim64_t8 (insufficient TOP 1 in QUBO)

  *** SUMMARY FOR CONFIG: kfr__advglobalrankweighted__M4__L12__eps0p015__g0p005__ds0p01__dm0p01 ***
  NOMBRE DE TOP 1 : 0 (NK: 0, QUBO: 0)
  NOMBRE DE TOP 3 : 0
  NOMBRE DE TOP 5 : 0
  NOMBRE DE TOP 10 : 1
  Instances: 18/18

[CONFIG] kfr__advglobalrankweighted__M4__L12__eps0p015__g0p007__ds0p01__dm0p01
  -> run QUBO_dim64_t0
     avg_score=-199.979996 | runtime=0.77s
  -> run QUBO_dim64_t1
     avg_score=-147.940002 | runtime=0.77s
  -> run QUBO_dim64_t2
     avg_score=-138.619995 | runtime=0.77s
  -> run QUBO_dim64_t3
     avg_score=-411.799988 | runtime=0.77s
  -> run QUBO_dim64_t4
     avg_score=-332.600006 | runtime=0.77s
  -> run QUBO_dim64_t5
     avg_score=-309.079987 | runtime=0.77s
  -> run QUBO_dim128_t0
     avg_score=-575.599976 | runtime=0.81s
  -> run QUBO_dim128_t1
     avg_score=-437.079987 | runtime=0.81s
  -> run QUBO_dim128_t2
     avg_score=-423.799988 | runtime=0.81s
  -> run QUBO_dim128_t3
     avg_score=-1174.619995 | runtime=0.81s
  -> run QUBO_dim128_t4
     avg_score=-925.440002 | runtime=0.81s
  -> run QUBO_dim128_t5
     avg_score=-887.739990 | runtime=0.81s
  -> run QUBO_dim256_t0
     avg_score=-1503.099976 | runtime=1.08s
  -> run QUBO_dim256_t1
     avg_score=-1213.300049 | runtime=1.08s
  -> run QUBO_dim256_t2
     avg_score=-1138.979980 | runtime=1.08s
  -> run QUBO_dim256_t3
     avg_score=-3019.139893 | runtime=1.08s
  -> run QUBO_dim256_t4
     avg_score=-2438.399902 | runtime=1.07s
  -> run QUBO_dim256_t5
     avg_score=-2323.280029 | runtime=1.08s
  [SKIP NK] Only 0 TOP 1 in QUBO (threshold: 3)
  -> skip NK_dim128_t1 (insufficient TOP 1 in QUBO)
  -> skip NK_dim128_t2 (insufficient TOP 1 in QUBO)
  -> skip NK_dim128_t4 (insufficient TOP 1 in QUBO)
  -> skip NK_dim128_t8 (insufficient TOP 1 in QUBO)
  -> skip NK_dim256_t1 (insufficient TOP 1 in QUBO)
  -> skip NK_dim256_t2 (insufficient TOP 1 in QUBO)
  -> skip NK_dim256_t4 (insufficient TOP 1 in QUBO)
  -> skip NK_dim256_t8 (insufficient TOP 1 in QUBO)
  -> skip NK_dim64_t1 (insufficient TOP 1 in QUBO)
  -> skip NK_dim64_t2 (insufficient TOP 1 in QUBO)
  -> skip NK_dim64_t4 (insufficient TOP 1 in QUBO)
  -> skip NK_dim64_t8 (insufficient TOP 1 in QUBO)

  *** SUMMARY FOR CONFIG: kfr__advglobalrankweighted__M4__L12__eps0p015__g0p007__ds0p01__dm0p01 ***
  NOMBRE DE TOP 1 : 0 (NK: 0, QUBO: 0)
  NOMBRE DE TOP 3 : 0
  NOMBRE DE TOP 5 : 0
  NOMBRE DE TOP 10 : 0
  Instances: 18/18

[CONFIG] kfr__advglobalrankweighted__M4__L12__eps0p02__g0p003__ds0p01__dm0p01
  -> run QUBO_dim64_t0
     avg_score=-199.979996 | runtime=0.77s
  -> run QUBO_dim64_t1
     avg_score=-147.600006 | runtime=0.77s
  -> run QUBO_dim64_t2
     avg_score=-138.759995 | runtime=0.77s
  -> run QUBO_dim64_t3
     avg_score=-414.619995 | runtime=0.77s
  -> run QUBO_dim64_t4
     avg_score=-329.500000 | runtime=0.77s
  -> run QUBO_dim64_t5
     avg_score=-312.660004 | runtime=0.77s
  -> run QUBO_dim128_t0
     avg_score=-581.219971 | runtime=0.81s
  -> run QUBO_dim128_t1
     avg_score=-438.899994 | runtime=0.81s
  -> run QUBO_dim128_t2
     avg_score=-430.959991 | runtime=0.81s
  -> run QUBO_dim128_t3
     avg_score=-1181.780029 | runtime=0.81s
  -> run QUBO_dim128_t4
     avg_score=-929.679993 | runtime=0.81s
  -> run QUBO_dim128_t5
     avg_score=-903.440002 | runtime=0.81s
  -> run QUBO_dim256_t0
     avg_score=-1599.000000 | runtime=1.08s
  -> run QUBO_dim256_t1
     avg_score=-1281.640015 | runtime=1.07s
  -> run QUBO_dim256_t2
     avg_score=-1224.020020 | runtime=1.08s
  -> run QUBO_dim256_t3
     avg_score=-3242.479980 | runtime=1.08s
  -> run QUBO_dim256_t4
     avg_score=-2612.780029 | runtime=1.08s
  -> run QUBO_dim256_t5
     avg_score=-2513.620117 | runtime=1.08s
  [SKIP NK] Only 0 TOP 1 in QUBO (threshold: 3)
  -> skip NK_dim128_t1 (insufficient TOP 1 in QUBO)
  -> skip NK_dim128_t2 (insufficient TOP 1 in QUBO)
  -> skip NK_dim128_t4 (insufficient TOP 1 in QUBO)
  -> skip NK_dim128_t8 (insufficient TOP 1 in QUBO)
  -> skip NK_dim256_t1 (insufficient TOP 1 in QUBO)
  -> skip NK_dim256_t2 (insufficient TOP 1 in QUBO)
  -> skip NK_dim256_t4 (insufficient TOP 1 in QUBO)
  -> skip NK_dim256_t8 (insufficient TOP 1 in QUBO)
  -> skip NK_dim64_t1 (insufficient TOP 1 in QUBO)
  -> skip NK_dim64_t2 (insufficient TOP 1 in QUBO)
  -> skip NK_dim64_t4 (insufficient TOP 1 in QUBO)
  -> skip NK_dim64_t8 (insufficient TOP 1 in QUBO)

  *** SUMMARY FOR CONFIG: kfr__advglobalrankweighted__M4__L12__eps0p02__g0p003__ds0p01__dm0p01 ***
  NOMBRE DE TOP 1 : 0 (NK: 0, QUBO: 0)
  NOMBRE DE TOP 3 : 1
  NOMBRE DE TOP 5 : 1
  NOMBRE DE TOP 10 : 3
  Instances: 18/18

[CONFIG] kfr__advglobalrankweighted__M4__L12__eps0p02__g0p005__ds0p01__dm0p01
  -> run QUBO_dim64_t0
     avg_score=-200.139999 | runtime=0.78s
  -> run QUBO_dim64_t1
     avg_score=-149.179993 | runtime=0.77s
  -> run QUBO_dim64_t2
     avg_score=-139.240005 | runtime=0.77s
  -> run QUBO_dim64_t3
     avg_score=-416.619995 | runtime=0.77s
  -> run QUBO_dim64_t4
     avg_score=-328.839996 | runtime=0.77s
  -> run QUBO_dim64_t5
     avg_score=-309.760010 | runtime=0.77s
  -> run QUBO_dim128_t0
     avg_score=-575.640015 | runtime=0.81s
  -> run QUBO_dim128_t1
     avg_score=-440.440002 | runtime=0.81s
  -> run QUBO_dim128_t2
     avg_score=-427.220001 | runtime=0.81s
  -> run QUBO_dim128_t3
     avg_score=-1184.660034 | runtime=0.81s
  -> run QUBO_dim128_t4
     avg_score=-923.280029 | runtime=0.81s
  -> run QUBO_dim128_t5
     avg_score=-913.340027 | runtime=0.81s
  -> run QUBO_dim256_t0
     avg_score=-1584.359985 | runtime=1.08s
  -> run QUBO_dim256_t1
     avg_score=-1283.739990 | runtime=1.08s
  -> run QUBO_dim256_t2
     avg_score=-1203.319946 | runtime=1.07s
  -> run QUBO_dim256_t3
     avg_score=-3181.260010 | runtime=1.08s
  -> run QUBO_dim256_t4
     avg_score=-2562.280029 | runtime=1.08s
  -> run QUBO_dim256_t5
     avg_score=-2482.840088 | runtime=1.08s
  [SKIP NK] Only 0 TOP 1 in QUBO (threshold: 3)
  -> skip NK_dim128_t1 (insufficient TOP 1 in QUBO)
  -> skip NK_dim128_t2 (insufficient TOP 1 in QUBO)
  -> skip NK_dim128_t4 (insufficient TOP 1 in QUBO)
  -> skip NK_dim128_t8 (insufficient TOP 1 in QUBO)
  -> skip NK_dim256_t1 (insufficient TOP 1 in QUBO)
  -> skip NK_dim256_t2 (insufficient TOP 1 in QUBO)
  -> skip NK_dim256_t4 (insufficient TOP 1 in QUBO)
  -> skip NK_dim256_t8 (insufficient TOP 1 in QUBO)
  -> skip NK_dim64_t1 (insufficient TOP 1 in QUBO)
  -> skip NK_dim64_t2 (insufficient TOP 1 in QUBO)
  -> skip NK_dim64_t4 (insufficient TOP 1 in QUBO)
  -> skip NK_dim64_t8 (insufficient TOP 1 in QUBO)

  *** SUMMARY FOR CONFIG: kfr__advglobalrankweighted__M4__L12__eps0p02__g0p005__ds0p01__dm0p01 ***
  NOMBRE DE TOP 1 : 0 (NK: 0, QUBO: 0)
  NOMBRE DE TOP 3 : 0
  NOMBRE DE TOP 5 : 1
  NOMBRE DE TOP 10 : 1
  Instances: 18/18

[CONFIG] kfr__advglobalrankweighted__M4__L12__eps0p02__g0p007__ds0p01__dm0p01
  -> run QUBO_dim64_t0
     avg_score=-201.919998 | runtime=0.77s
  -> run QUBO_dim64_t1
     avg_score=-149.520004 | runtime=0.77s
  -> run QUBO_dim64_t2
     avg_score=-139.139999 | runtime=0.77s
  -> run QUBO_dim64_t3
     avg_score=-409.859985 | runtime=0.77s
  -> run QUBO_dim64_t4
     avg_score=-328.179993 | runtime=0.77s
  -> run QUBO_dim64_t5
     avg_score=-309.299988 | runtime=0.77s
  -> run QUBO_dim128_t0
     avg_score=-576.659973 | runtime=0.81s
  -> run QUBO_dim128_t1
     avg_score=-438.059998 | runtime=0.81s
  -> run QUBO_dim128_t2
     avg_score=-430.320007 | runtime=0.81s
  -> run QUBO_dim128_t3
     avg_score=-1188.880005 | runtime=0.81s
  -> run QUBO_dim128_t4
     avg_score=-928.000000 | runtime=0.81s
  -> run QUBO_dim128_t5
     avg_score=-900.580017 | runtime=0.81s
  -> run QUBO_dim256_t0
     avg_score=-1543.219971 | runtime=1.08s
  -> run QUBO_dim256_t1
     avg_score=-1253.219971 | runtime=1.08s
  -> run QUBO_dim256_t2
     avg_score=-1176.819946 | runtime=1.08s
  -> run QUBO_dim256_t3
     avg_score=-3141.780029 | runtime=1.09s
  -> run QUBO_dim256_t4
     avg_score=-2532.959961 | runtime=1.08s
  -> run QUBO_dim256_t5
     avg_score=-2405.580078 | runtime=1.08s
  [SKIP NK] Only 0 TOP 1 in QUBO (threshold: 3)
  -> skip NK_dim128_t1 (insufficient TOP 1 in QUBO)
  -> skip NK_dim128_t2 (insufficient TOP 1 in QUBO)
  -> skip NK_dim128_t4 (insufficient TOP 1 in QUBO)
  -> skip NK_dim128_t8 (insufficient TOP 1 in QUBO)
  -> skip NK_dim256_t1 (insufficient TOP 1 in QUBO)
  -> skip NK_dim256_t2 (insufficient TOP 1 in QUBO)
  -> skip NK_dim256_t4 (insufficient TOP 1 in QUBO)
  -> skip NK_dim256_t8 (insufficient TOP 1 in QUBO)
  -> skip NK_dim64_t1 (insufficient TOP 1 in QUBO)
  -> skip NK_dim64_t2 (insufficient TOP 1 in QUBO)
  -> skip NK_dim64_t4 (insufficient TOP 1 in QUBO)
  -> skip NK_dim64_t8 (insufficient TOP 1 in QUBO)

  *** SUMMARY FOR CONFIG: kfr__advglobalrankweighted__M4__L12__eps0p02__g0p007__ds0p01__dm0p01 ***
  NOMBRE DE TOP 1 : 0 (NK: 0, QUBO: 0)
  NOMBRE DE TOP 3 : 0
  NOMBRE DE TOP 5 : 0
  NOMBRE DE TOP 10 : 1
  Instances: 18/18

[CONFIG] kfr__advglobalrankweighted__M4__L15__eps0p01__g0p003__ds0p01__dm0p01
  -> run QUBO_dim64_t0
     avg_score=-202.300003 | runtime=0.62s
  -> run QUBO_dim64_t1
     avg_score=-148.759995 | runtime=0.62s
  -> run QUBO_dim64_t2
     avg_score=-138.800003 | runtime=0.62s
  -> run QUBO_dim64_t3
     avg_score=-414.000000 | runtime=0.62s
  -> run QUBO_dim64_t4
     avg_score=-330.179993 | runtime=0.62s
  -> run QUBO_dim64_t5
     avg_score=-309.880005 | runtime=0.62s
  -> run QUBO_dim128_t0
     avg_score=-575.099976 | runtime=0.68s
  -> run QUBO_dim128_t1
     avg_score=-438.940002 | runtime=0.67s
  -> run QUBO_dim128_t2
     avg_score=-426.220001 | runtime=0.68s
  -> run QUBO_dim128_t3
     avg_score=-1182.119995 | runtime=0.68s
  -> run QUBO_dim128_t4
     avg_score=-926.219971 | runtime=0.67s
  -> run QUBO_dim128_t5
     avg_score=-897.640015 | runtime=0.67s
  -> run QUBO_dim256_t0
     avg_score=-1535.079956 | runtime=0.98s
  -> run QUBO_dim256_t1
     avg_score=-1256.900024 | runtime=0.97s
  -> run QUBO_dim256_t2
     avg_score=-1161.719971 | runtime=0.97s
  -> run QUBO_dim256_t3
     avg_score=-3111.040039 | runtime=0.98s
  -> run QUBO_dim256_t4
     avg_score=-2517.919922 | runtime=0.97s
  -> run QUBO_dim256_t5
     avg_score=-2399.139893 | runtime=0.97s
  [SKIP NK] Only 0 TOP 1 in QUBO (threshold: 3)
  -> skip NK_dim128_t1 (insufficient TOP 1 in QUBO)
  -> skip NK_dim128_t2 (insufficient TOP 1 in QUBO)
  -> skip NK_dim128_t4 (insufficient TOP 1 in QUBO)
  -> skip NK_dim128_t8 (insufficient TOP 1 in QUBO)
  -> skip NK_dim256_t1 (insufficient TOP 1 in QUBO)
  -> skip NK_dim256_t2 (insufficient TOP 1 in QUBO)
  -> skip NK_dim256_t4 (insufficient TOP 1 in QUBO)
  -> skip NK_dim256_t8 (insufficient TOP 1 in QUBO)
  -> skip NK_dim64_t1 (insufficient TOP 1 in QUBO)
  -> skip NK_dim64_t2 (insufficient TOP 1 in QUBO)
  -> skip NK_dim64_t4 (insufficient TOP 1 in QUBO)
  -> skip NK_dim64_t8 (insufficient TOP 1 in QUBO)

  *** SUMMARY FOR CONFIG: kfr__advglobalrankweighted__M4__L15__eps0p01__g0p003__ds0p01__dm0p01 ***
  NOMBRE DE TOP 1 : 0 (NK: 0, QUBO: 0)
  NOMBRE DE TOP 3 : 0
  NOMBRE DE TOP 5 : 0
  NOMBRE DE TOP 10 : 0
  Instances: 18/18

[CONFIG] kfr__advglobalrankweighted__M4__L15__eps0p01__g0p005__ds0p01__dm0p01
  -> run QUBO_dim64_t0
     avg_score=-200.520004 | runtime=0.62s
  -> run QUBO_dim64_t1
     avg_score=-148.020004 | runtime=0.62s
  -> run QUBO_dim64_t2
     avg_score=-140.179993 | runtime=0.62s
  -> run QUBO_dim64_t3
     avg_score=-415.739990 | runtime=0.62s
  -> run QUBO_dim64_t4
     avg_score=-330.119995 | runtime=0.62s
  -> run QUBO_dim64_t5
     avg_score=-307.079987 | runtime=0.62s
  -> run QUBO_dim128_t0
     avg_score=-563.619995 | runtime=0.67s
  -> run QUBO_dim128_t1
     avg_score=-436.679993 | runtime=0.67s
  -> run QUBO_dim128_t2
     avg_score=-419.959991 | runtime=0.67s
  -> run QUBO_dim128_t3
     avg_score=-1148.199951 | runtime=0.68s
  -> run QUBO_dim128_t4
     avg_score=-919.539978 | runtime=0.67s
  -> run QUBO_dim128_t5
     avg_score=-868.219971 | runtime=0.68s
  -> run QUBO_dim256_t0
     avg_score=-1421.859985 | runtime=0.98s
  -> run QUBO_dim256_t1
     avg_score=-1172.180054 | runtime=0.98s
  -> run QUBO_dim256_t2
     avg_score=-1072.599976 | runtime=0.97s
  -> run QUBO_dim256_t3
     avg_score=-2870.739990 | runtime=0.98s
  -> run QUBO_dim256_t4
     avg_score=-2342.159912 | runtime=0.97s
  -> run QUBO_dim256_t5
     avg_score=-2202.060059 | runtime=0.97s
  [SKIP NK] Only 0 TOP 1 in QUBO (threshold: 3)
  -> skip NK_dim128_t1 (insufficient TOP 1 in QUBO)
  -> skip NK_dim128_t2 (insufficient TOP 1 in QUBO)
  -> skip NK_dim128_t4 (insufficient TOP 1 in QUBO)
  -> skip NK_dim128_t8 (insufficient TOP 1 in QUBO)
  -> skip NK_dim256_t1 (insufficient TOP 1 in QUBO)
  -> skip NK_dim256_t2 (insufficient TOP 1 in QUBO)
  -> skip NK_dim256_t4 (insufficient TOP 1 in QUBO)
  -> skip NK_dim256_t8 (insufficient TOP 1 in QUBO)
  -> skip NK_dim64_t1 (insufficient TOP 1 in QUBO)
  -> skip NK_dim64_t2 (insufficient TOP 1 in QUBO)
  -> skip NK_dim64_t4 (insufficient TOP 1 in QUBO)
  -> skip NK_dim64_t8 (insufficient TOP 1 in QUBO)

  *** SUMMARY FOR CONFIG: kfr__advglobalrankweighted__M4__L15__eps0p01__g0p005__ds0p01__dm0p01 ***
  NOMBRE DE TOP 1 : 0 (NK: 0, QUBO: 0)
  NOMBRE DE TOP 3 : 0
  NOMBRE DE TOP 5 : 0
  NOMBRE DE TOP 10 : 0
  Instances: 18/18

[CONFIG] kfr__advglobalrankweighted__M4__L15__eps0p01__g0p007__ds0p01__dm0p01
  -> run QUBO_dim64_t0
     avg_score=-199.979996 | runtime=0.63s
  -> run QUBO_dim64_t1
     avg_score=-148.240005 | runtime=0.62s
  -> run QUBO_dim64_t2
     avg_score=-139.119995 | runtime=0.65s
  -> run QUBO_dim64_t3
     avg_score=-408.000000 | runtime=0.62s
  -> run QUBO_dim64_t4
     avg_score=-327.119995 | runtime=0.62s
  -> run QUBO_dim64_t5
     avg_score=-305.480011 | runtime=0.62s
  -> run QUBO_dim128_t0
     avg_score=-539.000000 | runtime=0.67s
  -> run QUBO_dim128_t1
     avg_score=-427.459991 | runtime=0.67s
  -> run QUBO_dim128_t2
     avg_score=-400.619995 | runtime=0.67s
  -> run QUBO_dim128_t3
     avg_score=-1105.939941 | runtime=0.67s
  -> run QUBO_dim128_t4
     avg_score=-888.559998 | runtime=0.67s
  -> run QUBO_dim128_t5
     avg_score=-813.179993 | runtime=0.67s
  -> run QUBO_dim256_t0
     avg_score=-1268.239990 | runtime=0.97s
  -> run QUBO_dim256_t1
     avg_score=-1092.939941 | runtime=0.97s
  -> run QUBO_dim256_t2
     avg_score=-984.859985 | runtime=0.97s
  -> run QUBO_dim256_t3
     avg_score=-2552.120117 | runtime=0.98s
  -> run QUBO_dim256_t4
     avg_score=-2194.739990 | runtime=0.97s
  -> run QUBO_dim256_t5
     avg_score=-2005.260010 | runtime=0.97s
  [SKIP NK] Only 0 TOP 1 in QUBO (threshold: 3)
  -> skip NK_dim128_t1 (insufficient TOP 1 in QUBO)
  -> skip NK_dim128_t2 (insufficient TOP 1 in QUBO)
  -> skip NK_dim128_t4 (insufficient TOP 1 in QUBO)
  -> skip NK_dim128_t8 (insufficient TOP 1 in QUBO)
  -> skip NK_dim256_t1 (insufficient TOP 1 in QUBO)
  -> skip NK_dim256_t2 (insufficient TOP 1 in QUBO)
  -> skip NK_dim256_t4 (insufficient TOP 1 in QUBO)
  -> skip NK_dim256_t8 (insufficient TOP 1 in QUBO)
  -> skip NK_dim64_t1 (insufficient TOP 1 in QUBO)
  -> skip NK_dim64_t2 (insufficient TOP 1 in QUBO)
  -> skip NK_dim64_t4 (insufficient TOP 1 in QUBO)
  -> skip NK_dim64_t8 (insufficient TOP 1 in QUBO)

  *** SUMMARY FOR CONFIG: kfr__advglobalrankweighted__M4__L15__eps0p01__g0p007__ds0p01__dm0p01 ***
  NOMBRE DE TOP 1 : 0 (NK: 0, QUBO: 0)
  NOMBRE DE TOP 3 : 0
  NOMBRE DE TOP 5 : 0
  NOMBRE DE TOP 10 : 0
  Instances: 18/18

[CONFIG] kfr__advglobalrankweighted__M4__L15__eps0p015__g0p003__ds0p01__dm0p01
  -> run QUBO_dim64_t0
     avg_score=-201.679993 | runtime=0.62s
  -> run QUBO_dim64_t1
     avg_score=-150.059998 | runtime=0.62s
  -> run QUBO_dim64_t2
     avg_score=-139.160004 | runtime=0.62s
  -> run QUBO_dim64_t3
     avg_score=-415.239990 | runtime=0.62s
  -> run QUBO_dim64_t4
     avg_score=-329.500000 | runtime=0.62s
  -> run QUBO_dim64_t5
     avg_score=-311.059998 | runtime=0.62s
  -> run QUBO_dim128_t0
     avg_score=-580.739990 | runtime=0.67s
  -> run QUBO_dim128_t1
     avg_score=-441.799988 | runtime=0.67s
  -> run QUBO_dim128_t2
     avg_score=-423.420013 | runtime=0.67s
  -> run QUBO_dim128_t3
     avg_score=-1181.880005 | runtime=0.67s
  -> run QUBO_dim128_t4
     avg_score=-942.919983 | runtime=0.67s
  -> run QUBO_dim128_t5
     avg_score=-909.460022 | runtime=0.67s
  -> run QUBO_dim256_t0
     avg_score=-1585.219971 | runtime=0.97s
  -> run QUBO_dim256_t1
     avg_score=-1281.219971 | runtime=0.97s
  -> run QUBO_dim256_t2
     avg_score=-1202.699951 | runtime=0.97s
  -> run QUBO_dim256_t3
     avg_score=-3207.120117 | runtime=0.98s
  -> run QUBO_dim256_t4
     avg_score=-2559.219971 | runtime=0.97s
  -> run QUBO_dim256_t5
     avg_score=-2489.520020 | runtime=0.97s
  [SKIP NK] Only 0 TOP 1 in QUBO (threshold: 3)
  -> skip NK_dim128_t1 (insufficient TOP 1 in QUBO)
  -> skip NK_dim128_t2 (insufficient TOP 1 in QUBO)
  -> skip NK_dim128_t4 (insufficient TOP 1 in QUBO)
  -> skip NK_dim128_t8 (insufficient TOP 1 in QUBO)
  -> skip NK_dim256_t1 (insufficient TOP 1 in QUBO)
  -> skip NK_dim256_t2 (insufficient TOP 1 in QUBO)
  -> skip NK_dim256_t4 (insufficient TOP 1 in QUBO)
  -> skip NK_dim256_t8 (insufficient TOP 1 in QUBO)
  -> skip NK_dim64_t1 (insufficient TOP 1 in QUBO)
  -> skip NK_dim64_t2 (insufficient TOP 1 in QUBO)
  -> skip NK_dim64_t4 (insufficient TOP 1 in QUBO)
  -> skip NK_dim64_t8 (insufficient TOP 1 in QUBO)

  *** SUMMARY FOR CONFIG: kfr__advglobalrankweighted__M4__L15__eps0p015__g0p003__ds0p01__dm0p01 ***
  NOMBRE DE TOP 1 : 0 (NK: 0, QUBO: 0)
  NOMBRE DE TOP 3 : 1
  NOMBRE DE TOP 5 : 1
  NOMBRE DE TOP 10 : 3
  Instances: 18/18

[CONFIG] kfr__advglobalrankweighted__M4__L15__eps0p015__g0p005__ds0p01__dm0p01
  -> run QUBO_dim64_t0
     avg_score=-199.139999 | runtime=0.62s
  -> run QUBO_dim64_t1
     avg_score=-148.419998 | runtime=0.62s
  -> run QUBO_dim64_t2
     avg_score=-140.339996 | runtime=0.62s
  -> run QUBO_dim64_t3
     avg_score=-410.640015 | runtime=0.62s
  -> run QUBO_dim64_t4
     avg_score=-329.540009 | runtime=0.62s
  -> run QUBO_dim64_t5
     avg_score=-310.359985 | runtime=0.62s
  -> run QUBO_dim128_t0
     avg_score=-574.039978 | runtime=0.68s
  -> run QUBO_dim128_t1
     avg_score=-439.839996 | runtime=0.67s
  -> run QUBO_dim128_t2
     avg_score=-424.399994 | runtime=0.69s
  -> run QUBO_dim128_t3
     avg_score=-1175.199951 | runtime=0.67s
  -> run QUBO_dim128_t4
     avg_score=-928.080017 | runtime=0.67s
  -> run QUBO_dim128_t5
     avg_score=-894.719971 | runtime=0.67s
  -> run QUBO_dim256_t0
     avg_score=-1520.140015 | runtime=0.98s
  -> run QUBO_dim256_t1
     avg_score=-1238.140015 | runtime=0.97s
  -> run QUBO_dim256_t2
     avg_score=-1144.479980 | runtime=0.97s
  -> run QUBO_dim256_t3
     avg_score=-3071.699951 | runtime=0.98s
  -> run QUBO_dim256_t4
     avg_score=-2474.219971 | runtime=0.97s
  -> run QUBO_dim256_t5
     avg_score=-2358.320068 | runtime=0.97s
  [SKIP NK] Only 0 TOP 1 in QUBO (threshold: 3)
  -> skip NK_dim128_t1 (insufficient TOP 1 in QUBO)
  -> skip NK_dim128_t2 (insufficient TOP 1 in QUBO)
  -> skip NK_dim128_t4 (insufficient TOP 1 in QUBO)
  -> skip NK_dim128_t8 (insufficient TOP 1 in QUBO)
  -> skip NK_dim256_t1 (insufficient TOP 1 in QUBO)
  -> skip NK_dim256_t2 (insufficient TOP 1 in QUBO)
  -> skip NK_dim256_t4 (insufficient TOP 1 in QUBO)
  -> skip NK_dim256_t8 (insufficient TOP 1 in QUBO)
  -> skip NK_dim64_t1 (insufficient TOP 1 in QUBO)
  -> skip NK_dim64_t2 (insufficient TOP 1 in QUBO)
  -> skip NK_dim64_t4 (insufficient TOP 1 in QUBO)
  -> skip NK_dim64_t8 (insufficient TOP 1 in QUBO)

  *** SUMMARY FOR CONFIG: kfr__advglobalrankweighted__M4__L15__eps0p015__g0p005__ds0p01__dm0p01 ***
  NOMBRE DE TOP 1 : 0 (NK: 0, QUBO: 0)
  NOMBRE DE TOP 3 : 0
  NOMBRE DE TOP 5 : 0
  NOMBRE DE TOP 10 : 0
  Instances: 18/18

[CONFIG] kfr__advglobalrankweighted__M4__L15__eps0p015__g0p007__ds0p01__dm0p01
  -> run QUBO_dim64_t0
     avg_score=-199.460007 | runtime=0.62s
  -> run QUBO_dim64_t1
     avg_score=-148.300003 | runtime=0.62s
  -> run QUBO_dim64_t2
     avg_score=-139.119995 | runtime=0.62s
  -> run QUBO_dim64_t3
     avg_score=-415.279999 | runtime=0.62s
  -> run QUBO_dim64_t4
     avg_score=-329.059998 | runtime=0.62s
  -> run QUBO_dim64_t5
     avg_score=-309.839996 | runtime=0.62s
  -> run QUBO_dim128_t0
     avg_score=-569.599976 | runtime=0.67s
  -> run QUBO_dim128_t1
     avg_score=-434.500000 | runtime=0.67s
  -> run QUBO_dim128_t2
     avg_score=-422.179993 | runtime=0.67s
  -> run QUBO_dim128_t3
     avg_score=-1159.680054 | runtime=0.67s
  -> run QUBO_dim128_t4
     avg_score=-915.900024 | runtime=0.67s
  -> run QUBO_dim128_t5
     avg_score=-875.799988 | runtime=0.67s
  -> run QUBO_dim256_t0
     avg_score=-1437.319946 | runtime=0.97s
  -> run QUBO_dim256_t1
     avg_score=-1185.719971 | runtime=0.97s
  -> run QUBO_dim256_t2
     avg_score=-1086.839966 | runtime=0.97s
  -> run QUBO_dim256_t3
     avg_score=-2879.979980 | runtime=0.98s
  -> run QUBO_dim256_t4
     avg_score=-2408.020020 | runtime=0.97s
  -> run QUBO_dim256_t5
     avg_score=-2205.100098 | runtime=0.97s
  [SKIP NK] Only 0 TOP 1 in QUBO (threshold: 3)
  -> skip NK_dim128_t1 (insufficient TOP 1 in QUBO)
  -> skip NK_dim128_t2 (insufficient TOP 1 in QUBO)
  -> skip NK_dim128_t4 (insufficient TOP 1 in QUBO)
  -> skip NK_dim128_t8 (insufficient TOP 1 in QUBO)
  -> skip NK_dim256_t1 (insufficient TOP 1 in QUBO)
  -> skip NK_dim256_t2 (insufficient TOP 1 in QUBO)
  -> skip NK_dim256_t4 (insufficient TOP 1 in QUBO)
  -> skip NK_dim256_t8 (insufficient TOP 1 in QUBO)
  -> skip NK_dim64_t1 (insufficient TOP 1 in QUBO)
  -> skip NK_dim64_t2 (insufficient TOP 1 in QUBO)
  -> skip NK_dim64_t4 (insufficient TOP 1 in QUBO)
  -> skip NK_dim64_t8 (insufficient TOP 1 in QUBO)

  *** SUMMARY FOR CONFIG: kfr__advglobalrankweighted__M4__L15__eps0p015__g0p007__ds0p01__dm0p01 ***
  NOMBRE DE TOP 1 : 0 (NK: 0, QUBO: 0)
  NOMBRE DE TOP 3 : 0
  NOMBRE DE TOP 5 : 0
  NOMBRE DE TOP 10 : 0
  Instances: 18/18

[CONFIG] kfr__advglobalrankweighted__M4__L15__eps0p02__g0p003__ds0p01__dm0p01
  -> run QUBO_dim64_t0
     avg_score=-201.100006 | runtime=0.62s
  -> run QUBO_dim64_t1
     avg_score=-148.839996 | runtime=0.62s
  -> run QUBO_dim64_t2
     avg_score=-138.600006 | runtime=0.62s
  -> run QUBO_dim64_t3
     avg_score=-417.279999 | runtime=0.62s
  -> run QUBO_dim64_t4
     avg_score=-329.839996 | runtime=0.62s
  -> run QUBO_dim64_t5
     avg_score=-307.440002 | runtime=0.62s
  -> run QUBO_dim128_t0
     avg_score=-575.359985 | runtime=0.67s
  -> run QUBO_dim128_t1
     avg_score=-440.399994 | runtime=0.67s
  -> run QUBO_dim128_t2
     avg_score=-428.399994 | runtime=0.67s
  -> run QUBO_dim128_t3
     avg_score=-1197.680054 | runtime=0.68s
  -> run QUBO_dim128_t4
     avg_score=-939.900024 | runtime=0.67s
  -> run QUBO_dim128_t5
     avg_score=-903.479980 | runtime=0.67s
  -> run QUBO_dim256_t0
     avg_score=-1598.839966 | runtime=0.97s
  -> run QUBO_dim256_t1
     avg_score=-1288.920044 | runtime=0.97s
  -> run QUBO_dim256_t2
     avg_score=-1211.520020 | runtime=0.99s
  -> run QUBO_dim256_t3
     avg_score=-3255.500000 | runtime=0.98s
  -> run QUBO_dim256_t4
     avg_score=-2588.159912 | runtime=0.97s
  -> run QUBO_dim256_t5
     avg_score=-2512.159912 | runtime=0.97s
  [SKIP NK] Only 0 TOP 1 in QUBO (threshold: 3)
  -> skip NK_dim128_t1 (insufficient TOP 1 in QUBO)
  -> skip NK_dim128_t2 (insufficient TOP 1 in QUBO)
  -> skip NK_dim128_t4 (insufficient TOP 1 in QUBO)
  -> skip NK_dim128_t8 (insufficient TOP 1 in QUBO)
  -> skip NK_dim256_t1 (insufficient TOP 1 in QUBO)
  -> skip NK_dim256_t2 (insufficient TOP 1 in QUBO)
  -> skip NK_dim256_t4 (insufficient TOP 1 in QUBO)
  -> skip NK_dim256_t8 (insufficient TOP 1 in QUBO)
  -> skip NK_dim64_t1 (insufficient TOP 1 in QUBO)
  -> skip NK_dim64_t2 (insufficient TOP 1 in QUBO)
  -> skip NK_dim64_t4 (insufficient TOP 1 in QUBO)
  -> skip NK_dim64_t8 (insufficient TOP 1 in QUBO)

  *** SUMMARY FOR CONFIG: kfr__advglobalrankweighted__M4__L15__eps0p02__g0p003__ds0p01__dm0p01 ***
  NOMBRE DE TOP 1 : 0 (NK: 0, QUBO: 0)
  NOMBRE DE TOP 3 : 1
  NOMBRE DE TOP 5 : 1
  NOMBRE DE TOP 10 : 2
  Instances: 18/18

[CONFIG] kfr__advglobalrankweighted__M4__L15__eps0p02__g0p005__ds0p01__dm0p01
  -> run QUBO_dim64_t0
     avg_score=-198.460007 | runtime=0.62s
  -> run QUBO_dim64_t1
     avg_score=-148.399994 | runtime=0.62s
  -> run QUBO_dim64_t2
     avg_score=-139.139999 | runtime=0.62s
  -> run QUBO_dim64_t3
     avg_score=-414.279999 | runtime=0.62s
  -> run QUBO_dim64_t4
     avg_score=-330.500000 | runtime=0.62s
  -> run QUBO_dim64_t5
     avg_score=-310.320007 | runtime=0.62s
  -> run QUBO_dim128_t0
     avg_score=-573.299988 | runtime=0.67s
  -> run QUBO_dim128_t1
     avg_score=-441.859985 | runtime=0.67s
  -> run QUBO_dim128_t2
     avg_score=-427.820007 | runtime=0.67s
  -> run QUBO_dim128_t3
     avg_score=-1186.000000 | runtime=0.67s
  -> run QUBO_dim128_t4
     avg_score=-925.500000 | runtime=0.67s
  -> run QUBO_dim128_t5
     avg_score=-904.539978 | runtime=0.67s
  -> run QUBO_dim256_t0
     avg_score=-1564.439941 | runtime=0.97s
  -> run QUBO_dim256_t1
     avg_score=-1262.079956 | runtime=0.97s
  -> run QUBO_dim256_t2
     avg_score=-1187.280029 | runtime=0.97s
  -> run QUBO_dim256_t3
     avg_score=-3150.719971 | runtime=0.98s
  -> run QUBO_dim256_t4
     avg_score=-2554.860107 | runtime=0.97s
  -> run QUBO_dim256_t5
     avg_score=-2454.800049 | runtime=0.97s
  [SKIP NK] Only 0 TOP 1 in QUBO (threshold: 3)
  -> skip NK_dim128_t1 (insufficient TOP 1 in QUBO)
  -> skip NK_dim128_t2 (insufficient TOP 1 in QUBO)
  -> skip NK_dim128_t4 (insufficient TOP 1 in QUBO)
  -> skip NK_dim128_t8 (insufficient TOP 1 in QUBO)
  -> skip NK_dim256_t1 (insufficient TOP 1 in QUBO)
  -> skip NK_dim256_t2 (insufficient TOP 1 in QUBO)
  -> skip NK_dim256_t4 (insufficient TOP 1 in QUBO)
  -> skip NK_dim256_t8 (insufficient TOP 1 in QUBO)
  -> skip NK_dim64_t1 (insufficient TOP 1 in QUBO)
  -> skip NK_dim64_t2 (insufficient TOP 1 in QUBO)
  -> skip NK_dim64_t4 (insufficient TOP 1 in QUBO)
  -> skip NK_dim64_t8 (insufficient TOP 1 in QUBO)

  *** SUMMARY FOR CONFIG: kfr__advglobalrankweighted__M4__L15__eps0p02__g0p005__ds0p01__dm0p01 ***
  NOMBRE DE TOP 1 : 0 (NK: 0, QUBO: 0)
  NOMBRE DE TOP 3 : 0
  NOMBRE DE TOP 5 : 0
  NOMBRE DE TOP 10 : 1
  Instances: 18/18

[CONFIG] kfr__advglobalrankweighted__M4__L15__eps0p02__g0p007__ds0p01__dm0p01
  -> run QUBO_dim64_t0
     avg_score=-199.880005 | runtime=0.62s
  -> run QUBO_dim64_t1
     avg_score=-148.440002 | runtime=0.62s
  -> run QUBO_dim64_t2
     avg_score=-139.860001 | runtime=0.62s
  -> run QUBO_dim64_t3
     avg_score=-414.700012 | runtime=0.62s
  -> run QUBO_dim64_t4
     avg_score=-332.339996 | runtime=0.62s
  -> run QUBO_dim64_t5
     avg_score=-309.480011 | runtime=0.62s
  -> run QUBO_dim128_t0
     avg_score=-574.320007 | runtime=0.67s
  -> run QUBO_dim128_t1
     avg_score=-440.600006 | runtime=0.67s
  -> run QUBO_dim128_t2
     avg_score=-421.200012 | runtime=0.67s
  -> run QUBO_dim128_t3
     avg_score=-1169.420044 | runtime=0.67s
  -> run QUBO_dim128_t4
     avg_score=-921.780029 | runtime=0.67s
  -> run QUBO_dim128_t5
     avg_score=-890.659973 | runtime=0.67s
  -> run QUBO_dim256_t0
     avg_score=-1510.319946 | runtime=0.97s
  -> run QUBO_dim256_t1
     avg_score=-1235.739990 | runtime=0.97s
  -> run QUBO_dim256_t2
     avg_score=-1143.020020 | runtime=0.97s
  -> run QUBO_dim256_t3
     avg_score=-3075.739990 | runtime=0.98s
  -> run QUBO_dim256_t4
     avg_score=-2488.780029 | runtime=0.97s
  -> run QUBO_dim256_t5
     avg_score=-2358.040039 | runtime=0.97s
  [SKIP NK] Only 0 TOP 1 in QUBO (threshold: 3)
  -> skip NK_dim128_t1 (insufficient TOP 1 in QUBO)
  -> skip NK_dim128_t2 (insufficient TOP 1 in QUBO)
  -> skip NK_dim128_t4 (insufficient TOP 1 in QUBO)
  -> skip NK_dim128_t8 (insufficient TOP 1 in QUBO)
  -> skip NK_dim256_t1 (insufficient TOP 1 in QUBO)
  -> skip NK_dim256_t2 (insufficient TOP 1 in QUBO)
  -> skip NK_dim256_t4 (insufficient TOP 1 in QUBO)
  -> skip NK_dim256_t8 (insufficient TOP 1 in QUBO)
  -> skip NK_dim64_t1 (insufficient TOP 1 in QUBO)
  -> skip NK_dim64_t2 (insufficient TOP 1 in QUBO)
  -> skip NK_dim64_t4 (insufficient TOP 1 in QUBO)
  -> skip NK_dim64_t8 (insufficient TOP 1 in QUBO)

  *** SUMMARY FOR CONFIG: kfr__advglobalrankweighted__M4__L15__eps0p02__g0p007__ds0p01__dm0p01 ***
  NOMBRE DE TOP 1 : 0 (NK: 0, QUBO: 0)
  NOMBRE DE TOP 3 : 0
  NOMBRE DE TOP 5 : 0
  NOMBRE DE TOP 10 : 0
  Instances: 18/18

[CONFIG] kfr__advglobalrankweighted__M4__L24__eps0p01__g0p003__ds0p01__dm0p01
  -> run QUBO_dim64_t0
     avg_score=-197.979996 | runtime=0.40s
  -> run QUBO_dim64_t1
     avg_score=-148.639999 | runtime=0.40s
  -> run QUBO_dim64_t2
     avg_score=-139.779999 | runtime=0.40s
  -> run QUBO_dim64_t3
     avg_score=-414.540009 | runtime=0.41s
  -> run QUBO_dim64_t4
     avg_score=-326.760010 | runtime=0.40s
  -> run QUBO_dim64_t5
     avg_score=-309.160004 | runtime=0.40s
  -> run QUBO_dim128_t0
     avg_score=-566.659973 | runtime=0.49s
  -> run QUBO_dim128_t1
     avg_score=-434.540009 | runtime=0.49s
  -> run QUBO_dim128_t2
     avg_score=-419.700012 | runtime=0.49s
  -> run QUBO_dim128_t3
     avg_score=-1157.920044 | runtime=0.49s
  -> run QUBO_dim128_t4
     avg_score=-910.320007 | runtime=0.49s
  -> run QUBO_dim128_t5
     avg_score=-868.539978 | runtime=0.49s
  -> run QUBO_dim256_t0
     avg_score=-1418.400024 | runtime=0.89s
  -> run QUBO_dim256_t1
     avg_score=-1182.020020 | runtime=0.89s
  -> run QUBO_dim256_t2
     avg_score=-1081.800049 | runtime=0.89s
  -> run QUBO_dim256_t3
     avg_score=-2886.439941 | runtime=0.89s
  -> run QUBO_dim256_t4
     avg_score=-2363.959961 | runtime=0.89s
  -> run QUBO_dim256_t5
     avg_score=-2216.179932 | runtime=0.89s
  [SKIP NK] Only 0 TOP 1 in QUBO (threshold: 3)
  -> skip NK_dim128_t1 (insufficient TOP 1 in QUBO)
  -> skip NK_dim128_t2 (insufficient TOP 1 in QUBO)
  -> skip NK_dim128_t4 (insufficient TOP 1 in QUBO)
  -> skip NK_dim128_t8 (insufficient TOP 1 in QUBO)
  -> skip NK_dim256_t1 (insufficient TOP 1 in QUBO)
  -> skip NK_dim256_t2 (insufficient TOP 1 in QUBO)
  -> skip NK_dim256_t4 (insufficient TOP 1 in QUBO)
  -> skip NK_dim256_t8 (insufficient TOP 1 in QUBO)
  -> skip NK_dim64_t1 (insufficient TOP 1 in QUBO)
  -> skip NK_dim64_t2 (insufficient TOP 1 in QUBO)
  -> skip NK_dim64_t4 (insufficient TOP 1 in QUBO)
  -> skip NK_dim64_t8 (insufficient TOP 1 in QUBO)

  *** SUMMARY FOR CONFIG: kfr__advglobalrankweighted__M4__L24__eps0p01__g0p003__ds0p01__dm0p01 ***
  NOMBRE DE TOP 1 : 0 (NK: 0, QUBO: 0)
  NOMBRE DE TOP 3 : 0
  NOMBRE DE TOP 5 : 0
  NOMBRE DE TOP 10 : 0
  Instances: 18/18

[CONFIG] kfr__advglobalrankweighted__M4__L24__eps0p01__g0p005__ds0p01__dm0p01
  -> run QUBO_dim64_t0
     avg_score=-197.699997 | runtime=0.40s
  -> run QUBO_dim64_t1
     avg_score=-148.940002 | runtime=0.40s
  -> run QUBO_dim64_t2
     avg_score=-139.779999 | runtime=0.40s
  -> run QUBO_dim64_t3
     avg_score=-404.779999 | runtime=0.40s
  -> run QUBO_dim64_t4
     avg_score=-331.899994 | runtime=0.40s
  -> run QUBO_dim64_t5
     avg_score=-300.279999 | runtime=0.40s
  -> run QUBO_dim128_t0
     avg_score=-518.700012 | runtime=0.49s
  -> run QUBO_dim128_t1
     avg_score=-418.079987 | runtime=0.49s
  -> run QUBO_dim128_t2
     avg_score=-390.820007 | runtime=0.49s
  -> run QUBO_dim128_t3
     avg_score=-1071.000000 | runtime=0.49s
  -> run QUBO_dim128_t4
     avg_score=-862.419983 | runtime=0.49s
  -> run QUBO_dim128_t5
     avg_score=-791.859985 | runtime=0.49s
  -> run QUBO_dim256_t0
     avg_score=-1179.260010 | runtime=0.89s
  -> run QUBO_dim256_t1
     avg_score=-1054.760010 | runtime=0.89s
  -> run QUBO_dim256_t2
     avg_score=-936.380005 | runtime=0.88s
  -> run QUBO_dim256_t3
     avg_score=-2367.780029 | runtime=0.89s
  -> run QUBO_dim256_t4
     avg_score=-2109.840088 | runtime=0.88s
  -> run QUBO_dim256_t5
     avg_score=-1939.079956 | runtime=0.88s
  [SKIP NK] Only 0 TOP 1 in QUBO (threshold: 3)
  -> skip NK_dim128_t1 (insufficient TOP 1 in QUBO)
  -> skip NK_dim128_t2 (insufficient TOP 1 in QUBO)
  -> skip NK_dim128_t4 (insufficient TOP 1 in QUBO)
  -> skip NK_dim128_t8 (insufficient TOP 1 in QUBO)
  -> skip NK_dim256_t1 (insufficient TOP 1 in QUBO)
  -> skip NK_dim256_t2 (insufficient TOP 1 in QUBO)
  -> skip NK_dim256_t4 (insufficient TOP 1 in QUBO)
  -> skip NK_dim256_t8 (insufficient TOP 1 in QUBO)
  -> skip NK_dim64_t1 (insufficient TOP 1 in QUBO)
  -> skip NK_dim64_t2 (insufficient TOP 1 in QUBO)
  -> skip NK_dim64_t4 (insufficient TOP 1 in QUBO)
  -> skip NK_dim64_t8 (insufficient TOP 1 in QUBO)

  *** SUMMARY FOR CONFIG: kfr__advglobalrankweighted__M4__L24__eps0p01__g0p005__ds0p01__dm0p01 ***
  NOMBRE DE TOP 1 : 0 (NK: 0, QUBO: 0)
  NOMBRE DE TOP 3 : 0
  NOMBRE DE TOP 5 : 0
  NOMBRE DE TOP 10 : 0
  Instances: 18/18

[CONFIG] kfr__advglobalrankweighted__M4__L24__eps0p01__g0p007__ds0p01__dm0p01
  -> run QUBO_dim64_t0
     avg_score=-191.679993 | runtime=0.40s
  -> run QUBO_dim64_t1
     avg_score=-147.399994 | runtime=0.40s
  -> run QUBO_dim64_t2
     avg_score=-135.320007 | runtime=0.40s
  -> run QUBO_dim64_t3
     avg_score=-392.160004 | runtime=0.41s
  -> run QUBO_dim64_t4
     avg_score=-317.459991 | runtime=0.40s
  -> run QUBO_dim64_t5
     avg_score=-286.859985 | runtime=0.40s
  -> run QUBO_dim128_t0
     avg_score=-464.839996 | runtime=0.49s
  -> run QUBO_dim128_t1
     avg_score=-391.380005 | runtime=0.49s
  -> run QUBO_dim128_t2
     avg_score=-364.820007 | runtime=0.49s
  -> run QUBO_dim128_t3
     avg_score=-943.799988 | runtime=0.49s
  -> run QUBO_dim128_t4
     avg_score=-797.460022 | runtime=0.49s
  -> run QUBO_dim128_t5
     avg_score=-728.260010 | runtime=0.49s
  -> run QUBO_dim256_t0
     avg_score=-937.500000 | runtime=0.89s
  -> run QUBO_dim256_t1
     avg_score=-928.140015 | runtime=0.88s
  -> run QUBO_dim256_t2
     avg_score=-848.440002 | runtime=0.89s
  -> run QUBO_dim256_t3
     avg_score=-1860.760010 | runtime=0.89s
  -> run QUBO_dim256_t4
     avg_score=-1835.780029 | runtime=0.89s
  -> run QUBO_dim256_t5
     avg_score=-1711.719971 | runtime=0.89s
  [SKIP NK] Only 0 TOP 1 in QUBO (threshold: 3)
  -> skip NK_dim128_t1 (insufficient TOP 1 in QUBO)
  -> skip NK_dim128_t2 (insufficient TOP 1 in QUBO)
  -> skip NK_dim128_t4 (insufficient TOP 1 in QUBO)
  -> skip NK_dim128_t8 (insufficient TOP 1 in QUBO)
  -> skip NK_dim256_t1 (insufficient TOP 1 in QUBO)
  -> skip NK_dim256_t2 (insufficient TOP 1 in QUBO)
  -> skip NK_dim256_t4 (insufficient TOP 1 in QUBO)
  -> skip NK_dim256_t8 (insufficient TOP 1 in QUBO)
  -> skip NK_dim64_t1 (insufficient TOP 1 in QUBO)
  -> skip NK_dim64_t2 (insufficient TOP 1 in QUBO)
  -> skip NK_dim64_t4 (insufficient TOP 1 in QUBO)
  -> skip NK_dim64_t8 (insufficient TOP 1 in QUBO)

  *** SUMMARY FOR CONFIG: kfr__advglobalrankweighted__M4__L24__eps0p01__g0p007__ds0p01__dm0p01 ***
  NOMBRE DE TOP 1 : 0 (NK: 0, QUBO: 0)
  NOMBRE DE TOP 3 : 0
  NOMBRE DE TOP 5 : 0
  NOMBRE DE TOP 10 : 0
  Instances: 18/18

[CONFIG] kfr__advglobalrankweighted__M4__L24__eps0p015__g0p003__ds0p01__dm0p01
  -> run QUBO_dim64_t0
     avg_score=-200.899994 | runtime=0.40s
  -> run QUBO_dim64_t1
     avg_score=-149.000000 | runtime=0.40s
  -> run QUBO_dim64_t2
     avg_score=-138.199997 | runtime=0.40s
  -> run QUBO_dim64_t3
     avg_score=-416.059998 | runtime=0.40s
  -> run QUBO_dim64_t4
     avg_score=-327.700012 | runtime=0.40s
  -> run QUBO_dim64_t5
     avg_score=-309.959991 | runtime=0.40s
  -> run QUBO_dim128_t0
     avg_score=-574.700012 | runtime=0.49s
  -> run QUBO_dim128_t1
     avg_score=-441.220001 | runtime=0.49s
  -> run QUBO_dim128_t2
     avg_score=-430.420013 | runtime=0.49s
  -> run QUBO_dim128_t3
     avg_score=-1189.160034 | runtime=0.49s
  -> run QUBO_dim128_t4
     avg_score=-924.320007 | runtime=0.49s
  -> run QUBO_dim128_t5
     avg_score=-899.659973 | runtime=0.49s
  -> run QUBO_dim256_t0
     avg_score=-1532.800049 | runtime=0.89s
  -> run QUBO_dim256_t1
     avg_score=-1238.739990 | runtime=0.89s
  -> run QUBO_dim256_t2
     avg_score=-1159.699951 | runtime=0.89s
  -> run QUBO_dim256_t3
     avg_score=-3086.419922 | runtime=0.91s
  -> run QUBO_dim256_t4
     avg_score=-2501.679932 | runtime=0.89s
  -> run QUBO_dim256_t5
     avg_score=-2384.000000 | runtime=0.89s
  [SKIP NK] Only 0 TOP 1 in QUBO (threshold: 3)
  -> skip NK_dim128_t1 (insufficient TOP 1 in QUBO)
  -> skip NK_dim128_t2 (insufficient TOP 1 in QUBO)
  -> skip NK_dim128_t4 (insufficient TOP 1 in QUBO)
  -> skip NK_dim128_t8 (insufficient TOP 1 in QUBO)
  -> skip NK_dim256_t1 (insufficient TOP 1 in QUBO)
  -> skip NK_dim256_t2 (insufficient TOP 1 in QUBO)
  -> skip NK_dim256_t4 (insufficient TOP 1 in QUBO)
  -> skip NK_dim256_t8 (insufficient TOP 1 in QUBO)
  -> skip NK_dim64_t1 (insufficient TOP 1 in QUBO)
  -> skip NK_dim64_t2 (insufficient TOP 1 in QUBO)
  -> skip NK_dim64_t4 (insufficient TOP 1 in QUBO)
  -> skip NK_dim64_t8 (insufficient TOP 1 in QUBO)

  *** SUMMARY FOR CONFIG: kfr__advglobalrankweighted__M4__L24__eps0p015__g0p003__ds0p01__dm0p01 ***
  NOMBRE DE TOP 1 : 0 (NK: 0, QUBO: 0)
  NOMBRE DE TOP 3 : 0
  NOMBRE DE TOP 5 : 0
  NOMBRE DE TOP 10 : 1
  Instances: 18/18

[CONFIG] kfr__advglobalrankweighted__M4__L24__eps0p015__g0p005__ds0p01__dm0p01
  -> run QUBO_dim64_t0
     avg_score=-200.600006 | runtime=0.40s
  -> run QUBO_dim64_t1
     avg_score=-149.600006 | runtime=0.40s
  -> run QUBO_dim64_t2
     avg_score=-139.160004 | runtime=0.40s
  -> run QUBO_dim64_t3
     avg_score=-410.600006 | runtime=0.40s
  -> run QUBO_dim64_t4
     avg_score=-328.940002 | runtime=0.40s
  -> run QUBO_dim64_t5
     avg_score=-308.119995 | runtime=0.40s
  -> run QUBO_dim128_t0
     avg_score=-557.880005 | runtime=0.49s
  -> run QUBO_dim128_t1
     avg_score=-427.179993 | runtime=0.49s
  -> run QUBO_dim128_t2
     avg_score=-413.579987 | runtime=0.49s
  -> run QUBO_dim128_t3
     avg_score=-1144.979980 | runtime=0.49s
  -> run QUBO_dim128_t4
     avg_score=-907.780029 | runtime=0.49s
  -> run QUBO_dim128_t5
     avg_score=-862.479980 | runtime=0.49s
  -> run QUBO_dim256_t0
     avg_score=-1385.420044 | runtime=0.89s
  -> run QUBO_dim256_t1
     avg_score=-1167.099976 | runtime=0.89s
  -> run QUBO_dim256_t2
     avg_score=-1056.599976 | runtime=0.89s
  -> run QUBO_dim256_t3
     avg_score=-2790.939941 | runtime=0.89s
  -> run QUBO_dim256_t4
     avg_score=-2302.800049 | runtime=0.89s
  -> run QUBO_dim256_t5
     avg_score=-2139.320068 | runtime=0.88s
  [SKIP NK] Only 0 TOP 1 in QUBO (threshold: 3)
  -> skip NK_dim128_t1 (insufficient TOP 1 in QUBO)
  -> skip NK_dim128_t2 (insufficient TOP 1 in QUBO)
  -> skip NK_dim128_t4 (insufficient TOP 1 in QUBO)
  -> skip NK_dim128_t8 (insufficient TOP 1 in QUBO)
  -> skip NK_dim256_t1 (insufficient TOP 1 in QUBO)
  -> skip NK_dim256_t2 (insufficient TOP 1 in QUBO)
  -> skip NK_dim256_t4 (insufficient TOP 1 in QUBO)
  -> skip NK_dim256_t8 (insufficient TOP 1 in QUBO)
  -> skip NK_dim64_t1 (insufficient TOP 1 in QUBO)
  -> skip NK_dim64_t2 (insufficient TOP 1 in QUBO)
  -> skip NK_dim64_t4 (insufficient TOP 1 in QUBO)
  -> skip NK_dim64_t8 (insufficient TOP 1 in QUBO)

  *** SUMMARY FOR CONFIG: kfr__advglobalrankweighted__M4__L24__eps0p015__g0p005__ds0p01__dm0p01 ***
  NOMBRE DE TOP 1 : 0 (NK: 0, QUBO: 0)
  NOMBRE DE TOP 3 : 0
  NOMBRE DE TOP 5 : 0
  NOMBRE DE TOP 10 : 0
  Instances: 18/18

[CONFIG] kfr__advglobalrankweighted__M4__L24__eps0p015__g0p007__ds0p01__dm0p01
  -> run QUBO_dim64_t0
     avg_score=-198.800003 | runtime=0.40s
  -> run QUBO_dim64_t1
     avg_score=-148.020004 | runtime=0.40s
  -> run QUBO_dim64_t2
     avg_score=-138.720001 | runtime=0.40s
  -> run QUBO_dim64_t3
     avg_score=-409.720001 | runtime=0.40s
  -> run QUBO_dim64_t4
     avg_score=-328.640015 | runtime=0.40s
  -> run QUBO_dim64_t5
     avg_score=-304.299988 | runtime=0.40s
  -> run QUBO_dim128_t0
     avg_score=-532.539978 | runtime=0.49s
  -> run QUBO_dim128_t1
     avg_score=-419.559998 | runtime=0.49s
  -> run QUBO_dim128_t2
     avg_score=-398.000000 | runtime=0.49s
  -> run QUBO_dim128_t3
     avg_score=-1083.579956 | runtime=0.49s
  -> run QUBO_dim128_t4
     avg_score=-875.619995 | runtime=0.49s
  -> run QUBO_dim128_t5
     avg_score=-807.320007 | runtime=0.49s
  -> run QUBO_dim256_t0
     avg_score=-1218.800049 | runtime=0.89s
  -> run QUBO_dim256_t1
     avg_score=-1067.920044 | runtime=0.89s
  -> run QUBO_dim256_t2
     avg_score=-959.059998 | runtime=0.89s
  -> run QUBO_dim256_t3
     avg_score=-2458.199951 | runtime=0.89s
  -> run QUBO_dim256_t4
     avg_score=-2143.879883 | runtime=0.89s
  -> run QUBO_dim256_t5
     avg_score=-1945.260010 | runtime=0.89s
  [SKIP NK] Only 0 TOP 1 in QUBO (threshold: 3)
  -> skip NK_dim128_t1 (insufficient TOP 1 in QUBO)
  -> skip NK_dim128_t2 (insufficient TOP 1 in QUBO)
  -> skip NK_dim128_t4 (insufficient TOP 1 in QUBO)
  -> skip NK_dim128_t8 (insufficient TOP 1 in QUBO)
  -> skip NK_dim256_t1 (insufficient TOP 1 in QUBO)
  -> skip NK_dim256_t2 (insufficient TOP 1 in QUBO)
  -> skip NK_dim256_t4 (insufficient TOP 1 in QUBO)
  -> skip NK_dim256_t8 (insufficient TOP 1 in QUBO)
  -> skip NK_dim64_t1 (insufficient TOP 1 in QUBO)
  -> skip NK_dim64_t2 (insufficient TOP 1 in QUBO)
  -> skip NK_dim64_t4 (insufficient TOP 1 in QUBO)
  -> skip NK_dim64_t8 (insufficient TOP 1 in QUBO)

  *** SUMMARY FOR CONFIG: kfr__advglobalrankweighted__M4__L24__eps0p015__g0p007__ds0p01__dm0p01 ***
  NOMBRE DE TOP 1 : 0 (NK: 0, QUBO: 0)
  NOMBRE DE TOP 3 : 0
  NOMBRE DE TOP 5 : 0
  NOMBRE DE TOP 10 : 0
  Instances: 18/18

[CONFIG] kfr__advglobalrankweighted__M4__L24__eps0p02__g0p003__ds0p01__dm0p01
  -> run QUBO_dim64_t0
     avg_score=-199.259995 | runtime=0.40s
  -> run QUBO_dim64_t1
     avg_score=-149.699997 | runtime=0.40s
  -> run QUBO_dim64_t2
     avg_score=-138.460007 | runtime=0.40s
  -> run QUBO_dim64_t3
     avg_score=-415.059998 | runtime=0.40s
  -> run QUBO_dim64_t4
     avg_score=-327.179993 | runtime=0.40s
  -> run QUBO_dim64_t5
     avg_score=-309.700012 | runtime=0.40s
  -> run QUBO_dim128_t0
     avg_score=-582.539978 | runtime=0.49s
  -> run QUBO_dim128_t1
     avg_score=-438.040009 | runtime=0.49s
  -> run QUBO_dim128_t2
     avg_score=-429.359985 | runtime=0.49s
  -> run QUBO_dim128_t3
     avg_score=-1191.660034 | runtime=0.49s
  -> run QUBO_dim128_t4
     avg_score=-934.520020 | runtime=0.49s
  -> run QUBO_dim128_t5
     avg_score=-904.520020 | runtime=0.49s
  -> run QUBO_dim256_t0
     avg_score=-1569.579956 | runtime=0.89s
  -> run QUBO_dim256_t1
     avg_score=-1259.339966 | runtime=0.89s
  -> run QUBO_dim256_t2
     avg_score=-1184.839966 | runtime=0.89s
  -> run QUBO_dim256_t3
     avg_score=-3170.760010 | runtime=0.89s
  -> run QUBO_dim256_t4
     avg_score=-2553.419922 | runtime=0.89s
  -> run QUBO_dim256_t5
     avg_score=-2451.419922 | runtime=0.89s
  [SKIP NK] Only 0 TOP 1 in QUBO (threshold: 3)
  -> skip NK_dim128_t1 (insufficient TOP 1 in QUBO)
  -> skip NK_dim128_t2 (insufficient TOP 1 in QUBO)
  -> skip NK_dim128_t4 (insufficient TOP 1 in QUBO)
  -> skip NK_dim128_t8 (insufficient TOP 1 in QUBO)
  -> skip NK_dim256_t1 (insufficient TOP 1 in QUBO)
  -> skip NK_dim256_t2 (insufficient TOP 1 in QUBO)
  -> skip NK_dim256_t4 (insufficient TOP 1 in QUBO)
  -> skip NK_dim256_t8 (insufficient TOP 1 in QUBO)
  -> skip NK_dim64_t1 (insufficient TOP 1 in QUBO)
  -> skip NK_dim64_t2 (insufficient TOP 1 in QUBO)
  -> skip NK_dim64_t4 (insufficient TOP 1 in QUBO)
  -> skip NK_dim64_t8 (insufficient TOP 1 in QUBO)

  *** SUMMARY FOR CONFIG: kfr__advglobalrankweighted__M4__L24__eps0p02__g0p003__ds0p01__dm0p01 ***
  NOMBRE DE TOP 1 : 0 (NK: 0, QUBO: 0)
  NOMBRE DE TOP 3 : 0
  NOMBRE DE TOP 5 : 0
  NOMBRE DE TOP 10 : 1
  Instances: 18/18

[CONFIG] kfr__advglobalrankweighted__M4__L24__eps0p02__g0p005__ds0p01__dm0p01
  -> run QUBO_dim64_t0
     avg_score=-202.360001 | runtime=0.40s
  -> run QUBO_dim64_t1
     avg_score=-149.100006 | runtime=0.40s
  -> run QUBO_dim64_t2
     avg_score=-139.619995 | runtime=0.40s
  -> run QUBO_dim64_t3
     avg_score=-410.320007 | runtime=0.40s
  -> run QUBO_dim64_t4
     avg_score=-327.720001 | runtime=0.40s
  -> run QUBO_dim64_t5
     avg_score=-309.279999 | runtime=0.40s
  -> run QUBO_dim128_t0
     avg_score=-566.099976 | runtime=0.49s
  -> run QUBO_dim128_t1
     avg_score=-438.179993 | runtime=0.49s
  -> run QUBO_dim128_t2
     avg_score=-424.540009 | runtime=0.49s
  -> run QUBO_dim128_t3
     avg_score=-1176.380005 | runtime=0.49s
  -> run QUBO_dim128_t4
     avg_score=-918.919983 | runtime=0.51s
  -> run QUBO_dim128_t5
     avg_score=-884.739990 | runtime=0.49s
  -> run QUBO_dim256_t0
     avg_score=-1482.859985 | runtime=0.89s
  -> run QUBO_dim256_t1
     avg_score=-1200.900024 | runtime=0.88s
  -> run QUBO_dim256_t2
     avg_score=-1114.280029 | runtime=0.89s
  -> run QUBO_dim256_t3
     avg_score=-3018.100098 | runtime=0.89s
  -> run QUBO_dim256_t4
     avg_score=-2455.580078 | runtime=0.88s
  -> run QUBO_dim256_t5
     avg_score=-2304.120117 | runtime=0.88s
  [SKIP NK] Only 0 TOP 1 in QUBO (threshold: 3)
  -> skip NK_dim128_t1 (insufficient TOP 1 in QUBO)
  -> skip NK_dim128_t2 (insufficient TOP 1 in QUBO)
  -> skip NK_dim128_t4 (insufficient TOP 1 in QUBO)
  -> skip NK_dim128_t8 (insufficient TOP 1 in QUBO)
  -> skip NK_dim256_t1 (insufficient TOP 1 in QUBO)
  -> skip NK_dim256_t2 (insufficient TOP 1 in QUBO)
  -> skip NK_dim256_t4 (insufficient TOP 1 in QUBO)
  -> skip NK_dim256_t8 (insufficient TOP 1 in QUBO)
  -> skip NK_dim64_t1 (insufficient TOP 1 in QUBO)
  -> skip NK_dim64_t2 (insufficient TOP 1 in QUBO)
  -> skip NK_dim64_t4 (insufficient TOP 1 in QUBO)
  -> skip NK_dim64_t8 (insufficient TOP 1 in QUBO)

  *** SUMMARY FOR CONFIG: kfr__advglobalrankweighted__M4__L24__eps0p02__g0p005__ds0p01__dm0p01 ***
  NOMBRE DE TOP 1 : 0 (NK: 0, QUBO: 0)
  NOMBRE DE TOP 3 : 0
  NOMBRE DE TOP 5 : 0
  NOMBRE DE TOP 10 : 0
  Instances: 18/18

[CONFIG] kfr__advglobalrankweighted__M4__L24__eps0p02__g0p007__ds0p01__dm0p01
  -> run QUBO_dim64_t0
     avg_score=-199.960007 | runtime=0.40s
  -> run QUBO_dim64_t1
     avg_score=-148.880005 | runtime=0.40s
  -> run QUBO_dim64_t2
     avg_score=-138.880005 | runtime=0.40s
  -> run QUBO_dim64_t3
     avg_score=-413.260010 | runtime=0.40s
  -> run QUBO_dim64_t4
     avg_score=-325.899994 | runtime=0.40s
  -> run QUBO_dim64_t5
     avg_score=-307.959991 | runtime=0.40s
  -> run QUBO_dim128_t0
     avg_score=-556.440002 | runtime=0.49s
  -> run QUBO_dim128_t1
     avg_score=-433.359985 | runtime=0.49s
  -> run QUBO_dim128_t2
     avg_score=-410.420013 | runtime=0.49s
  -> run QUBO_dim128_t3
     avg_score=-1137.939941 | runtime=0.49s
  -> run QUBO_dim128_t4
     avg_score=-901.859985 | runtime=0.49s
  -> run QUBO_dim128_t5
     avg_score=-846.260010 | runtime=0.49s
  -> run QUBO_dim256_t0
     avg_score=-1375.520020 | runtime=0.89s
  -> run QUBO_dim256_t1
     avg_score=-1154.260010 | runtime=0.89s
  -> run QUBO_dim256_t2
     avg_score=-1040.560059 | runtime=0.89s
  -> run QUBO_dim256_t3
     avg_score=-2750.620117 | runtime=0.89s
  -> run QUBO_dim256_t4
     avg_score=-2301.979980 | runtime=0.88s
  -> run QUBO_dim256_t5
     avg_score=-2110.879883 | runtime=0.88s
  [SKIP NK] Only 0 TOP 1 in QUBO (threshold: 3)
  -> skip NK_dim128_t1 (insufficient TOP 1 in QUBO)
  -> skip NK_dim128_t2 (insufficient TOP 1 in QUBO)
  -> skip NK_dim128_t4 (insufficient TOP 1 in QUBO)
  -> skip NK_dim128_t8 (insufficient TOP 1 in QUBO)
  -> skip NK_dim256_t1 (insufficient TOP 1 in QUBO)
  -> skip NK_dim256_t2 (insufficient TOP 1 in QUBO)
  -> skip NK_dim256_t4 (insufficient TOP 1 in QUBO)
  -> skip NK_dim256_t8 (insufficient TOP 1 in QUBO)
  -> skip NK_dim64_t1 (insufficient TOP 1 in QUBO)
  -> skip NK_dim64_t2 (insufficient TOP 1 in QUBO)
  -> skip NK_dim64_t4 (insufficient TOP 1 in QUBO)
  -> skip NK_dim64_t8 (insufficient TOP 1 in QUBO)

  *** SUMMARY FOR CONFIG: kfr__advglobalrankweighted__M4__L24__eps0p02__g0p007__ds0p01__dm0p01 ***
  NOMBRE DE TOP 1 : 0 (NK: 0, QUBO: 0)
  NOMBRE DE TOP 3 : 0
  NOMBRE DE TOP 5 : 0
  NOMBRE DE TOP 10 : 0
  Instances: 18/18

[DONE] experiments complete
Elapsed: 387.57s
Job terminé à Fri Mar  6 15:46:41 CET 2026
Notification mail Slurm activée.
