Job démarré sur gnode5 à Mon Feb 16 13:40:47 CET 2026
Run main_expe
[CONFIG] krbf__advnormalizedfitness__M2__L6__eps0p01__g0p006__ds0p01__dm0p01
  -> run QUBO_dim64_t0
     avg_score=-198.580002 | runtime=5.73s
  -> run QUBO_dim64_t1
     avg_score=-145.979996 | runtime=4.75s
  -> run QUBO_dim64_t2
     avg_score=-136.919998 | runtime=4.74s
  -> run QUBO_dim64_t3
     avg_score=-409.859985 | runtime=4.75s
  -> run QUBO_dim64_t4
     avg_score=-328.500000 | runtime=4.75s
  -> run QUBO_dim64_t5
     avg_score=-304.959991 | runtime=4.75s
  -> run QUBO_dim128_t0
     avg_score=-574.559998 | runtime=4.79s
  -> run QUBO_dim128_t1
     avg_score=-436.459991 | runtime=4.79s
  -> run QUBO_dim128_t2
     avg_score=-426.380005 | runtime=4.79s
  -> run QUBO_dim128_t3
     avg_score=-1189.880005 | runtime=4.79s
  -> run QUBO_dim128_t4
     avg_score=-926.000000 | runtime=4.79s
  -> run QUBO_dim128_t5
     avg_score=-913.539978 | runtime=4.79s
  -> run QUBO_dim256_t0
     avg_score=-1616.319946 | runtime=4.95s
     -> TOP 1
  -> run QUBO_dim256_t1
     avg_score=-1282.540039 | runtime=4.95s
  -> run QUBO_dim256_t2
     avg_score=-1234.300049 | runtime=4.95s
     -> TOP 1
  -> run QUBO_dim256_t3
     avg_score=-3272.659912 | runtime=4.95s
  -> run QUBO_dim256_t4
     avg_score=-2617.219971 | runtime=4.96s
     -> TOP 1
  -> run QUBO_dim256_t5
     avg_score=-2589.100098 | runtime=4.95s
  -> run NK_dim128_t1
     avg_score=0.709729 | runtime=4.95s
     -> TOP 1
  -> run NK_dim128_t2
     avg_score=0.736143 | runtime=4.99s
     -> TOP 1
  -> run NK_dim128_t4
     avg_score=0.757509 | runtime=5.02s
     -> TOP 1
  -> run NK_dim128_t8
     avg_score=0.733874 | runtime=5.62s
  -> run NK_dim256_t1
     avg_score=0.706811 | runtime=5.05s
     -> TOP 1
  -> run NK_dim256_t2
     avg_score=0.734208 | runtime=5.11s
     -> TOP 1
  -> run NK_dim256_t4
     avg_score=0.748308 | runtime=5.31s
     -> TOP 1
  -> run NK_dim256_t8
     avg_score=0.724865 | runtime=6.65s
     -> TOP 1
  -> run NK_dim64_t1
     avg_score=0.711167 | runtime=4.96s
  -> run NK_dim64_t2
     avg_score=0.742291 | runtime=5.04s
  -> run NK_dim64_t4
     avg_score=0.752332 | runtime=5.02s
  -> run NK_dim64_t8
     avg_score=0.738875 | runtime=5.25s
[CONFIG] krbf__advnormalizedfitness__M2__L6__eps0p01__g0p006__ds0p01__dm0p3
  -> run QUBO_dim64_t0
     avg_score=-198.339996 | runtime=4.75s
  -> run QUBO_dim64_t1
     avg_score=-146.580002 | runtime=4.75s
  -> run QUBO_dim64_t2
     avg_score=-137.440002 | runtime=4.74s
  -> run QUBO_dim64_t3
     avg_score=-408.980011 | runtime=4.75s
  -> run QUBO_dim64_t4
     avg_score=-325.920013 | runtime=4.74s
  -> run QUBO_dim64_t5
     avg_score=-304.920013 | runtime=4.75s
  -> run QUBO_dim128_t0
     avg_score=-569.479980 | runtime=4.78s
  -> run QUBO_dim128_t1
     avg_score=-436.779999 | runtime=4.79s
  -> run QUBO_dim128_t2
     avg_score=-425.559998 | runtime=4.78s
  -> run QUBO_dim128_t3
     avg_score=-1180.219971 | runtime=4.79s
  -> run QUBO_dim128_t4
     avg_score=-927.619995 | runtime=4.79s
  -> run QUBO_dim128_t5
     avg_score=-903.979980 | runtime=4.79s
  -> run QUBO_dim256_t0
     avg_score=-1609.839966 | runtime=4.95s
     -> TOP 1
  -> run QUBO_dim256_t1
     avg_score=-1295.119995 | runtime=4.95s
  -> run QUBO_dim256_t2
     avg_score=-1220.560059 | runtime=4.92s
  -> run QUBO_dim256_t3
     avg_score=-3279.419922 | runtime=4.95s
  -> run QUBO_dim256_t4
     avg_score=-2595.020020 | runtime=5.00s
  -> run QUBO_dim256_t5
     avg_score=-2556.379883 | runtime=4.96s
  -> run NK_dim128_t1
     avg_score=0.709565 | runtime=4.77s
     -> TOP 1
  -> run NK_dim128_t2
     avg_score=0.736342 | runtime=4.77s
     -> TOP 1
  -> run NK_dim128_t4
     avg_score=0.754106 | runtime=4.80s
     -> TOP 1
  -> run NK_dim128_t8
     avg_score=0.734989 | runtime=5.24s
  -> run NK_dim256_t1
     avg_score=0.707185 | runtime=4.87s
     -> TOP 1
  -> run NK_dim256_t2
     avg_score=0.734413 | runtime=4.91s
     -> TOP 1
  -> run NK_dim256_t4
     avg_score=0.747088 | runtime=5.01s
     -> TOP 1
  -> run NK_dim256_t8
     avg_score=0.716720 | runtime=6.05s
  -> run NK_dim64_t1
     avg_score=0.710743 | runtime=4.75s
  -> run NK_dim64_t2
     avg_score=0.741967 | runtime=4.75s
  -> run NK_dim64_t4
     avg_score=0.750585 | runtime=4.77s
  -> run NK_dim64_t8
     avg_score=0.739460 | runtime=4.99s
[CONFIG] krbf__advnormalizedfitness__M2__L6__eps0p01__g0p006__ds0p3__dm0p01
  -> run QUBO_dim64_t0
     avg_score=-198.699997 | runtime=4.75s
  -> run QUBO_dim64_t1
     avg_score=-144.940002 | runtime=4.75s
  -> run QUBO_dim64_t2
     avg_score=-137.919998 | runtime=4.75s
  -> run QUBO_dim64_t3
     avg_score=-412.420013 | runtime=4.75s
  -> run QUBO_dim64_t4
     avg_score=-325.760010 | runtime=4.75s
  -> run QUBO_dim64_t5
     avg_score=-304.059998 | runtime=4.75s
  -> run QUBO_dim128_t0
     avg_score=-576.500000 | runtime=4.79s
  -> run QUBO_dim128_t1
     avg_score=-439.299988 | runtime=4.78s
  -> run QUBO_dim128_t2
     avg_score=-423.200012 | runtime=4.79s
  -> run QUBO_dim128_t3
     avg_score=-1195.939941 | runtime=4.79s
  -> run QUBO_dim128_t4
     avg_score=-924.840027 | runtime=4.79s
  -> run QUBO_dim128_t5
     avg_score=-890.059998 | runtime=4.79s
  -> run QUBO_dim256_t0
     avg_score=-1621.959961 | runtime=4.96s
     -> TOP 1
  -> run QUBO_dim256_t1
     avg_score=-1293.479980 | runtime=4.95s
  -> run QUBO_dim256_t2
     avg_score=-1232.540039 | runtime=4.95s
  -> run QUBO_dim256_t3
     avg_score=-3284.340088 | runtime=4.95s
  -> run QUBO_dim256_t4
     avg_score=-2628.639893 | runtime=4.96s
     -> TOP 1
  -> run QUBO_dim256_t5
     avg_score=-2557.260010 | runtime=4.95s
  -> run NK_dim128_t1
     avg_score=0.709704 | runtime=4.77s
     -> TOP 1
  -> run NK_dim128_t2
     avg_score=0.736298 | runtime=4.77s
     -> TOP 1
  -> run NK_dim128_t4
     avg_score=0.757005 | runtime=4.80s
     -> TOP 1
  -> run NK_dim128_t8
     avg_score=0.734705 | runtime=5.24s
  -> run NK_dim256_t1
     avg_score=0.707213 | runtime=4.87s
     -> TOP 1
  -> run NK_dim256_t2
     avg_score=0.734525 | runtime=4.90s
     -> TOP 1
  -> run NK_dim256_t4
     avg_score=0.748002 | runtime=5.02s
     -> TOP 1
  -> run NK_dim256_t8
     avg_score=0.721939 | runtime=6.04s
     -> TOP 1
  -> run NK_dim64_t1
     avg_score=0.711272 | runtime=4.74s
  -> run NK_dim64_t2
     avg_score=0.743246 | runtime=4.75s
  -> run NK_dim64_t4
     avg_score=0.752683 | runtime=4.77s
  -> run NK_dim64_t8
     avg_score=0.736937 | runtime=4.98s
[CONFIG] krbf__advnormalizedfitness__M2__L6__eps0p01__g0p006__ds0p3__dm0p3
  -> run QUBO_dim64_t0
     avg_score=-196.679993 | runtime=4.75s
  -> run QUBO_dim64_t1
     avg_score=-148.639999 | runtime=4.74s
  -> run QUBO_dim64_t2
     avg_score=-137.440002 | runtime=4.74s
  -> run QUBO_dim64_t3
     avg_score=-412.000000 | runtime=4.75s
  -> run QUBO_dim64_t4
     avg_score=-324.059998 | runtime=4.75s
  -> run QUBO_dim64_t5
     avg_score=-306.540009 | runtime=4.75s
  -> run QUBO_dim128_t0
     avg_score=-577.260010 | runtime=4.79s
  -> run QUBO_dim128_t1
     avg_score=-436.399994 | runtime=4.79s
  -> run QUBO_dim128_t2
     avg_score=-425.660004 | runtime=4.78s
  -> run QUBO_dim128_t3
     avg_score=-1172.400024 | runtime=4.77s
  -> run QUBO_dim128_t4
     avg_score=-927.979980 | runtime=4.78s
  -> run QUBO_dim128_t5
     avg_score=-901.320007 | runtime=4.79s
  -> run QUBO_dim256_t0
     avg_score=-1601.640015 | runtime=4.96s
  -> run QUBO_dim256_t1
     avg_score=-1290.800049 | runtime=4.95s
  -> run QUBO_dim256_t2
     avg_score=-1227.900024 | runtime=4.95s
  -> run QUBO_dim256_t3
     avg_score=-3254.540039 | runtime=4.95s
  -> run QUBO_dim256_t4
     avg_score=-2607.500000 | runtime=4.95s
  -> run QUBO_dim256_t5
     avg_score=-2543.459961 | runtime=4.96s
  -> run NK_dim128_t1
     avg_score=0.709777 | runtime=4.76s
     -> TOP 1
  -> run NK_dim128_t2
     avg_score=0.736457 | runtime=4.78s
     -> TOP 1
  -> run NK_dim128_t4
     avg_score=0.755222 | runtime=4.80s
     -> TOP 1
  -> run NK_dim128_t8
     avg_score=0.729130 | runtime=5.24s
  -> run NK_dim256_t1
     avg_score=0.706982 | runtime=4.87s
     -> TOP 1
  -> run NK_dim256_t2
     avg_score=0.733509 | runtime=4.91s
     -> TOP 1
  -> run NK_dim256_t4
     avg_score=0.746227 | runtime=5.02s
     -> TOP 1
  -> run NK_dim256_t8
     avg_score=0.709229 | runtime=6.05s
  -> run NK_dim64_t1
     avg_score=0.711265 | runtime=4.75s
  -> run NK_dim64_t2
     avg_score=0.743112 | runtime=4.75s
  -> run NK_dim64_t4
     avg_score=0.751194 | runtime=4.77s
  -> run NK_dim64_t8
     avg_score=0.740102 | runtime=4.98s
[CONFIG] krbf__advnormalizedfitness__M2__L6__eps0p01__g0p01__ds0p01__dm0p01
  -> run QUBO_dim64_t0
     avg_score=-199.759995 | runtime=4.75s
  -> run QUBO_dim64_t1
     avg_score=-147.940002 | runtime=4.75s
  -> run QUBO_dim64_t2
     avg_score=-139.080002 | runtime=4.75s
  -> run QUBO_dim64_t3
     avg_score=-412.720001 | runtime=4.75s
  -> run QUBO_dim64_t4
     avg_score=-329.100006 | runtime=4.75s
  -> run QUBO_dim64_t5
     avg_score=-308.980011 | runtime=4.75s
  -> run QUBO_dim128_t0
     avg_score=-581.799988 | runtime=4.79s
  -> run QUBO_dim128_t1
     avg_score=-442.380005 | runtime=4.79s
  -> run QUBO_dim128_t2
     avg_score=-425.779999 | runtime=4.79s
  -> run QUBO_dim128_t3
     avg_score=-1189.819946 | runtime=4.79s
  -> run QUBO_dim128_t4
     avg_score=-926.000000 | runtime=4.79s
  -> run QUBO_dim128_t5
     avg_score=-909.799988 | runtime=4.79s
  -> run QUBO_dim256_t0
     avg_score=-1594.300049 | runtime=4.95s
  -> run QUBO_dim256_t1
     avg_score=-1302.540039 | runtime=4.95s
     -> TOP 1
  -> run QUBO_dim256_t2
     avg_score=-1235.420044 | runtime=4.95s
     -> TOP 1
  -> run QUBO_dim256_t3
     avg_score=-3285.000000 | runtime=4.95s
  -> run QUBO_dim256_t4
     avg_score=-2591.620117 | runtime=4.95s
  -> run QUBO_dim256_t5
     avg_score=-2570.780029 | runtime=4.95s
  -> run NK_dim128_t1
     avg_score=0.709929 | runtime=4.77s
     -> TOP 1
  -> run NK_dim128_t2
     avg_score=0.737277 | runtime=4.78s
     -> TOP 1
  -> run NK_dim128_t4
     avg_score=0.758778 | runtime=4.80s
     -> TOP 1
  -> run NK_dim128_t8
     avg_score=0.733496 | runtime=5.24s
  -> run NK_dim256_t1
     avg_score=0.707698 | runtime=4.87s
     -> TOP 1
  -> run NK_dim256_t2
     avg_score=0.735921 | runtime=4.90s
     -> TOP 1
  -> run NK_dim256_t4
     avg_score=0.749376 | runtime=5.01s
     -> TOP 1
  -> run NK_dim256_t8
     avg_score=0.714202 | runtime=6.04s
  -> run NK_dim64_t1
     avg_score=0.711464 | runtime=4.75s
  -> run NK_dim64_t2
     avg_score=0.744139 | runtime=4.76s
  -> run NK_dim64_t4
     avg_score=0.749848 | runtime=4.77s
  -> run NK_dim64_t8
     avg_score=0.740133 | runtime=5.00s
[CONFIG] krbf__advnormalizedfitness__M2__L6__eps0p01__g0p01__ds0p01__dm0p3
  -> run QUBO_dim64_t0
     avg_score=-199.100006 | runtime=4.76s
  -> run QUBO_dim64_t1
     avg_score=-148.500000 | runtime=4.75s
  -> run QUBO_dim64_t2
     avg_score=-138.919998 | runtime=4.75s
  -> run QUBO_dim64_t3
     avg_score=-413.079987 | runtime=4.76s
  -> run QUBO_dim64_t4
     avg_score=-330.160004 | runtime=4.75s
  -> run QUBO_dim64_t5
     avg_score=-306.000000 | runtime=4.76s
  -> run QUBO_dim128_t0
     avg_score=-578.280029 | runtime=4.80s
  -> run QUBO_dim128_t1
     avg_score=-442.040009 | runtime=4.79s
  -> run QUBO_dim128_t2
     avg_score=-422.679993 | runtime=4.79s
  -> run QUBO_dim128_t3
     avg_score=-1175.040039 | runtime=4.80s
  -> run QUBO_dim128_t4
     avg_score=-925.739990 | runtime=4.79s
  -> run QUBO_dim128_t5
     avg_score=-901.299988 | runtime=4.80s
  -> run QUBO_dim256_t0
     avg_score=-1589.239990 | runtime=4.96s
  -> run QUBO_dim256_t1
     avg_score=-1269.760010 | runtime=4.96s
  -> run QUBO_dim256_t2
     avg_score=-1205.060059 | runtime=4.95s
  -> run QUBO_dim256_t3
     avg_score=-3211.239990 | runtime=4.96s
  -> run QUBO_dim256_t4
     avg_score=-2572.320068 | runtime=4.96s
  -> run QUBO_dim256_t5
     avg_score=-2502.280029 | runtime=4.96s
  -> run NK_dim128_t1
     avg_score=0.710462 | runtime=4.77s
     -> TOP 1
  -> run NK_dim128_t2
     avg_score=0.737473 | runtime=4.79s
     -> TOP 1
  -> run NK_dim128_t4
     avg_score=0.755663 | runtime=4.81s
     -> TOP 1
  -> run NK_dim128_t8
     avg_score=0.716676 | runtime=5.24s
  -> run NK_dim256_t1
     avg_score=0.707100 | runtime=4.87s
     -> TOP 1
  -> run NK_dim256_t2
     avg_score=0.733410 | runtime=4.92s
     -> TOP 1
  -> run NK_dim256_t4
     avg_score=0.739658 | runtime=5.02s
     -> TOP 1
  -> run NK_dim256_t8
     avg_score=0.656535 | runtime=6.05s
  -> run NK_dim64_t1
     avg_score=0.711620 | runtime=4.75s
  -> run NK_dim64_t2
     avg_score=0.744179 | runtime=4.76s
  -> run NK_dim64_t4
     avg_score=0.753575 | runtime=4.77s
  -> run NK_dim64_t8
     avg_score=0.739388 | runtime=4.99s
[CONFIG] krbf__advnormalizedfitness__M2__L6__eps0p01__g0p01__ds0p3__dm0p01
  -> run QUBO_dim64_t0
     avg_score=-200.059998 | runtime=4.75s
  -> run QUBO_dim64_t1
     avg_score=-148.639999 | runtime=4.75s
  -> run QUBO_dim64_t2
     avg_score=-137.259995 | runtime=4.75s
  -> run QUBO_dim64_t3
     avg_score=-413.279999 | runtime=4.76s
  -> run QUBO_dim64_t4
     avg_score=-326.700012 | runtime=4.75s
  -> run QUBO_dim64_t5
     avg_score=-308.320007 | runtime=4.76s
  -> run QUBO_dim128_t0
     avg_score=-576.400024 | runtime=4.79s
  -> run QUBO_dim128_t1
     avg_score=-439.679993 | runtime=4.79s
  -> run QUBO_dim128_t2
     avg_score=-427.959991 | runtime=4.79s
  -> run QUBO_dim128_t3
     avg_score=-1189.260010 | runtime=4.80s
  -> run QUBO_dim128_t4
     avg_score=-929.559998 | runtime=4.79s
  -> run QUBO_dim128_t5
     avg_score=-900.979980 | runtime=4.79s
  -> run QUBO_dim256_t0
     avg_score=-1610.819946 | runtime=4.95s
     -> TOP 1
  -> run QUBO_dim256_t1
     avg_score=-1292.439941 | runtime=4.96s
  -> run QUBO_dim256_t2
     avg_score=-1212.040039 | runtime=4.92s
  -> run QUBO_dim256_t3
     avg_score=-3257.020020 | runtime=4.95s
  -> run QUBO_dim256_t4
     avg_score=-2582.419922 | runtime=4.96s
  -> run QUBO_dim256_t5
     avg_score=-2545.280029 | runtime=4.96s
  -> run NK_dim128_t1
     avg_score=0.710548 | runtime=4.77s
     -> TOP 1
  -> run NK_dim128_t2
     avg_score=0.737862 | runtime=4.78s
     -> TOP 1
  -> run NK_dim128_t4
     avg_score=0.756949 | runtime=4.80s
     -> TOP 1
  -> run NK_dim128_t8
     avg_score=0.730673 | runtime=5.24s
  -> run NK_dim256_t1
     avg_score=0.707439 | runtime=4.87s
     -> TOP 1
  -> run NK_dim256_t2
     avg_score=0.734672 | runtime=4.91s
     -> TOP 1
  -> run NK_dim256_t4
     avg_score=0.747965 | runtime=5.02s
     -> TOP 1
  -> run NK_dim256_t8
     avg_score=0.701456 | runtime=6.04s
  -> run NK_dim64_t1
     avg_score=0.711520 | runtime=4.75s
  -> run NK_dim64_t2
     avg_score=0.743887 | runtime=4.76s
  -> run NK_dim64_t4
     avg_score=0.752604 | runtime=4.77s
  -> run NK_dim64_t8
     avg_score=0.739510 | runtime=4.99s
[CONFIG] krbf__advnormalizedfitness__M2__L6__eps0p01__g0p01__ds0p3__dm0p3
  -> run QUBO_dim64_t0
     avg_score=-199.600006 | runtime=4.76s
  -> run QUBO_dim64_t1
     avg_score=-147.720001 | runtime=4.74s
  -> run QUBO_dim64_t2
     avg_score=-139.460007 | runtime=4.75s
  -> run QUBO_dim64_t3
     avg_score=-411.320007 | runtime=4.75s
  -> run QUBO_dim64_t4
     avg_score=-327.059998 | runtime=4.75s
  -> run QUBO_dim64_t5
     avg_score=-307.899994 | runtime=4.75s
  -> run QUBO_dim128_t0
     avg_score=-578.179993 | runtime=4.80s
  -> run QUBO_dim128_t1
     avg_score=-434.239990 | runtime=4.79s
  -> run QUBO_dim128_t2
     avg_score=-423.540009 | runtime=4.79s
  -> run QUBO_dim128_t3
     avg_score=-1169.839966 | runtime=4.80s
  -> run QUBO_dim128_t4
     avg_score=-928.580017 | runtime=4.79s
  -> run QUBO_dim128_t5
     avg_score=-905.179993 | runtime=4.80s
  -> run QUBO_dim256_t0
     avg_score=-1556.680054 | runtime=4.96s
  -> run QUBO_dim256_t1
     avg_score=-1264.459961 | runtime=4.96s
  -> run QUBO_dim256_t2
     avg_score=-1182.199951 | runtime=4.95s
  -> run QUBO_dim256_t3
     avg_score=-3138.719971 | runtime=4.96s
  -> run QUBO_dim256_t4
     avg_score=-2550.879883 | runtime=4.96s
  -> run QUBO_dim256_t5
     avg_score=-2451.840088 | runtime=4.96s
  -> run NK_dim128_t1
     avg_score=0.710136 | runtime=4.77s
     -> TOP 1
  -> run NK_dim128_t2
     avg_score=0.737005 | runtime=4.78s
     -> TOP 1
  -> run NK_dim128_t4
     avg_score=0.755482 | runtime=4.81s
     -> TOP 1
  -> run NK_dim128_t8
     avg_score=0.704816 | runtime=5.25s
  -> run NK_dim256_t1
     avg_score=0.706617 | runtime=4.88s
     -> TOP 1
  -> run NK_dim256_t2
     avg_score=0.732420 | runtime=4.92s
     -> TOP 1
  -> run NK_dim256_t4
     avg_score=0.735498 | runtime=5.02s
     -> TOP 1
  -> run NK_dim256_t8
     avg_score=0.634173 | runtime=6.05s
  -> run NK_dim64_t1
     avg_score=0.711493 | runtime=4.76s
  -> run NK_dim64_t2
     avg_score=0.744588 | runtime=4.76s
  -> run NK_dim64_t4
     avg_score=0.753677 | runtime=4.78s
  -> run NK_dim64_t8
     avg_score=0.735959 | runtime=5.00s
[CONFIG] krbf__advnormalizedfitness__M2__L6__eps0p01__g0p015__ds0p01__dm0p01
  -> run QUBO_dim64_t0
     avg_score=-201.240005 | runtime=4.76s
  -> run QUBO_dim64_t1
     avg_score=-149.380005 | runtime=4.75s
  -> run QUBO_dim64_t2
     avg_score=-137.699997 | runtime=4.75s
  -> run QUBO_dim64_t3
     avg_score=-416.220001 | runtime=4.76s
  -> run QUBO_dim64_t4
     avg_score=-329.420013 | runtime=4.76s
  -> run QUBO_dim64_t5
     avg_score=-308.079987 | runtime=4.76s
  -> run QUBO_dim128_t0
     avg_score=-580.979980 | runtime=4.80s
  -> run QUBO_dim128_t1
     avg_score=-440.100006 | runtime=4.79s
  -> run QUBO_dim128_t2
     avg_score=-426.100006 | runtime=4.79s
  -> run QUBO_dim128_t3
     avg_score=-1191.160034 | runtime=4.80s
  -> run QUBO_dim128_t4
     avg_score=-934.239990 | runtime=4.80s
  -> run QUBO_dim128_t5
     avg_score=-906.840027 | runtime=4.80s
  -> run QUBO_dim256_t0
     avg_score=-1607.719971 | runtime=4.96s
     -> TOP 1
  -> run QUBO_dim256_t1
     avg_score=-1289.180054 | runtime=4.96s
  -> run QUBO_dim256_t2
     avg_score=-1213.140015 | runtime=4.96s
  -> run QUBO_dim256_t3
     avg_score=-3262.280029 | runtime=4.96s
  -> run QUBO_dim256_t4
     avg_score=-2597.120117 | runtime=4.96s
  -> run QUBO_dim256_t5
     avg_score=-2510.360107 | runtime=4.95s
  -> run NK_dim128_t1
     avg_score=0.710690 | runtime=4.78s
     -> TOP 1
  -> run NK_dim128_t2
     avg_score=0.737382 | runtime=4.78s
     -> TOP 1
  -> run NK_dim128_t4
     avg_score=0.757821 | runtime=4.81s
     -> TOP 1
  -> run NK_dim128_t8
     avg_score=0.727678 | runtime=5.24s
  -> run NK_dim256_t1
     avg_score=0.707699 | runtime=4.87s
     -> TOP 1
  -> run NK_dim256_t2
     avg_score=0.736070 | runtime=4.91s
     -> TOP 1
  -> run NK_dim256_t4
     avg_score=0.747455 | runtime=5.02s
     -> TOP 1
  -> run NK_dim256_t8
     avg_score=0.693764 | runtime=6.05s
  -> run NK_dim64_t1
     avg_score=0.711786 | runtime=4.76s
  -> run NK_dim64_t2
     avg_score=0.744891 | runtime=4.76s
  -> run NK_dim64_t4
     avg_score=0.751653 | runtime=4.78s
  -> run NK_dim64_t8
     avg_score=0.740329 | runtime=5.00s
[CONFIG] krbf__advnormalizedfitness__M2__L6__eps0p01__g0p015__ds0p01__dm0p3
  -> run QUBO_dim64_t0
     avg_score=-199.020004 | runtime=4.76s
  -> run QUBO_dim64_t1
     avg_score=-147.220001 | runtime=4.75s
  -> run QUBO_dim64_t2
     avg_score=-139.360001 | runtime=4.75s
  -> run QUBO_dim64_t3
     avg_score=-410.779999 | runtime=4.76s
  -> run QUBO_dim64_t4
     avg_score=-333.200012 | runtime=4.75s
  -> run QUBO_dim64_t5
     avg_score=-309.100006 | runtime=4.75s
  -> run QUBO_dim128_t0
     avg_score=-568.039978 | runtime=4.80s
  -> run QUBO_dim128_t1
     avg_score=-438.140015 | runtime=4.80s
  -> run QUBO_dim128_t2
     avg_score=-423.500000 | runtime=4.80s
  -> run QUBO_dim128_t3
     avg_score=-1162.140015 | runtime=4.81s
  -> run QUBO_dim128_t4
     avg_score=-927.200012 | runtime=4.80s
  -> run QUBO_dim128_t5
     avg_score=-890.080017 | runtime=4.80s
  -> run QUBO_dim256_t0
     avg_score=-1466.900024 | runtime=4.96s
  -> run QUBO_dim256_t1
     avg_score=-1234.800049 | runtime=4.96s
  -> run QUBO_dim256_t2
     avg_score=-1129.020020 | runtime=4.95s
  -> run QUBO_dim256_t3
     avg_score=-2982.320068 | runtime=4.96s
  -> run QUBO_dim256_t4
     avg_score=-2476.100098 | runtime=4.96s
  -> run QUBO_dim256_t5
     avg_score=-2312.179932 | runtime=4.96s
  -> run NK_dim128_t1
     avg_score=0.710500 | runtime=4.78s
     -> TOP 1
  -> run NK_dim128_t2
     avg_score=0.735827 | runtime=4.79s
     -> TOP 1
  -> run NK_dim128_t4
     avg_score=0.750525 | runtime=4.81s
     -> TOP 1
  -> run NK_dim128_t8
     avg_score=0.651324 | runtime=5.25s
  -> run NK_dim256_t1
     avg_score=0.705044 | runtime=4.87s
     -> TOP 1
  -> run NK_dim256_t2
     avg_score=0.727372 | runtime=4.91s
     -> TOP 1
  -> run NK_dim256_t4
     avg_score=0.718253 | runtime=5.02s
  -> run NK_dim256_t8
     avg_score=0.595676 | runtime=6.05s
  -> run NK_dim64_t1
     avg_score=0.711644 | runtime=4.75s
  -> run NK_dim64_t2
     avg_score=0.744914 | runtime=4.77s
  -> run NK_dim64_t4
     avg_score=0.750755 | runtime=4.78s
  -> run NK_dim64_t8
     avg_score=0.724389 | runtime=5.00s
[CONFIG] krbf__advnormalizedfitness__M2__L6__eps0p01__g0p015__ds0p3__dm0p01
  -> run QUBO_dim64_t0
     avg_score=-200.440002 | runtime=4.76s
  -> run QUBO_dim64_t1
     avg_score=-148.000000 | runtime=4.75s
  -> run QUBO_dim64_t2
     avg_score=-138.419998 | runtime=4.76s
  -> run QUBO_dim64_t3
     avg_score=-417.519989 | runtime=4.76s
  -> run QUBO_dim64_t4
     avg_score=-330.459991 | runtime=4.76s
  -> run QUBO_dim64_t5
     avg_score=-309.160004 | runtime=4.76s
  -> run QUBO_dim128_t0
     avg_score=-578.700012 | runtime=4.80s
  -> run QUBO_dim128_t1
     avg_score=-437.040009 | runtime=4.79s
  -> run QUBO_dim128_t2
     avg_score=-424.579987 | runtime=4.80s
  -> run QUBO_dim128_t3
     avg_score=-1189.339966 | runtime=4.80s
  -> run QUBO_dim128_t4
     avg_score=-934.859985 | runtime=4.80s
  -> run QUBO_dim128_t5
     avg_score=-903.159973 | runtime=4.80s
  -> run QUBO_dim256_t0
     avg_score=-1569.359985 | runtime=4.96s
  -> run QUBO_dim256_t1
     avg_score=-1264.099976 | runtime=4.91s
  -> run QUBO_dim256_t2
     avg_score=-1195.199951 | runtime=4.96s
  -> run QUBO_dim256_t3
     avg_score=-3180.540039 | runtime=4.96s
  -> run QUBO_dim256_t4
     avg_score=-2552.320068 | runtime=4.96s
  -> run QUBO_dim256_t5
     avg_score=-2483.239990 | runtime=4.96s
  -> run NK_dim128_t1
     avg_score=0.711001 | runtime=4.78s
     -> TOP 1
  -> run NK_dim128_t2
     avg_score=0.738002 | runtime=4.78s
     -> TOP 1
  -> run NK_dim128_t4
     avg_score=0.757838 | runtime=4.81s
     -> TOP 1
  -> run NK_dim128_t8
     avg_score=0.716871 | runtime=5.25s
  -> run NK_dim256_t1
     avg_score=0.706999 | runtime=4.88s
     -> TOP 1
  -> run NK_dim256_t2
     avg_score=0.733911 | runtime=4.91s
     -> TOP 1
  -> run NK_dim256_t4
     avg_score=0.741252 | runtime=5.02s
     -> TOP 1
  -> run NK_dim256_t8
     avg_score=0.659373 | runtime=6.04s
  -> run NK_dim64_t1
     avg_score=0.711717 | runtime=4.76s
  -> run NK_dim64_t2
     avg_score=0.744067 | runtime=4.76s
  -> run NK_dim64_t4
     avg_score=0.752997 | runtime=4.78s
  -> run NK_dim64_t8
     avg_score=0.736773 | runtime=5.00s
[CONFIG] krbf__advnormalizedfitness__M2__L6__eps0p01__g0p015__ds0p3__dm0p3
  -> run QUBO_dim64_t0
     avg_score=-201.660004 | runtime=4.76s
  -> run QUBO_dim64_t1
     avg_score=-148.479996 | runtime=4.75s
  -> run QUBO_dim64_t2
     avg_score=-138.419998 | runtime=4.75s
  -> run QUBO_dim64_t3
     avg_score=-410.299988 | runtime=4.76s
  -> run QUBO_dim64_t4
     avg_score=-326.579987 | runtime=4.75s
  -> run QUBO_dim64_t5
     avg_score=-310.200012 | runtime=4.76s
  -> run QUBO_dim128_t0
     avg_score=-555.559998 | runtime=4.80s
  -> run QUBO_dim128_t1
     avg_score=-432.619995 | runtime=4.80s
  -> run QUBO_dim128_t2
     avg_score=-419.040009 | runtime=4.80s
  -> run QUBO_dim128_t3
     avg_score=-1157.199951 | runtime=4.81s
  -> run QUBO_dim128_t4
     avg_score=-918.179993 | runtime=4.80s
  -> run QUBO_dim128_t5
     avg_score=-876.780029 | runtime=4.80s
  -> run QUBO_dim256_t0
     avg_score=-1405.459961 | runtime=4.96s
  -> run QUBO_dim256_t1
     avg_score=-1180.099976 | runtime=4.96s
  -> run QUBO_dim256_t2
     avg_score=-1080.939941 | runtime=4.95s
  -> run QUBO_dim256_t3
     avg_score=-2810.399902 | runtime=4.96s
  -> run QUBO_dim256_t4
     avg_score=-2391.060059 | runtime=4.96s
  -> run QUBO_dim256_t5
     avg_score=-2205.580078 | runtime=4.96s
  -> run NK_dim128_t1
     avg_score=0.710204 | runtime=4.78s
     -> TOP 1
  -> run NK_dim128_t2
     avg_score=0.735562 | runtime=4.79s
     -> TOP 1
  -> run NK_dim128_t4
     avg_score=0.744336 | runtime=4.81s
  -> run NK_dim128_t8
     avg_score=0.635349 | runtime=5.25s
  -> run NK_dim256_t1
     avg_score=0.702910 | runtime=4.87s
     -> TOP 1
  -> run NK_dim256_t2
     avg_score=0.721972 | runtime=4.91s
  -> run NK_dim256_t4
     avg_score=0.704106 | runtime=5.02s
  -> run NK_dim256_t8
     avg_score=0.583121 | runtime=6.05s
  -> run NK_dim64_t1
     avg_score=0.711717 | runtime=4.76s
  -> run NK_dim64_t2
     avg_score=0.744768 | runtime=4.76s
  -> run NK_dim64_t4
     avg_score=0.753497 | runtime=4.78s
  -> run NK_dim64_t8
     avg_score=0.713462 | runtime=5.00s
[CONFIG] krbf__advnormalizedfitness__M2__L6__eps0p02__g0p006__ds0p01__dm0p01
  -> run QUBO_dim64_t0
     avg_score=-195.820007 | runtime=4.74s
  -> run QUBO_dim64_t1
     avg_score=-144.539993 | runtime=4.73s
  -> run QUBO_dim64_t2
     avg_score=-137.639999 | runtime=4.74s
  -> run QUBO_dim64_t3
     avg_score=-405.459991 | runtime=4.73s
  -> run QUBO_dim64_t4
     avg_score=-323.040009 | runtime=4.74s
  -> run QUBO_dim64_t5
     avg_score=-304.140015 | runtime=4.74s
  -> run QUBO_dim128_t0
     avg_score=-569.440002 | runtime=4.77s
  -> run QUBO_dim128_t1
     avg_score=-432.140015 | runtime=4.77s
  -> run QUBO_dim128_t2
     avg_score=-418.739990 | runtime=4.77s
  -> run QUBO_dim128_t3
     avg_score=-1170.040039 | runtime=4.77s
  -> run QUBO_dim128_t4
     avg_score=-917.700012 | runtime=4.77s
  -> run QUBO_dim128_t5
     avg_score=-892.260010 | runtime=4.76s
  -> run QUBO_dim256_t0
     avg_score=-1604.739990 | runtime=4.93s
  -> run QUBO_dim256_t1
     avg_score=-1275.079956 | runtime=4.93s
  -> run QUBO_dim256_t2
     avg_score=-1229.979980 | runtime=4.92s
  -> run QUBO_dim256_t3
     avg_score=-3235.679932 | runtime=4.93s
  -> run QUBO_dim256_t4
     avg_score=-2588.439941 | runtime=4.93s
  -> run QUBO_dim256_t5
     avg_score=-2529.879883 | runtime=4.91s
  -> run NK_dim128_t1
     avg_score=0.708205 | runtime=4.75s
     -> TOP 1
  -> run NK_dim128_t2
     avg_score=0.731669 | runtime=4.76s
     -> TOP 1
  -> run NK_dim128_t4
     avg_score=0.750467 | runtime=4.78s
     -> TOP 1
  -> run NK_dim128_t8
     avg_score=0.728705 | runtime=5.21s
  -> run NK_dim256_t1
     avg_score=0.705000 | runtime=4.85s
     -> TOP 1
  -> run NK_dim256_t2
     avg_score=0.731125 | runtime=4.88s
     -> TOP 1
  -> run NK_dim256_t4
     avg_score=0.743143 | runtime=4.99s
     -> TOP 1
  -> run NK_dim256_t8
     avg_score=0.722949 | runtime=6.00s
     -> TOP 1
  -> run NK_dim64_t1
     avg_score=0.710031 | runtime=4.73s
  -> run NK_dim64_t2
     avg_score=0.739204 | runtime=4.74s
  -> run NK_dim64_t4
     avg_score=0.747386 | runtime=4.75s
  -> run NK_dim64_t8
     avg_score=0.732884 | runtime=4.96s
[CONFIG] krbf__advnormalizedfitness__M2__L6__eps0p02__g0p006__ds0p01__dm0p3
  -> run QUBO_dim64_t0
     avg_score=-197.300003 | runtime=4.73s
  -> run QUBO_dim64_t1
     avg_score=-146.679993 | runtime=4.73s
  -> run QUBO_dim64_t2
     avg_score=-136.940002 | runtime=4.73s
  -> run QUBO_dim64_t3
     avg_score=-402.420013 | runtime=4.73s
  -> run QUBO_dim64_t4
     avg_score=-323.540009 | runtime=4.72s
  -> run QUBO_dim64_t5
     avg_score=-303.160004 | runtime=4.73s
  -> run QUBO_dim128_t0
     avg_score=-567.080017 | runtime=4.76s
  -> run QUBO_dim128_t1
     avg_score=-432.940002 | runtime=4.76s
  -> run QUBO_dim128_t2
     avg_score=-420.679993 | runtime=4.76s
  -> run QUBO_dim128_t3
     avg_score=-1173.819946 | runtime=4.77s
  -> run QUBO_dim128_t4
     avg_score=-918.619995 | runtime=4.76s
  -> run QUBO_dim128_t5
     avg_score=-896.140015 | runtime=4.76s
  -> run QUBO_dim256_t0
     avg_score=-1590.319946 | runtime=4.92s
  -> run QUBO_dim256_t1
     avg_score=-1283.359985 | runtime=4.93s
  -> run QUBO_dim256_t2
     avg_score=-1224.900024 | runtime=4.92s
  -> run QUBO_dim256_t3
     avg_score=-3268.060059 | runtime=4.93s
  -> run QUBO_dim256_t4
     avg_score=-2573.639893 | runtime=4.92s
  -> run QUBO_dim256_t5
     avg_score=-2569.639893 | runtime=4.93s
  -> run NK_dim128_t1
     avg_score=0.708238 | runtime=4.74s
     -> TOP 1
  -> run NK_dim128_t2
     avg_score=0.732822 | runtime=4.76s
     -> TOP 1
  -> run NK_dim128_t4
     avg_score=0.748385 | runtime=4.78s
     -> TOP 1
  -> run NK_dim128_t8
     avg_score=0.730172 | runtime=5.21s
  -> run NK_dim256_t1
     avg_score=0.705289 | runtime=4.85s
     -> TOP 1
  -> run NK_dim256_t2
     avg_score=0.731947 | runtime=4.89s
     -> TOP 1
  -> run NK_dim256_t4
     avg_score=0.743768 | runtime=4.99s
     -> TOP 1
  -> run NK_dim256_t8
     avg_score=0.721900 | runtime=6.02s
     -> TOP 1
  -> run NK_dim64_t1
     avg_score=0.710256 | runtime=4.73s
  -> run NK_dim64_t2
     avg_score=0.740232 | runtime=4.74s
  -> run NK_dim64_t4
     avg_score=0.745576 | runtime=4.75s
  -> run NK_dim64_t8
     avg_score=0.733013 | runtime=4.97s
[CONFIG] krbf__advnormalizedfitness__M2__L6__eps0p02__g0p006__ds0p3__dm0p01
  -> run QUBO_dim64_t0
     avg_score=-195.979996 | runtime=4.73s
  -> run QUBO_dim64_t1
     avg_score=-144.619995 | runtime=4.73s
  -> run QUBO_dim64_t2
     avg_score=-135.520004 | runtime=4.73s
  -> run QUBO_dim64_t3
     avg_score=-412.940002 | runtime=4.73s
  -> run QUBO_dim64_t4
     avg_score=-322.899994 | runtime=4.73s
  -> run QUBO_dim64_t5
     avg_score=-303.619995 | runtime=4.73s
  -> run QUBO_dim128_t0
     avg_score=-569.960022 | runtime=4.77s
  -> run QUBO_dim128_t1
     avg_score=-436.459991 | runtime=4.76s
  -> run QUBO_dim128_t2
     avg_score=-424.399994 | runtime=4.77s
  -> run QUBO_dim128_t3
     avg_score=-1170.219971 | runtime=4.77s
  -> run QUBO_dim128_t4
     avg_score=-914.419983 | runtime=4.77s
  -> run QUBO_dim128_t5
     avg_score=-886.700012 | runtime=4.76s
  -> run QUBO_dim256_t0
     avg_score=-1596.239990 | runtime=4.93s
  -> run QUBO_dim256_t1
     avg_score=-1285.739990 | runtime=4.93s
  -> run QUBO_dim256_t2
     avg_score=-1222.800049 | runtime=4.93s
  -> run QUBO_dim256_t3
     avg_score=-3261.860107 | runtime=4.93s
  -> run QUBO_dim256_t4
     avg_score=-2570.419922 | runtime=4.93s
  -> run QUBO_dim256_t5
     avg_score=-2551.760010 | runtime=4.92s
  -> run NK_dim128_t1
     avg_score=0.708501 | runtime=4.74s
     -> TOP 1
  -> run NK_dim128_t2
     avg_score=0.732633 | runtime=4.75s
     -> TOP 1
  -> run NK_dim128_t4
     avg_score=0.752468 | runtime=4.78s
     -> TOP 1
  -> run NK_dim128_t8
     avg_score=0.728928 | runtime=5.21s
  -> run NK_dim256_t1
     avg_score=0.704942 | runtime=4.84s
     -> TOP 1
  -> run NK_dim256_t2
     avg_score=0.732255 | runtime=4.88s
     -> TOP 1
  -> run NK_dim256_t4
     avg_score=0.742525 | runtime=4.99s
     -> TOP 1
  -> run NK_dim256_t8
     avg_score=0.723922 | runtime=6.01s
     -> TOP 1
  -> run NK_dim64_t1
     avg_score=0.709842 | runtime=4.73s
  -> run NK_dim64_t2
     avg_score=0.739622 | runtime=4.73s
  -> run NK_dim64_t4
     avg_score=0.744736 | runtime=4.75s
  -> run NK_dim64_t8
     avg_score=0.735976 | runtime=4.96s
[CONFIG] krbf__advnormalizedfitness__M2__L6__eps0p02__g0p006__ds0p3__dm0p3
  -> run QUBO_dim64_t0
     avg_score=-195.279999 | runtime=4.73s
  -> run QUBO_dim64_t1
     avg_score=-146.839996 | runtime=4.72s
  -> run QUBO_dim64_t2
     avg_score=-137.839996 | runtime=4.73s
  -> run QUBO_dim64_t3
     avg_score=-406.660004 | runtime=4.73s
  -> run QUBO_dim64_t4
     avg_score=-325.940002 | runtime=4.73s
  -> run QUBO_dim64_t5
srun: Job step aborted: Waiting up to 32 seconds for job step to finish.
srun: got SIGCONT
[2026-02-16T14:18:31.904] error: *** JOB 9709274 ON gnode5 CANCELLED AT 2026-02-16T14:18:31 DUE to SIGNAL Terminated ***
