Job démarré sur gnode5 à Tue Mar 10 09:33:12 CET 2026
Run main_expe
Job name: expe_6
[GRID 1] M_values=[6]
[CONFIG] kfr__advglobalrankweighted__M6__L10__eps0p05__g0p005__ds0p01__dm0p01
  -> run QUBO_dim64_t0
     avg_score=-204.500000 | runtime=9.53s
  -> run QUBO_dim64_t1
     avg_score=-149.220001 | runtime=8.92s
  -> run QUBO_dim64_t2
     avg_score=-140.660004 | runtime=9.03s
  -> run QUBO_dim64_t3
     avg_score=-422.000000 | runtime=8.90s
  -> run QUBO_dim64_t4
     avg_score=-334.600006 | runtime=8.91s
  -> run QUBO_dim64_t5
     avg_score=-313.359985 | runtime=8.95s
  -> run QUBO_dim128_t0
     avg_score=-591.280029 | runtime=9.29s
     -> TOP 1
  -> run QUBO_dim128_t1
     avg_score=-447.260010 | runtime=9.15s
  -> run QUBO_dim128_t2
     avg_score=-435.220001 | runtime=9.13s
  -> run QUBO_dim128_t3
     avg_score=-1220.180054 | runtime=9.18s
     -> TOP 1
  -> run QUBO_dim128_t4
     avg_score=-948.520020 | runtime=9.21s
  -> run QUBO_dim128_t5
     avg_score=-928.320007 | runtime=9.27s
  -> run QUBO_dim256_t0
     avg_score=-1665.119995 | runtime=11.16s
     -> TOP 1
  -> run QUBO_dim256_t1
     avg_score=-1331.699951 | runtime=11.06s
     -> TOP 1
  -> run QUBO_dim256_t2
     avg_score=-1266.199951 | runtime=11.02s
     -> TOP 1
  -> run QUBO_dim256_t3
     avg_score=-3395.840088 | runtime=11.07s
     -> TOP 1
  -> run QUBO_dim256_t4
     avg_score=-2701.459961 | runtime=11.09s
     -> TOP 1
  -> run QUBO_dim256_t5
     avg_score=-2654.419922 | runtime=11.05s
     -> TOP 1
  -> run NK_dim128_t1
     avg_score=0.711225 | runtime=9.52s
     -> TOP 1
  -> run NK_dim128_t2
     avg_score=0.739435 | runtime=9.32s
     -> TOP 1
  -> run NK_dim128_t4
     avg_score=0.763337 | runtime=9.72s
     -> TOP 1
  -> run NK_dim128_t8
     avg_score=0.739942 | runtime=10.96s
  -> run NK_dim256_t1
     avg_score=0.708856 | runtime=11.18s
     -> TOP 1
  -> run NK_dim256_t2
     avg_score=0.738818 | runtime=11.12s
     -> TOP 1
  -> run NK_dim256_t4
     avg_score=0.755681 | runtime=11.48s
     -> TOP 1
  -> run NK_dim256_t8
     avg_score=0.730669 | runtime=14.50s
     -> TOP 1
  -> run NK_dim64_t1
     avg_score=0.711886 | runtime=9.17s
  -> run NK_dim64_t2
     avg_score=0.746231 | runtime=8.87s
     -> TOP 1
  -> run NK_dim64_t4
     avg_score=0.757663 | runtime=8.98s
  -> run NK_dim64_t8
     avg_score=0.751705 | runtime=9.50s

  *** SUMMARY FOR CONFIG: kfr__advglobalrankweighted__M6__L10__eps0p05__g0p005__ds0p01__dm0p01 ***
  NOMBRE DE TOP 1 : 0 (NK: 0, QUBO: 0)
  NOMBRE DE TOP 3 : 0
  NOMBRE DE TOP 5 : 0
  NOMBRE DE TOP 10 : 0
  Instances: 0/0

[CONFIG] kfr__advglobalrankweighted__M6__L10__eps0p05__g0p006__ds0p01__dm0p01
  -> run QUBO_dim64_t0
     avg_score=-203.320007 | runtime=8.95s
  -> run QUBO_dim64_t1
     avg_score=-149.479996 | runtime=8.93s
  -> run QUBO_dim64_t2
     avg_score=-140.559998 | runtime=8.92s
  -> run QUBO_dim64_t3
     avg_score=-417.739990 | runtime=9.06s
  -> run QUBO_dim64_t4
     avg_score=-335.720001 | runtime=8.92s
  -> run QUBO_dim64_t5
     avg_score=-312.880005 | runtime=8.92s
  -> run QUBO_dim128_t0
     avg_score=-591.500000 | runtime=9.14s
     -> TOP 1
  -> run QUBO_dim128_t1
     avg_score=-448.059998 | runtime=9.13s
  -> run QUBO_dim128_t2
     avg_score=-434.399994 | runtime=9.14s
  -> run QUBO_dim128_t3
     avg_score=-1220.479980 | runtime=9.29s
     -> TOP 1
  -> run QUBO_dim128_t4
     avg_score=-950.380005 | runtime=9.16s
  -> run QUBO_dim128_t5
     avg_score=-932.140015 | runtime=9.20s
     -> TOP 1
  -> run QUBO_dim256_t0
     avg_score=-1671.719971 | runtime=11.11s
     -> TOP 1
  -> run QUBO_dim256_t1
     avg_score=-1329.339966 | runtime=11.06s
     -> TOP 1
  -> run QUBO_dim256_t2
     avg_score=-1279.599976 | runtime=11.03s
     -> TOP 1
  -> run QUBO_dim256_t3
     avg_score=-3396.739990 | runtime=11.07s
     -> TOP 1
  -> run QUBO_dim256_t4
     avg_score=-2705.000000 | runtime=11.05s
     -> TOP 1
  -> run QUBO_dim256_t5
     avg_score=-2655.139893 | runtime=11.03s
     -> TOP 1
  -> run NK_dim128_t1
     avg_score=0.711551 | runtime=9.26s
     -> TOP 1
  -> run NK_dim128_t2
     avg_score=0.739790 | runtime=9.32s
     -> TOP 1
  -> run NK_dim128_t4
     avg_score=0.765894 | runtime=9.56s
     -> TOP 1
  -> run NK_dim128_t8
     avg_score=0.742852 | runtime=10.97s
  -> run NK_dim256_t1
     avg_score=0.708872 | runtime=11.06s
     -> TOP 1
  -> run NK_dim256_t2
     avg_score=0.739455 | runtime=11.11s
     -> TOP 1
  -> run NK_dim256_t4
     avg_score=0.757506 | runtime=11.51s
     -> TOP 1
  -> run NK_dim256_t8
     avg_score=0.732002 | runtime=14.44s
     -> TOP 1
  -> run NK_dim64_t1
     avg_score=0.712086 | runtime=8.85s
     -> TOP 1
  -> run NK_dim64_t2
     avg_score=0.746239 | runtime=8.87s
     -> TOP 1
  -> run NK_dim64_t4
     avg_score=0.757851 | runtime=8.94s
  -> run NK_dim64_t8
     avg_score=0.753083 | runtime=9.50s

  *** SUMMARY FOR CONFIG: kfr__advglobalrankweighted__M6__L10__eps0p05__g0p006__ds0p01__dm0p01 ***
  NOMBRE DE TOP 1 : 0 (NK: 0, QUBO: 0)
  NOMBRE DE TOP 3 : 0
  NOMBRE DE TOP 5 : 0
  NOMBRE DE TOP 10 : 0
  Instances: 0/0

[CONFIG] kfr__advglobalrankweighted__M6__L10__eps0p05__g0p007__ds0p01__dm0p01
  -> run QUBO_dim64_t0
     avg_score=-204.539993 | runtime=8.99s
  -> run QUBO_dim64_t1
     avg_score=-151.380005 | runtime=8.91s
  -> run QUBO_dim64_t2
     avg_score=-140.899994 | runtime=8.92s
  -> run QUBO_dim64_t3
     avg_score=-421.720001 | runtime=8.97s
  -> run QUBO_dim64_t4
     avg_score=-332.700012 | runtime=8.93s
  -> run QUBO_dim64_t5
     avg_score=-314.239990 | runtime=8.94s
  -> run QUBO_dim128_t0
     avg_score=-595.539978 | runtime=9.13s
     -> TOP 1
  -> run QUBO_dim128_t1
     avg_score=-445.600006 | runtime=9.13s
  -> run QUBO_dim128_t2
     avg_score=-436.559998 | runtime=9.13s
     -> TOP 1
  -> run QUBO_dim128_t3
     avg_score=-1213.640015 | runtime=9.20s
  -> run QUBO_dim128_t4
     avg_score=-955.419983 | runtime=9.13s
  -> run QUBO_dim128_t5
     avg_score=-932.520020 | runtime=9.17s
     -> TOP 1
  -> run QUBO_dim256_t0
     avg_score=-1666.780029 | runtime=11.05s
     -> TOP 1
  -> run QUBO_dim256_t1
     avg_score=-1332.319946 | runtime=11.03s
     -> TOP 1
  -> run QUBO_dim256_t2
     avg_score=-1276.619995 | runtime=11.03s
     -> TOP 1
  -> run QUBO_dim256_t3
     avg_score=-3397.959961 | runtime=11.02s
     -> TOP 1
  -> run QUBO_dim256_t4
     avg_score=-2707.699951 | runtime=11.14s
     -> TOP 1
  -> run QUBO_dim256_t5
     avg_score=-2660.040039 | runtime=11.02s
     -> TOP 1
  -> run NK_dim128_t1
     avg_score=0.711493 | runtime=9.25s
     -> TOP 1
  -> run NK_dim128_t2
     avg_score=0.739912 | runtime=9.32s
     -> TOP 1
  -> run NK_dim128_t4
     avg_score=0.765096 | runtime=9.61s
     -> TOP 1
  -> run NK_dim128_t8
     avg_score=0.743284 | runtime=10.97s
     -> TOP 1
  -> run NK_dim256_t1
     avg_score=0.708931 | runtime=11.04s
     -> TOP 1
  -> run NK_dim256_t2
     avg_score=0.739595 | runtime=11.12s
     -> TOP 1
  -> run NK_dim256_t4
     avg_score=0.757315 | runtime=11.49s
     -> TOP 1
  -> run NK_dim256_t8
     avg_score=0.732552 | runtime=14.43s
     -> TOP 1
  -> run NK_dim64_t1
     avg_score=0.712183 | runtime=8.86s
     -> TOP 1
  -> run NK_dim64_t2
     avg_score=0.745976 | runtime=8.88s
     -> TOP 1
  -> run NK_dim64_t4
     avg_score=0.758905 | runtime=8.90s
  -> run NK_dim64_t8
     avg_score=0.752352 | runtime=9.44s

  *** SUMMARY FOR CONFIG: kfr__advglobalrankweighted__M6__L10__eps0p05__g0p007__ds0p01__dm0p01 ***
  NOMBRE DE TOP 1 : 0 (NK: 0, QUBO: 0)
  NOMBRE DE TOP 3 : 0
  NOMBRE DE TOP 5 : 0
  NOMBRE DE TOP 10 : 0
  Instances: 0/0

[CONFIG] kfr__advglobalrankweighted__M6__L10__eps0p05__g0p008__ds0p01__dm0p01
  -> run QUBO_dim64_t0
     avg_score=-204.179993 | runtime=8.91s
  -> run QUBO_dim64_t1
     avg_score=-150.699997 | runtime=8.92s
  -> run QUBO_dim64_t2
     avg_score=-141.399994 | runtime=8.92s
  -> run QUBO_dim64_t3
     avg_score=-419.940002 | runtime=8.91s
  -> run QUBO_dim64_t4
     avg_score=-334.540009 | runtime=8.91s
  -> run QUBO_dim64_t5
     avg_score=-314.820007 | runtime=8.92s
  -> run QUBO_dim128_t0
     avg_score=-594.159973 | runtime=9.13s
     -> TOP 1
  -> run QUBO_dim128_t1
     avg_score=-447.160004 | runtime=9.13s
  -> run QUBO_dim128_t2
     avg_score=-437.420013 | runtime=9.13s
     -> TOP 1
  -> run QUBO_dim128_t3
     avg_score=-1217.359985 | runtime=9.18s
     -> TOP 1
  -> run QUBO_dim128_t4
     avg_score=-958.059998 | runtime=9.13s
  -> run QUBO_dim128_t5
     avg_score=-931.340027 | runtime=9.13s
     -> TOP 1
  -> run QUBO_dim256_t0
     avg_score=-1679.040039 | runtime=11.04s
     -> TOP 1
  -> run QUBO_dim256_t1
     avg_score=-1334.280029 | runtime=11.03s
     -> TOP 1
  -> run QUBO_dim256_t2
     avg_score=-1272.579956 | runtime=11.06s
     -> TOP 1
  -> run QUBO_dim256_t3
     avg_score=-3377.939941 | runtime=11.07s
     -> TOP 1
  -> run QUBO_dim256_t4
     avg_score=-2693.320068 | runtime=11.07s
     -> TOP 1
  -> run QUBO_dim256_t5
     avg_score=-2658.399902 | runtime=11.03s
     -> TOP 1
  -> run NK_dim128_t1
     avg_score=0.711409 | runtime=9.25s
     -> TOP 1
  -> run NK_dim128_t2
     avg_score=0.739876 | runtime=9.35s
     -> TOP 1
  -> run NK_dim128_t4
     avg_score=0.763270 | runtime=9.54s
     -> TOP 1
  -> run NK_dim128_t8
     avg_score=0.745407 | runtime=10.97s
     -> TOP 1
  -> run NK_dim256_t1
     avg_score=0.708954 | runtime=11.05s
     -> TOP 1
  -> run NK_dim256_t2
     avg_score=0.739527 | runtime=11.11s
     -> TOP 1
  -> run NK_dim256_t4
     avg_score=0.758535 | runtime=11.55s
     -> TOP 1
  -> run NK_dim256_t8
     avg_score=0.733824 | runtime=14.43s
     -> TOP 1
  -> run NK_dim64_t1
     avg_score=0.712081 | runtime=8.85s
     -> TOP 1
  -> run NK_dim64_t2
     avg_score=0.746503 | runtime=8.87s
     -> TOP 1
  -> run NK_dim64_t4
     avg_score=0.758289 | runtime=8.93s
  -> run NK_dim64_t8
     avg_score=0.751867 | runtime=9.42s

  *** SUMMARY FOR CONFIG: kfr__advglobalrankweighted__M6__L10__eps0p05__g0p008__ds0p01__dm0p01 ***
  NOMBRE DE TOP 1 : 0 (NK: 0, QUBO: 0)
  NOMBRE DE TOP 3 : 0
  NOMBRE DE TOP 5 : 0
  NOMBRE DE TOP 10 : 0
  Instances: 0/0

[CONFIG] kfr__advglobalrankweighted__M6__L10__eps0p07__g0p005__ds0p01__dm0p01
  -> run QUBO_dim64_t0
     avg_score=-202.960007 | runtime=9.11s
  -> run QUBO_dim64_t1
     avg_score=-150.380005 | runtime=8.96s
  -> run QUBO_dim64_t2
     avg_score=-140.039993 | runtime=8.97s
  -> run QUBO_dim64_t3
     avg_score=-419.420013 | runtime=9.04s
  -> run QUBO_dim64_t4
     avg_score=-333.339996 | runtime=8.95s
  -> run QUBO_dim64_t5
     avg_score=-313.500000 | runtime=9.01s
  -> run QUBO_dim128_t0
     avg_score=-589.719971 | runtime=9.21s
     -> TOP 1
  -> run QUBO_dim128_t1
     avg_score=-446.760010 | runtime=9.18s
  -> run QUBO_dim128_t2
     avg_score=-434.079987 | runtime=9.22s
  -> run QUBO_dim128_t3
     avg_score=-1209.219971 | runtime=9.26s
  -> run QUBO_dim128_t4
     avg_score=-942.440002 | runtime=9.22s
  -> run QUBO_dim128_t5
     avg_score=-926.719971 | runtime=9.26s
  -> run QUBO_dim256_t0
     avg_score=-1655.560059 | runtime=11.04s
     -> TOP 1
  -> run QUBO_dim256_t1
     avg_score=-1325.180054 | runtime=11.06s
     -> TOP 1
  -> run QUBO_dim256_t2
     avg_score=-1264.400024 | runtime=11.03s
     -> TOP 1
  -> run QUBO_dim256_t3
     avg_score=-3345.179932 | runtime=11.06s
     -> TOP 1
  -> run QUBO_dim256_t4
     avg_score=-2689.860107 | runtime=11.07s
     -> TOP 1
  -> run QUBO_dim256_t5
     avg_score=-2627.000000 | runtime=11.04s
     -> TOP 1
  -> run NK_dim128_t1
     avg_score=0.711096 | runtime=9.46s
     -> TOP 1
  -> run NK_dim128_t2
     avg_score=0.739261 | runtime=9.50s
     -> TOP 1
  -> run NK_dim128_t4
     avg_score=0.762669 | runtime=9.62s
     -> TOP 1
  -> run NK_dim128_t8
     avg_score=0.738001 | runtime=10.97s
  -> run NK_dim256_t1
     avg_score=0.708549 | runtime=11.06s
     -> TOP 1
  -> run NK_dim256_t2
     avg_score=0.737792 | runtime=11.13s
     -> TOP 1
  -> run NK_dim256_t4
     avg_score=0.753245 | runtime=11.49s
     -> TOP 1
  -> run NK_dim256_t8
     avg_score=0.727348 | runtime=14.44s
     -> TOP 1
  -> run NK_dim64_t1
     avg_score=0.711896 | runtime=8.87s
  -> run NK_dim64_t2
     avg_score=0.746057 | runtime=9.11s
     -> TOP 1
  -> run NK_dim64_t4
     avg_score=0.755507 | runtime=9.08s
  -> run NK_dim64_t8
     avg_score=0.748038 | runtime=9.44s

  *** SUMMARY FOR CONFIG: kfr__advglobalrankweighted__M6__L10__eps0p07__g0p005__ds0p01__dm0p01 ***
  NOMBRE DE TOP 1 : 0 (NK: 0, QUBO: 0)
  NOMBRE DE TOP 3 : 0
  NOMBRE DE TOP 5 : 0
  NOMBRE DE TOP 10 : 0
  Instances: 0/0

[CONFIG] kfr__advglobalrankweighted__M6__L10__eps0p07__g0p006__ds0p01__dm0p01
  -> run QUBO_dim64_t0
     avg_score=-202.320007 | runtime=9.05s
  -> run QUBO_dim64_t1
     avg_score=-149.919998 | runtime=8.92s
  -> run QUBO_dim64_t2
     avg_score=-140.199997 | runtime=8.94s
  -> run QUBO_dim64_t3
     avg_score=-417.640015 | runtime=9.20s
  -> run QUBO_dim64_t4
     avg_score=-334.079987 | runtime=8.94s
  -> run QUBO_dim64_t5
     avg_score=-313.700012 | runtime=8.92s
  -> run QUBO_dim128_t0
     avg_score=-587.299988 | runtime=9.32s
  -> run QUBO_dim128_t1
     avg_score=-445.619995 | runtime=9.15s
  -> run QUBO_dim128_t2
     avg_score=-434.700012 | runtime=9.14s
  -> run QUBO_dim128_t3
     avg_score=-1211.859985 | runtime=9.32s
  -> run QUBO_dim128_t4
     avg_score=-951.859985 | runtime=9.16s
  -> run QUBO_dim128_t5
     avg_score=-927.979980 | runtime=9.22s
  -> run QUBO_dim256_t0
     avg_score=-1661.540039 | runtime=11.07s
     -> TOP 1
  -> run QUBO_dim256_t1
     avg_score=-1330.760010 | runtime=11.08s
     -> TOP 1
  -> run QUBO_dim256_t2
     avg_score=-1274.219971 | runtime=11.03s
     -> TOP 1
  -> run QUBO_dim256_t3
     avg_score=-3369.120117 | runtime=11.09s
     -> TOP 1
  -> run QUBO_dim256_t4
     avg_score=-2687.459961 | runtime=11.12s
     -> TOP 1
  -> run QUBO_dim256_t5
     avg_score=-2647.899902 | runtime=11.03s
     -> TOP 1
  -> run NK_dim128_t1
     avg_score=0.711347 | runtime=9.27s
     -> TOP 1
  -> run NK_dim128_t2
     avg_score=0.739604 | runtime=9.43s
     -> TOP 1
  -> run NK_dim128_t4
     avg_score=0.762125 | runtime=9.60s
     -> TOP 1
  -> run NK_dim128_t8
